This file contains any messages produced by compilers while
running configure, to aid debugging if configure makes a mistake.

It was created by configure, which was
generated by GNU Autoconf 2.69.  Invocation command line was

  $ ./configure 

## --------- ##
## Platform. ##
## --------- ##

hostname = ubuntu-s-1vcpu-1gb-lon1-01
uname -m = x86_64
uname -r = 4.15.0-66-generic
uname -s = Linux
uname -v = #75-Ubuntu SMP Tue Oct 1 05:24:09 UTC 2019

/usr/bin/uname -p = unknown
/bin/uname -X     = unknown

/bin/arch              = unknown
/usr/bin/arch -k       = unknown
/usr/convex/getsysinfo = unknown
/usr/bin/hostinfo      = unknown
/bin/machine           = unknown
/usr/bin/oslevel       = unknown
/bin/universe          = unknown

PATH: /home/tiarnan/bin
PATH: /usr/local/sbin
PATH: /usr/local/bin
PATH: /usr/sbin
PATH: /usr/bin
PATH: /sbin
PATH: /bin
PATH: /usr/games
PATH: /usr/local/games
PATH: /snap/bin


## ----------- ##
## Core tests. ##
## ----------- ##

configure:3478: checking build system type
configure:3492: result: x86_64-pc-linux-gnu
configure:3512: checking host system type
configure:3525: result: x86_64-pc-linux-gnu
configure:3594: checking for gcc
configure:3610: found /usr/bin/gcc
configure:3621: result: gcc
configure:3850: checking for C compiler version
configure:3859: gcc --version >&5
gcc (Ubuntu 7.4.0-1ubuntu1~18.04.1) 7.4.0
Copyright (C) 2017 Free Software Foundation, Inc.
This is free software; see the source for copying conditions.  There is NO
warranty; not even for MERCHANTABILITY or FITNESS FOR A PARTICULAR PURPOSE.

configure:3870: $? = 0
configure:3859: gcc -v >&5
Using built-in specs.
COLLECT_GCC=gcc
COLLECT_LTO_WRAPPER=/usr/lib/gcc/x86_64-linux-gnu/7/lto-wrapper
OFFLOAD_TARGET_NAMES=nvptx-none
OFFLOAD_TARGET_DEFAULT=1
Target: x86_64-linux-gnu
Configured with: ../src/configure -v --with-pkgversion='Ubuntu 7.4.0-1ubuntu1~18.04.1' --with-bugurl=file:///usr/share/doc/gcc-7/README.Bugs --enable-languages=c,ada,c++,go,brig,d,fortran,objc,obj-c++ --prefix=/usr --with-gcc-major-version-only --program-suffix=-7 --program-prefix=x86_64-linux-gnu- --enable-shared --enable-linker-build-id --libexecdir=/usr/lib --without-included-gettext --enable-threads=posix --libdir=/usr/lib --enable-nls --with-sysroot=/ --enable-clocale=gnu --enable-libstdcxx-debug --enable-libstdcxx-time=yes --with-default-libstdcxx-abi=new --enable-gnu-unique-object --disable-vtable-verify --enable-libmpx --enable-plugin --enable-default-pie --with-system-zlib --with-target-system-zlib --enable-objc-gc=auto --enable-multiarch --disable-werror --with-arch-32=i686 --with-abi=m64 --with-multilib-list=m32,m64,mx32 --enable-multilib --with-tune=generic --enable-offload-targets=nvptx-none --without-cuda-driver --enable-checking=release --build=x86_64-linux-gnu --host=x86_64-linux-gnu --target=x86_64-linux-gnu
Thread model: posix
gcc version 7.4.0 (Ubuntu 7.4.0-1ubuntu1~18.04.1) 
configure:3870: $? = 0
configure:3859: gcc -V >&5
gcc: error: unrecognized command line option '-V'
gcc: fatal error: no input files
compilation terminated.
configure:3870: $? = 1
configure:3859: gcc -qversion >&5
gcc: error: unrecognized command line option '-qversion'; did you mean '--version'?
gcc: fatal error: no input files
compilation terminated.
configure:3870: $? = 1
configure:3890: checking whether the C compiler works
configure:3912: gcc    conftest.c  >&5
configure:3916: $? = 0
configure:3964: result: yes
configure:3967: checking for C compiler default output file name
configure:3969: result: a.out
configure:3975: checking for suffix of executables
configure:3982: gcc -o conftest    conftest.c  >&5
configure:3986: $? = 0
configure:4008: result: 
configure:4030: checking whether we are cross compiling
configure:4038: gcc -o conftest    conftest.c  >&5
configure:4042: $? = 0
configure:4049: ./conftest
configure:4053: $? = 0
configure:4068: result: no
configure:4073: checking for suffix of object files
configure:4095: gcc -c   conftest.c >&5
configure:4099: $? = 0
configure:4120: result: o
configure:4124: checking whether we are using the GNU C compiler
configure:4143: gcc -c   conftest.c >&5
configure:4143: $? = 0
configure:4152: result: yes
configure:4161: checking whether gcc accepts -g
configure:4181: gcc -c -g  conftest.c >&5
configure:4181: $? = 0
configure:4222: result: yes
configure:4239: checking for gcc option to accept ISO C89
configure:4302: gcc  -c -g -O2  conftest.c >&5
configure:4302: $? = 0
configure:4315: result: none needed
configure:4336: checking C_WFLAGS for maximum warnings
configure:4363: gcc -c -g -O2 -pedantic -Wdeclaration-after-statement  -Wall -Wdeclaration-after-statement  conftest.c >&5
configure:4363: $? = 0
configure:4377: result: -Wall -Wdeclaration-after-statement
configure:4390: : C_WFLAGS="$C_WFLAGS $ac_cv_cflags_warn_all"
configure:4393: $? = 0
configure:4458: checking for g++
configure:4474: found /usr/bin/g++
configure:4485: result: g++
configure:4512: checking for C++ compiler version
configure:4521: g++ --version >&5
g++ (Ubuntu 7.4.0-1ubuntu1~18.04.1) 7.4.0
Copyright (C) 2017 Free Software Foundation, Inc.
This is free software; see the source for copying conditions.  There is NO
warranty; not even for MERCHANTABILITY or FITNESS FOR A PARTICULAR PURPOSE.

configure:4532: $? = 0
configure:4521: g++ -v >&5
Using built-in specs.
COLLECT_GCC=g++
COLLECT_LTO_WRAPPER=/usr/lib/gcc/x86_64-linux-gnu/7/lto-wrapper
OFFLOAD_TARGET_NAMES=nvptx-none
OFFLOAD_TARGET_DEFAULT=1
Target: x86_64-linux-gnu
Configured with: ../src/configure -v --with-pkgversion='Ubuntu 7.4.0-1ubuntu1~18.04.1' --with-bugurl=file:///usr/share/doc/gcc-7/README.Bugs --enable-languages=c,ada,c++,go,brig,d,fortran,objc,obj-c++ --prefix=/usr --with-gcc-major-version-only --program-suffix=-7 --program-prefix=x86_64-linux-gnu- --enable-shared --enable-linker-build-id --libexecdir=/usr/lib --without-included-gettext --enable-threads=posix --libdir=/usr/lib --enable-nls --with-sysroot=/ --enable-clocale=gnu --enable-libstdcxx-debug --enable-libstdcxx-time=yes --with-default-libstdcxx-abi=new --enable-gnu-unique-object --disable-vtable-verify --enable-libmpx --enable-plugin --enable-default-pie --with-system-zlib --with-target-system-zlib --enable-objc-gc=auto --enable-multiarch --disable-werror --with-arch-32=i686 --with-abi=m64 --with-multilib-list=m32,m64,mx32 --enable-multilib --with-tune=generic --enable-offload-targets=nvptx-none --without-cuda-driver --enable-checking=release --build=x86_64-linux-gnu --host=x86_64-linux-gnu --target=x86_64-linux-gnu
Thread model: posix
gcc version 7.4.0 (Ubuntu 7.4.0-1ubuntu1~18.04.1) 
configure:4532: $? = 0
configure:4521: g++ -V >&5
g++: error: unrecognized command line option '-V'
g++: fatal error: no input files
compilation terminated.
configure:4532: $? = 1
configure:4521: g++ -qversion >&5
g++: error: unrecognized command line option '-qversion'; did you mean '--version'?
g++: fatal error: no input files
compilation terminated.
configure:4532: $? = 1
configure:4536: checking whether we are using the GNU C++ compiler
configure:4555: g++ -c   conftest.cpp >&5
configure:4555: $? = 0
configure:4564: result: yes
configure:4573: checking whether g++ accepts -g
configure:4593: g++ -c -g  conftest.cpp >&5
configure:4593: $? = 0
configure:4634: result: yes
configure:4658: checking CXX_WFLAGS for maximum warnings
configure:4685: g++ -c -g -O2 -pedantic  -Wall  conftest.cpp >&5
configure:4685: $? = 0
configure:4699: result: -Wall
configure:4712: : CXX_WFLAGS="$CXX_WFLAGS $ac_cv_cxxflags_warn_all"
configure:4715: $? = 0
configure:4723: checking whether C compiler accepts -Werror -we10006
configure:4742: gcc -c -g -O2  -Werror -we10006  conftest.c >&5
gcc: error: unrecognized command line option '-we10006'
configure:4742: $? = 1
configure: failed program was:
| /* confdefs.h */
| #define PACKAGE_NAME ""
| #define PACKAGE_TARNAME ""
| #define PACKAGE_VERSION ""
| #define PACKAGE_STRING ""
| #define PACKAGE_BUGREPORT ""
| #define PACKAGE_URL ""
| /* end confdefs.h.  */
| 
| int
| main ()
| {
| 
|   ;
|   return 0;
| }
configure:4750: result: no
configure:4760: checking whether C compiler accepts -diag-disable 188,1684,2259,2304,3280,11074,11076
configure:4779: gcc -c -g -O2 -Werror -diag-disable 188,1684,2259,2304,3280,11074,11076  conftest.c >&5
gcc: error: 188,1684,2259,2304,3280,11074,11076: No such file or directory
configure:4779: $? = 1
configure: failed program was:
| /* confdefs.h */
| #define PACKAGE_NAME ""
| #define PACKAGE_TARNAME ""
| #define PACKAGE_VERSION ""
| #define PACKAGE_STRING ""
| #define PACKAGE_BUGREPORT ""
| #define PACKAGE_URL ""
| /* end confdefs.h.  */
| 
| int
| main ()
| {
| 
|   ;
|   return 0;
| }
configure:4788: result: no
configure:4798: checking whether C compiler accepts -Wextra
configure:4817: gcc -c -g -O2 -Werror -Wextra  conftest.c >&5
configure:4817: $? = 0
configure:4826: result: yes
configure:4835: checking whether C compiler accepts -Winit-self
configure:4854: gcc -c -g -O2 -Werror -Winit-self  conftest.c >&5
configure:4854: $? = 0
configure:4863: result: yes
configure:4872: checking whether C compiler accepts -Wunused-parameter
configure:4891: gcc -c -g -O2 -Werror -Wunused-parameter  conftest.c >&5
configure:4891: $? = 0
configure:4900: result: yes
configure:4909: checking whether C compiler accepts -Wmissing-prototypes
configure:4928: gcc -c -g -O2 -Werror -Wmissing-prototypes  conftest.c >&5
configure:4928: $? = 0
configure:4937: result: yes
configure:4946: checking whether C compiler accepts -Wmissing-declarations
configure:4965: gcc -c -g -O2 -Werror -Wmissing-declarations  conftest.c >&5
configure:4965: $? = 0
configure:4974: result: yes
configure:4983: checking whether C compiler accepts -Wformat
configure:5002: gcc -c -g -O2 -Werror -Wformat  conftest.c >&5
configure:5002: $? = 0
configure:5011: result: yes
configure:5020: checking whether C compiler accepts -Wformat -Werror=format-security -Wno-format-nonliteral
configure:5039: gcc -c -g -O2 -Werror -Wformat -Werror=format-security -Wno-format-nonliteral  conftest.c >&5
configure:5039: $? = 0
configure:5048: result: yes
configure:5057: checking whether C compiler accepts -Wshorten-64-to-32
configure:5076: gcc -c -g -O2 -Werror -Wshorten-64-to-32  conftest.c >&5
gcc: error: unrecognized command line option '-Wshorten-64-to-32'
configure:5076: $? = 1
configure: failed program was:
| /* confdefs.h */
| #define PACKAGE_NAME ""
| #define PACKAGE_TARNAME ""
| #define PACKAGE_VERSION ""
| #define PACKAGE_STRING ""
| #define PACKAGE_BUGREPORT ""
| #define PACKAGE_URL ""
| /* end confdefs.h.  */
| 
| int
| main ()
| {
| 
|   ;
|   return 0;
| }
configure:5085: result: no
configure:5094: checking whether C compiler accepts -Wlogical-op
configure:5113: gcc -c -g -O2 -Werror -Wlogical-op  conftest.c >&5
configure:5113: $? = 0
configure:5122: result: yes
configure:5131: checking whether C compiler accepts -Wshadow
configure:5150: gcc -c -g -O2 -Werror -Wshadow  conftest.c >&5
configure:5150: $? = 0
configure:5159: result: yes
configure:5169: checking whether C compiler accepts -Werror=vla
configure:5188: gcc -c -g -O2 -Werror -Werror=vla  conftest.c >&5
configure:5188: $? = 0
configure:5197: result: yes
configure:5206: checking whether C compiler accepts -Werror=declaration-after-statement
configure:5225: gcc -c -g -O2 -Werror -Werror=declaration-after-statement  conftest.c >&5
configure:5225: $? = 0
configure:5234: result: yes
configure:5245: checking whether C compiler accepts -Wdate-time
configure:5264: gcc -c -g -O2 -Werror -Wdate-time  conftest.c >&5
configure:5264: $? = 0
configure:5273: result: yes
configure:5283: checking whether C compiler accepts -Wnull-dereference
configure:5302: gcc -c -g -O2 -Werror -Wnull-dereference  conftest.c >&5
configure:5302: $? = 0
configure:5311: result: yes
configure:5320: checking whether C compiler accepts -Wduplicated-cond
configure:5339: gcc -c -g -O2 -Werror -Wduplicated-cond  conftest.c >&5
configure:5339: $? = 0
configure:5348: result: yes
configure:5365: checking whether C++ compiler accepts -Wextra-semi
configure:5384: g++ -c -g -O2 -Werror -Wextra-semi  conftest.cpp >&5
g++: error: unrecognized command line option '-Wextra-semi'; did you mean '-Wextra'?
configure:5384: $? = 1
configure: failed program was:
| /* confdefs.h */
| #define PACKAGE_NAME ""
| #define PACKAGE_TARNAME ""
| #define PACKAGE_VERSION ""
| #define PACKAGE_STRING ""
| #define PACKAGE_BUGREPORT ""
| #define PACKAGE_URL ""
| /* end confdefs.h.  */
| 
| int
| main ()
| {
| 
|   ;
|   return 0;
| }
configure:5393: result: no
configure:5409: checking whether C compiler accepts -Wno-sign-compare
configure:5428: gcc -c -g -O2 -Werror -Wno-sign-compare  conftest.c >&5
configure:5428: $? = 0
configure:5437: result: yes
configure:5447: checking whether C compiler accepts -Wcomma
configure:5466: gcc -c -g -O2 -Werror -Wcomma  conftest.c >&5
gcc: error: unrecognized command line option '-Wcomma'; did you mean '-Wcomment'?
configure:5466: $? = 1
configure: failed program was:
| /* confdefs.h */
| #define PACKAGE_NAME ""
| #define PACKAGE_TARNAME ""
| #define PACKAGE_VERSION ""
| #define PACKAGE_STRING ""
| #define PACKAGE_BUGREPORT ""
| #define PACKAGE_URL ""
| /* end confdefs.h.  */
| 
| int
| main ()
| {
| 
|   ;
|   return 0;
| }
configure:5475: result: no
configure:5485: checking whether C compiler accepts -Wfloat-conversion
configure:5504: gcc -c -g -O2 -Werror -Wfloat-conversion  conftest.c >&5
configure:5504: $? = 0
configure:5513: result: yes
configure:5523: checking whether C compiler accepts -Wdocumentation -Wno-documentation-deprecated-sync
configure:5542: gcc -c -g -O2 -Werror -Wdocumentation -Wno-documentation-deprecated-sync  conftest.c >&5
gcc: error: unrecognized command line option '-Wdocumentation'
configure:5542: $? = 1
configure: failed program was:
| /* confdefs.h */
| #define PACKAGE_NAME ""
| #define PACKAGE_TARNAME ""
| #define PACKAGE_VERSION ""
| #define PACKAGE_STRING ""
| #define PACKAGE_BUGREPORT ""
| #define PACKAGE_URL ""
| /* end confdefs.h.  */
| 
| int
| main ()
| {
| 
|   ;
|   return 0;
| }
configure:5551: result: no
configure:5562: checking if -std=gnu89 can be enabled
configure:5577: gcc -c -g -O2 -Werror -std=gnu89  conftest.c >&5
configure:5577: $? = 0
configure:5579: result: yes
configure:5596: checking whether C++ compiler accepts -Wunused-private-field
configure:5615: g++ -c -g -O2 -Werror -Wunused-private-field  conftest.cpp >&5
g++: error: unrecognized command line option '-Wunused-private-field'; did you mean '-Wunused-parameter'?
configure:5615: $? = 1
configure: failed program was:
| /* confdefs.h */
| #define PACKAGE_NAME ""
| #define PACKAGE_TARNAME ""
| #define PACKAGE_VERSION ""
| #define PACKAGE_STRING ""
| #define PACKAGE_BUGREPORT ""
| #define PACKAGE_URL ""
| /* end confdefs.h.  */
| 
| int
| main ()
| {
| 
|   ;
|   return 0;
| }
configure:5624: result: no
configure:5633: checking whether C++ compiler accepts -Wmissing-prototypes
configure:5652: g++ -c -g -O2 -Werror -Wmissing-prototypes  conftest.cpp >&5
cc1plus: error: command line option '-Wmissing-prototypes' is valid for C/ObjC but not for C++ [-Werror]
cc1plus: all warnings being treated as errors
configure:5652: $? = 1
configure: failed program was:
| /* confdefs.h */
| #define PACKAGE_NAME ""
| #define PACKAGE_TARNAME ""
| #define PACKAGE_VERSION ""
| #define PACKAGE_STRING ""
| #define PACKAGE_BUGREPORT ""
| #define PACKAGE_URL ""
| /* end confdefs.h.  */
| 
| int
| main ()
| {
| 
|   ;
|   return 0;
| }
configure:5661: result: no
configure:5670: checking whether C++ compiler accepts -Wmissing-declarations
configure:5689: g++ -c -g -O2 -Werror -Wmissing-declarations  conftest.cpp >&5
configure:5689: $? = 0
configure:5698: result: yes
configure:5707: checking whether C++ compiler accepts -Wnon-virtual-dtor
configure:5726: g++ -c -g -O2 -Werror -Wnon-virtual-dtor  conftest.cpp >&5
configure:5726: $? = 0
configure:5735: result: yes
configure:5744: checking whether C++ compiler accepts -Wold-style-cast
configure:5763: g++ -c -g -O2 -Werror -Wold-style-cast  conftest.cpp >&5
configure:5763: $? = 0
configure:5772: result: yes
configure:5781: checking whether C++ compiler accepts -Weffc++
configure:5800: g++ -c -g -O2 -Werror -Weffc++  conftest.cpp >&5
configure:5800: $? = 0
configure:5809: result: yes
configure:5821: checking if -Weffc++ should be enabled
configure:5837: g++ -c -g -O2 -Weffc++ -Werror  conftest.cpp >&5
configure:5837: $? = 0
configure:5838: result: yes
configure:5850: checking whether C++ compiler accepts -Woverloaded-virtual
configure:5869: g++ -c -g -O2 -Werror -Woverloaded-virtual  conftest.cpp >&5
configure:5869: $? = 0
configure:5878: result: yes
configure:5888: checking whether C++ compiler accepts -fno-operator-names
configure:5907: g++ -c -g -O2 -Werror -fno-operator-names  conftest.cpp >&5
configure:5907: $? = 0
configure:5916: result: yes
configure:5927: checking whether C++ compiler accepts -Wzero-as-null-pointer-constant
configure:5946: g++ -c -g -O2 -Werror -Wzero-as-null-pointer-constant  conftest.cpp >&5
configure:5946: $? = 0
configure:5955: result: yes
configure:5986: checking if use C++14 compiler options
configure:6897: result: disabled by user
configure:6911: checking whether g++ supports C++11 features by default
configure:7205: g++ -c -g -O2  conftest.cpp >&5
configure:7205: $? = 0
configure:7212: result: yes
configure:7572: checking whether C++ compiler accepts -Wsuggest-override
configure:7591: g++ -c -g -O2 -Werror -Wsuggest-override  conftest.cpp >&5
configure:7591: $? = 0
configure:7600: result: yes
configure:7623: checking if -Wimplicit-fallthrough can be enabled
configure:7638: g++ -c -g -O2 -Werror -Wimplicit-fallthrough  conftest.cpp >&5
configure:7638: $? = 0
configure:7640: result: yes
configure:7721: checking for gcc
configure:7748: result: gcc
configure:7977: checking for C compiler version
configure:7986: gcc --version >&5
gcc (Ubuntu 7.4.0-1ubuntu1~18.04.1) 7.4.0
Copyright (C) 2017 Free Software Foundation, Inc.
This is free software; see the source for copying conditions.  There is NO
warranty; not even for MERCHANTABILITY or FITNESS FOR A PARTICULAR PURPOSE.

configure:7997: $? = 0
configure:7986: gcc -v >&5
Using built-in specs.
COLLECT_GCC=gcc
COLLECT_LTO_WRAPPER=/usr/lib/gcc/x86_64-linux-gnu/7/lto-wrapper
OFFLOAD_TARGET_NAMES=nvptx-none
OFFLOAD_TARGET_DEFAULT=1
Target: x86_64-linux-gnu
Configured with: ../src/configure -v --with-pkgversion='Ubuntu 7.4.0-1ubuntu1~18.04.1' --with-bugurl=file:///usr/share/doc/gcc-7/README.Bugs --enable-languages=c,ada,c++,go,brig,d,fortran,objc,obj-c++ --prefix=/usr --with-gcc-major-version-only --program-suffix=-7 --program-prefix=x86_64-linux-gnu- --enable-shared --enable-linker-build-id --libexecdir=/usr/lib --without-included-gettext --enable-threads=posix --libdir=/usr/lib --enable-nls --with-sysroot=/ --enable-clocale=gnu --enable-libstdcxx-debug --enable-libstdcxx-time=yes --with-default-libstdcxx-abi=new --enable-gnu-unique-object --disable-vtable-verify --enable-libmpx --enable-plugin --enable-default-pie --with-system-zlib --with-target-system-zlib --enable-objc-gc=auto --enable-multiarch --disable-werror --with-arch-32=i686 --with-abi=m64 --with-multilib-list=m32,m64,mx32 --enable-multilib --with-tune=generic --enable-offload-targets=nvptx-none --without-cuda-driver --enable-checking=release --build=x86_64-linux-gnu --host=x86_64-linux-gnu --target=x86_64-linux-gnu
Thread model: posix
gcc version 7.4.0 (Ubuntu 7.4.0-1ubuntu1~18.04.1) 
configure:7997: $? = 0
configure:7986: gcc -V >&5
gcc: error: unrecognized command line option '-V'
gcc: fatal error: no input files
compilation terminated.
configure:7997: $? = 1
configure:7986: gcc -qversion >&5
gcc: error: unrecognized command line option '-qversion'; did you mean '--version'?
gcc: fatal error: no input files
compilation terminated.
configure:7997: $? = 1
configure:8001: checking whether we are using the GNU C compiler
configure:8029: result: yes
configure:8038: checking whether gcc accepts -g
configure:8099: result: yes
configure:8116: checking for gcc option to accept ISO C89
configure:8192: result: none needed
configure:8324: checking for C++ compiler version
configure:8333: g++ --version >&5
g++ (Ubuntu 7.4.0-1ubuntu1~18.04.1) 7.4.0
Copyright (C) 2017 Free Software Foundation, Inc.
This is free software; see the source for copying conditions.  There is NO
warranty; not even for MERCHANTABILITY or FITNESS FOR A PARTICULAR PURPOSE.

configure:8344: $? = 0
configure:8333: g++ -v >&5
Using built-in specs.
COLLECT_GCC=g++
COLLECT_LTO_WRAPPER=/usr/lib/gcc/x86_64-linux-gnu/7/lto-wrapper
OFFLOAD_TARGET_NAMES=nvptx-none
OFFLOAD_TARGET_DEFAULT=1
Target: x86_64-linux-gnu
Configured with: ../src/configure -v --with-pkgversion='Ubuntu 7.4.0-1ubuntu1~18.04.1' --with-bugurl=file:///usr/share/doc/gcc-7/README.Bugs --enable-languages=c,ada,c++,go,brig,d,fortran,objc,obj-c++ --prefix=/usr --with-gcc-major-version-only --program-suffix=-7 --program-prefix=x86_64-linux-gnu- --enable-shared --enable-linker-build-id --libexecdir=/usr/lib --without-included-gettext --enable-threads=posix --libdir=/usr/lib --enable-nls --with-sysroot=/ --enable-clocale=gnu --enable-libstdcxx-debug --enable-libstdcxx-time=yes --with-default-libstdcxx-abi=new --enable-gnu-unique-object --disable-vtable-verify --enable-libmpx --enable-plugin --enable-default-pie --with-system-zlib --with-target-system-zlib --enable-objc-gc=auto --enable-multiarch --disable-werror --with-arch-32=i686 --with-abi=m64 --with-multilib-list=m32,m64,mx32 --enable-multilib --with-tune=generic --enable-offload-targets=nvptx-none --without-cuda-driver --enable-checking=release --build=x86_64-linux-gnu --host=x86_64-linux-gnu --target=x86_64-linux-gnu
Thread model: posix
gcc version 7.4.0 (Ubuntu 7.4.0-1ubuntu1~18.04.1) 
configure:8344: $? = 0
configure:8333: g++ -V >&5
g++: error: unrecognized command line option '-V'
g++: fatal error: no input files
compilation terminated.
configure:8344: $? = 1
configure:8333: g++ -qversion >&5
g++: error: unrecognized command line option '-qversion'; did you mean '--version'?
g++: fatal error: no input files
compilation terminated.
configure:8344: $? = 1
configure:8348: checking whether we are using the GNU C++ compiler
configure:8376: result: yes
configure:8385: checking whether g++ accepts -g
configure:8446: result: yes
configure:8818: checking how to print strings
configure:8845: result: printf
configure:8866: checking for a sed that does not truncate output
configure:8930: result: /bin/sed
configure:8948: checking for grep that handles long lines and -e
configure:9006: result: /bin/grep
configure:9011: checking for egrep
configure:9073: result: /bin/grep -E
configure:9078: checking for fgrep
configure:9140: result: /bin/grep -F
configure:9175: checking for ld used by gcc
configure:9242: result: /usr/bin/ld
configure:9249: checking if the linker (/usr/bin/ld) is GNU ld
configure:9264: result: yes
configure:9276: checking for BSD- or MS-compatible name lister (nm)
configure:9330: result: /usr/bin/nm -B
configure:9460: checking the name lister (/usr/bin/nm -B) interface
configure:9467: gcc -c -g -O2  conftest.c >&5
configure:9470: /usr/bin/nm -B "conftest.o"
configure:9473: output
0000000000000000 B some_variable
configure:9480: result: BSD nm
configure:9483: checking whether ln -s works
configure:9487: result: yes
configure:9495: checking the maximum length of command line arguments
configure:9626: result: 1572864
configure:9674: checking how to convert x86_64-pc-linux-gnu file names to x86_64-pc-linux-gnu format
configure:9714: result: func_convert_file_noop
configure:9721: checking how to convert x86_64-pc-linux-gnu file names to toolchain format
configure:9741: result: func_convert_file_noop
configure:9748: checking for /usr/bin/ld option to reload object files
configure:9755: result: -r
configure:9829: checking for objdump
configure:9856: result: objdump
configure:9885: checking how to recognize dependent libraries
configure:10085: result: pass_all
configure:10170: checking for dlltool
configure:10197: result: dlltool
configure:10227: checking how to associate runtime and link libraries
configure:10254: result: printf %s\n
configure:10314: checking for ar
configure:10330: found /usr/bin/ar
configure:10341: result: ar
configure:10378: checking for archiver @FILE support
configure:10395: gcc -c -g -O2  conftest.c >&5
configure:10395: $? = 0
configure:10398: ar cru libconftest.a @conftest.lst >&5
ar: `u' modifier ignored since `D' is the default (see `U')
configure:10401: $? = 0
configure:10406: ar cru libconftest.a @conftest.lst >&5
ar: `u' modifier ignored since `D' is the default (see `U')
ar: conftest.o: No such file or directory
configure:10409: $? = 1
configure:10421: result: @
configure:10479: checking for strip
configure:10495: found /usr/bin/strip
configure:10506: result: strip
configure:10578: checking for ranlib
configure:10594: found /usr/bin/ranlib
configure:10605: result: ranlib
configure:10682: checking for gawk
configure:10698: found /usr/bin/gawk
configure:10709: result: gawk
configure:10749: checking command to parse /usr/bin/nm -B output from gcc object
configure:10902: gcc -c -g -O2  conftest.c >&5
configure:10905: $? = 0
configure:10909: /usr/bin/nm -B conftest.o \| sed -n -e 's/^.*[ ]\([ABCDGIRSTW][ABCDGIRSTW]*\)[ ][ ]*\([_A-Za-z][_A-Za-z0-9]*\)$/\1 \2 \2/p' | sed '/ __gnu_lto/d' \> conftest.nm
configure:10912: $? = 0
configure:10978: gcc -o conftest -g -O2   conftest.c conftstm.o >&5
configure:10981: $? = 0
configure:11019: result: ok
configure:11066: checking for sysroot
configure:11096: result: no
configure:11103: checking for a working dd
configure:11141: result: /bin/dd
configure:11145: checking how to truncate binary pipes
configure:11160: result: /bin/dd bs=4096 count=1
configure:11296: gcc -c -g -O2  conftest.c >&5
configure:11299: $? = 0
configure:11489: checking for mt
configure:11505: found /bin/mt
configure:11516: result: mt
configure:11539: checking if mt is a manifest tool
configure:11545: mt '-?'
configure:11553: result: no
configure:12230: checking how to run the C preprocessor
configure:12261: gcc -E  conftest.c
configure:12261: $? = 0
configure:12275: gcc -E  conftest.c
conftest.c:11:10: fatal error: ac_nonexistent.h: No such file or directory
 #include <ac_nonexistent.h>
          ^~~~~~~~~~~~~~~~~~
compilation terminated.
configure:12275: $? = 1
configure: failed program was:
| /* confdefs.h */
| #define PACKAGE_NAME ""
| #define PACKAGE_TARNAME ""
| #define PACKAGE_VERSION ""
| #define PACKAGE_STRING ""
| #define PACKAGE_BUGREPORT ""
| #define PACKAGE_URL ""
| #define HAVE_GCC_WARNING_ZERO_AS_NULL_POINTER_CONSTANT 1
| #define HAVE_CXX11 1
| /* end confdefs.h.  */
| #include <ac_nonexistent.h>
configure:12300: result: gcc -E
configure:12320: gcc -E  conftest.c
configure:12320: $? = 0
configure:12334: gcc -E  conftest.c
conftest.c:11:10: fatal error: ac_nonexistent.h: No such file or directory
 #include <ac_nonexistent.h>
          ^~~~~~~~~~~~~~~~~~
compilation terminated.
configure:12334: $? = 1
configure: failed program was:
| /* confdefs.h */
| #define PACKAGE_NAME ""
| #define PACKAGE_TARNAME ""
| #define PACKAGE_VERSION ""
| #define PACKAGE_STRING ""
| #define PACKAGE_BUGREPORT ""
| #define PACKAGE_URL ""
| #define HAVE_GCC_WARNING_ZERO_AS_NULL_POINTER_CONSTANT 1
| #define HAVE_CXX11 1
| /* end confdefs.h.  */
| #include <ac_nonexistent.h>
configure:12363: checking for ANSI C header files
configure:12383: gcc -c -g -O2  conftest.c >&5
configure:12383: $? = 0
configure:12456: gcc -o conftest -g -O2   conftest.c  >&5
configure:12456: $? = 0
configure:12456: ./conftest
configure:12456: $? = 0
configure:12467: result: yes
configure:12480: checking for sys/types.h
configure:12480: gcc -c -g -O2  conftest.c >&5
configure:12480: $? = 0
configure:12480: result: yes
configure:12480: checking for sys/stat.h
configure:12480: gcc -c -g -O2  conftest.c >&5
configure:12480: $? = 0
configure:12480: result: yes
configure:12480: checking for stdlib.h
configure:12480: gcc -c -g -O2  conftest.c >&5
configure:12480: $? = 0
configure:12480: result: yes
configure:12480: checking for string.h
configure:12480: gcc -c -g -O2  conftest.c >&5
configure:12480: $? = 0
configure:12480: result: yes
configure:12480: checking for memory.h
configure:12480: gcc -c -g -O2  conftest.c >&5
configure:12480: $? = 0
configure:12480: result: yes
configure:12480: checking for strings.h
configure:12480: gcc -c -g -O2  conftest.c >&5
configure:12480: $? = 0
configure:12480: result: yes
configure:12480: checking for inttypes.h
configure:12480: gcc -c -g -O2  conftest.c >&5
configure:12480: $? = 0
configure:12480: result: yes
configure:12480: checking for stdint.h
configure:12480: gcc -c -g -O2  conftest.c >&5
configure:12480: $? = 0
configure:12480: result: yes
configure:12480: checking for unistd.h
configure:12480: gcc -c -g -O2  conftest.c >&5
configure:12480: $? = 0
configure:12480: result: yes
configure:12494: checking for dlfcn.h
configure:12494: gcc -c -g -O2  conftest.c >&5
configure:12494: $? = 0
configure:12494: result: yes
configure:12758: checking for objdir
configure:12773: result: .libs
configure:13037: checking if gcc supports -fno-rtti -fno-exceptions
configure:13055: gcc -c -g -O2  -fno-rtti -fno-exceptions conftest.c >&5
cc1: warning: command line option '-fno-rtti' is valid for C++/ObjC++ but not for C
configure:13059: $? = 0
configure:13072: result: no
configure:13430: checking for gcc option to produce PIC
configure:13437: result: -fPIC -DPIC
configure:13445: checking if gcc PIC flag -fPIC -DPIC works
configure:13463: gcc -c -g -O2  -fPIC -DPIC -DPIC conftest.c >&5
configure:13467: $? = 0
configure:13480: result: yes
configure:13509: checking if gcc static flag -static works
configure:13537: result: yes
configure:13552: checking if gcc supports -c -o file.o
configure:13573: gcc -c -g -O2  -o out/conftest2.o conftest.c >&5
configure:13577: $? = 0
configure:13599: result: yes
configure:13607: checking if gcc supports -c -o file.o
configure:13654: result: yes
configure:13687: checking whether the gcc linker (/usr/bin/ld -m elf_x86_64) supports shared libraries
configure:14950: result: yes
configure:14987: checking whether -lc should be explicitly linked in
configure:14995: gcc -c -g -O2  conftest.c >&5
configure:14998: $? = 0
configure:15013: gcc -shared  -fPIC -DPIC conftest.o  -v -Wl,-soname -Wl,conftest -o conftest 2\>\&1 \| /bin/grep  -lc  \>/dev/null 2\>\&1
configure:15016: $? = 0
configure:15030: result: no
configure:15190: checking dynamic linker characteristics
configure:15771: gcc -o conftest -g -O2   -Wl,-rpath -Wl,/foo conftest.c  >&5
configure:15771: $? = 0
configure:16020: result: GNU/Linux ld.so
configure:16142: checking how to hardcode library paths into programs
configure:16167: result: immediate
configure:16715: checking whether stripping libraries is possible
configure:16720: result: yes
configure:16755: checking if libtool supports shared libraries
configure:16757: result: yes
configure:16760: checking whether to build shared libraries
configure:16785: result: yes
configure:16788: checking whether to build static libraries
configure:16792: result: yes
configure:16815: checking how to run the C++ preprocessor
configure:16842: g++ -E  conftest.cpp
configure:16842: $? = 0
configure:16856: g++ -E  conftest.cpp
conftest.cpp:23:10: fatal error: ac_nonexistent.h: No such file or directory
 #include <ac_nonexistent.h>
          ^~~~~~~~~~~~~~~~~~
compilation terminated.
configure:16856: $? = 1
configure: failed program was:
| /* confdefs.h */
| #define PACKAGE_NAME ""
| #define PACKAGE_TARNAME ""
| #define PACKAGE_VERSION ""
| #define PACKAGE_STRING ""
| #define PACKAGE_BUGREPORT ""
| #define PACKAGE_URL ""
| #define HAVE_GCC_WARNING_ZERO_AS_NULL_POINTER_CONSTANT 1
| #define HAVE_CXX11 1
| #define STDC_HEADERS 1
| #define HAVE_SYS_TYPES_H 1
| #define HAVE_SYS_STAT_H 1
| #define HAVE_STDLIB_H 1
| #define HAVE_STRING_H 1
| #define HAVE_MEMORY_H 1
| #define HAVE_STRINGS_H 1
| #define HAVE_INTTYPES_H 1
| #define HAVE_STDINT_H 1
| #define HAVE_UNISTD_H 1
| #define HAVE_DLFCN_H 1
| #define LT_OBJDIR ".libs/"
| /* end confdefs.h.  */
| #include <ac_nonexistent.h>
configure:16881: result: g++ -E
configure:16901: g++ -E  conftest.cpp
configure:16901: $? = 0
configure:16915: g++ -E  conftest.cpp
conftest.cpp:23:10: fatal error: ac_nonexistent.h: No such file or directory
 #include <ac_nonexistent.h>
          ^~~~~~~~~~~~~~~~~~
compilation terminated.
configure:16915: $? = 1
configure: failed program was:
| /* confdefs.h */
| #define PACKAGE_NAME ""
| #define PACKAGE_TARNAME ""
| #define PACKAGE_VERSION ""
| #define PACKAGE_STRING ""
| #define PACKAGE_BUGREPORT ""
| #define PACKAGE_URL ""
| #define HAVE_GCC_WARNING_ZERO_AS_NULL_POINTER_CONSTANT 1
| #define HAVE_CXX11 1
| #define STDC_HEADERS 1
| #define HAVE_SYS_TYPES_H 1
| #define HAVE_SYS_STAT_H 1
| #define HAVE_STDLIB_H 1
| #define HAVE_STRING_H 1
| #define HAVE_MEMORY_H 1
| #define HAVE_STRINGS_H 1
| #define HAVE_INTTYPES_H 1
| #define HAVE_STDINT_H 1
| #define HAVE_UNISTD_H 1
| #define HAVE_DLFCN_H 1
| #define LT_OBJDIR ".libs/"
| /* end confdefs.h.  */
| #include <ac_nonexistent.h>
configure:17077: checking for ld used by g++
configure:17144: result: /usr/bin/ld -m elf_x86_64
configure:17151: checking if the linker (/usr/bin/ld -m elf_x86_64) is GNU ld
configure:17166: result: yes
configure:17221: checking whether the g++ linker (/usr/bin/ld -m elf_x86_64) supports shared libraries
configure:18294: result: yes
configure:18330: g++ -c -g -O2  conftest.cpp >&5
configure:18333: $? = 0
configure:18814: checking for g++ option to produce PIC
configure:18821: result: -fPIC -DPIC
configure:18829: checking if g++ PIC flag -fPIC -DPIC works
configure:18847: g++ -c -g -O2  -fPIC -DPIC -DPIC conftest.cpp >&5
configure:18851: $? = 0
configure:18864: result: yes
configure:18887: checking if g++ static flag -static works
configure:18915: result: yes
configure:18927: checking if g++ supports -c -o file.o
configure:18948: g++ -c -g -O2  -o out/conftest2.o conftest.cpp >&5
configure:18952: $? = 0
configure:18974: result: yes
configure:18979: checking if g++ supports -c -o file.o
configure:19026: result: yes
configure:19056: checking whether the g++ linker (/usr/bin/ld -m elf_x86_64) supports shared libraries
configure:19099: result: yes
configure:19240: checking dynamic linker characteristics
configure:19997: result: GNU/Linux ld.so
configure:20062: checking how to hardcode library paths into programs
configure:20087: result: immediate
configure:20168: g++ -c -g -O2  conftest.cpp >&5
configure:20168: $? = 0
configure:20185: checking for std::isnan
configure:20205: g++ -c -g -O2  conftest.cpp >&5
configure:20205: $? = 0
configure:20207: result: yes
configure:20489: checking for dlopen in -ldl
configure:20514: gcc -o conftest -g -O2   conftest.c -ldl   >&5
configure:20514: $? = 0
configure:20523: result: yes
configure:20535: checking for nanosleep in -lrt
configure:20560: gcc -o conftest -g -O2   conftest.c -lrt  -ldl  >&5
configure:20560: $? = 0
configure:20569: result: yes
configure:20585: checking for sin in -lm
configure:20610: gcc -o conftest -g -O2   conftest.c -lm  -lrt -ldl  >&5
conftest.c:33:6: warning: conflicting types for built-in function 'sin' [-Wbuiltin-declaration-mismatch]
 char sin ();
      ^~~
configure:20610: $? = 0
configure:20619: result: yes
configure:20633: checking for ANSI C header files
configure:20737: result: yes
configure:20748: checking assert.h usability
configure:20748: gcc -c -g -O2  conftest.c >&5
configure:20748: $? = 0
configure:20748: result: yes
configure:20748: checking assert.h presence
configure:20748: gcc -E  conftest.c
configure:20748: $? = 0
configure:20748: result: yes
configure:20748: checking for assert.h
configure:20748: result: yes
configure:20748: checking fcntl.h usability
configure:20748: gcc -c -g -O2  conftest.c >&5
configure:20748: $? = 0
configure:20748: result: yes
configure:20748: checking fcntl.h presence
configure:20748: gcc -E  conftest.c
configure:20748: $? = 0
configure:20748: result: yes
configure:20748: checking for fcntl.h
configure:20748: result: yes
configure:20748: checking for unistd.h
configure:20748: result: yes
configure:20748: checking dbmalloc.h usability
configure:20748: gcc -c -g -O2  conftest.c >&5
conftest.c:64:10: fatal error: dbmalloc.h: No such file or directory
 #include <dbmalloc.h>
          ^~~~~~~~~~~~
compilation terminated.
configure:20748: $? = 1
configure: failed program was:
| /* confdefs.h */
| #define PACKAGE_NAME ""
| #define PACKAGE_TARNAME ""
| #define PACKAGE_VERSION ""
| #define PACKAGE_STRING ""
| #define PACKAGE_BUGREPORT ""
| #define PACKAGE_URL ""
| #define HAVE_GCC_WARNING_ZERO_AS_NULL_POINTER_CONSTANT 1
| #define HAVE_CXX11 1
| #define STDC_HEADERS 1
| #define HAVE_SYS_TYPES_H 1
| #define HAVE_SYS_STAT_H 1
| #define HAVE_STDLIB_H 1
| #define HAVE_STRING_H 1
| #define HAVE_MEMORY_H 1
| #define HAVE_STRINGS_H 1
| #define HAVE_INTTYPES_H 1
| #define HAVE_STDINT_H 1
| #define HAVE_UNISTD_H 1
| #define HAVE_DLFCN_H 1
| #define LT_OBJDIR ".libs/"
| #define HAVE_STD_IS_NAN 1
| #define HAVE_LIBDL 1
| #define HAVE_LIBRT 1
| #define HAVE_LIBM 1
| #define STDC_HEADERS 1
| #define HAVE_ASSERT_H 1
| #define HAVE_FCNTL_H 1
| #define HAVE_UNISTD_H 1
| /* end confdefs.h.  */
| #include <stdio.h>
| #ifdef HAVE_SYS_TYPES_H
| # include <sys/types.h>
| #endif
| #ifdef HAVE_SYS_STAT_H
| # include <sys/stat.h>
| #endif
| #ifdef STDC_HEADERS
| # include <stdlib.h>
| # include <stddef.h>
| #else
| # ifdef HAVE_STDLIB_H
| #  include <stdlib.h>
| # endif
| #endif
| #ifdef HAVE_STRING_H
| # if !defined STDC_HEADERS && defined HAVE_MEMORY_H
| #  include <memory.h>
| # endif
| # include <string.h>
| #endif
| #ifdef HAVE_STRINGS_H
| # include <strings.h>
| #endif
| #ifdef HAVE_INTTYPES_H
| # include <inttypes.h>
| #endif
| #ifdef HAVE_STDINT_H
| # include <stdint.h>
| #endif
| #ifdef HAVE_UNISTD_H
| # include <unistd.h>
| #endif
| #include <dbmalloc.h>
configure:20748: result: no
configure:20748: checking dbmalloc.h presence
configure:20748: gcc -E  conftest.c
conftest.c:31:10: fatal error: dbmalloc.h: No such file or directory
 #include <dbmalloc.h>
          ^~~~~~~~~~~~
compilation terminated.
configure:20748: $? = 1
configure: failed program was:
| /* confdefs.h */
| #define PACKAGE_NAME ""
| #define PACKAGE_TARNAME ""
| #define PACKAGE_VERSION ""
| #define PACKAGE_STRING ""
| #define PACKAGE_BUGREPORT ""
| #define PACKAGE_URL ""
| #define HAVE_GCC_WARNING_ZERO_AS_NULL_POINTER_CONSTANT 1
| #define HAVE_CXX11 1
| #define STDC_HEADERS 1
| #define HAVE_SYS_TYPES_H 1
| #define HAVE_SYS_STAT_H 1
| #define HAVE_STDLIB_H 1
| #define HAVE_STRING_H 1
| #define HAVE_MEMORY_H 1
| #define HAVE_STRINGS_H 1
| #define HAVE_INTTYPES_H 1
| #define HAVE_STDINT_H 1
| #define HAVE_UNISTD_H 1
| #define HAVE_DLFCN_H 1
| #define LT_OBJDIR ".libs/"
| #define HAVE_STD_IS_NAN 1
| #define HAVE_LIBDL 1
| #define HAVE_LIBRT 1
| #define HAVE_LIBM 1
| #define STDC_HEADERS 1
| #define HAVE_ASSERT_H 1
| #define HAVE_FCNTL_H 1
| #define HAVE_UNISTD_H 1
| /* end confdefs.h.  */
| #include <dbmalloc.h>
configure:20748: result: no
configure:20748: checking for dbmalloc.h
configure:20748: result: no
configure:20748: checking for dlfcn.h
configure:20748: result: yes
configure:20748: checking for stdint.h
configure:20748: result: yes
configure:20748: checking limits.h usability
configure:20748: gcc -c -g -O2  conftest.c >&5
configure:20748: $? = 0
configure:20748: result: yes
configure:20748: checking limits.h presence
configure:20748: gcc -E  conftest.c
configure:20748: $? = 0
configure:20748: result: yes
configure:20748: checking for limits.h
configure:20748: result: yes
configure:20748: checking locale.h usability
configure:20748: gcc -c -g -O2  conftest.c >&5
configure:20748: $? = 0
configure:20748: result: yes
configure:20748: checking locale.h presence
configure:20748: gcc -E  conftest.c
configure:20748: $? = 0
configure:20748: result: yes
configure:20748: checking for locale.h
configure:20748: result: yes
configure:20748: checking values.h usability
configure:20748: gcc -c -g -O2  conftest.c >&5
configure:20748: $? = 0
configure:20748: result: yes
configure:20748: checking values.h presence
configure:20748: gcc -E  conftest.c
configure:20748: $? = 0
configure:20748: result: yes
configure:20748: checking for values.h
configure:20748: result: yes
configure:20748: checking float.h usability
configure:20748: gcc -c -g -O2  conftest.c >&5
configure:20748: $? = 0
configure:20748: result: yes
configure:20748: checking float.h presence
configure:20748: gcc -E  conftest.c
configure:20748: $? = 0
configure:20748: result: yes
configure:20748: checking for float.h
configure:20748: result: yes
configure:20748: checking errno.h usability
configure:20748: gcc -c -g -O2  conftest.c >&5
configure:20748: $? = 0
configure:20748: result: yes
configure:20748: checking errno.h presence
configure:20748: gcc -E  conftest.c
configure:20748: $? = 0
configure:20748: result: yes
configure:20748: checking for errno.h
configure:20748: result: yes
configure:20748: checking direct.h usability
configure:20748: gcc -c -g -O2  conftest.c >&5
conftest.c:71:10: fatal error: direct.h: No such file or directory
 #include <direct.h>
          ^~~~~~~~~~
compilation terminated.
configure:20748: $? = 1
configure: failed program was:
| /* confdefs.h */
| #define PACKAGE_NAME ""
| #define PACKAGE_TARNAME ""
| #define PACKAGE_VERSION ""
| #define PACKAGE_STRING ""
| #define PACKAGE_BUGREPORT ""
| #define PACKAGE_URL ""
| #define HAVE_GCC_WARNING_ZERO_AS_NULL_POINTER_CONSTANT 1
| #define HAVE_CXX11 1
| #define STDC_HEADERS 1
| #define HAVE_SYS_TYPES_H 1
| #define HAVE_SYS_STAT_H 1
| #define HAVE_STDLIB_H 1
| #define HAVE_STRING_H 1
| #define HAVE_MEMORY_H 1
| #define HAVE_STRINGS_H 1
| #define HAVE_INTTYPES_H 1
| #define HAVE_STDINT_H 1
| #define HAVE_UNISTD_H 1
| #define HAVE_DLFCN_H 1
| #define LT_OBJDIR ".libs/"
| #define HAVE_STD_IS_NAN 1
| #define HAVE_LIBDL 1
| #define HAVE_LIBRT 1
| #define HAVE_LIBM 1
| #define STDC_HEADERS 1
| #define HAVE_ASSERT_H 1
| #define HAVE_FCNTL_H 1
| #define HAVE_UNISTD_H 1
| #define HAVE_DLFCN_H 1
| #define HAVE_STDINT_H 1
| #define HAVE_LIMITS_H 1
| #define HAVE_LOCALE_H 1
| #define HAVE_VALUES_H 1
| #define HAVE_FLOAT_H 1
| #define HAVE_ERRNO_H 1
| /* end confdefs.h.  */
| #include <stdio.h>
| #ifdef HAVE_SYS_TYPES_H
| # include <sys/types.h>
| #endif
| #ifdef HAVE_SYS_STAT_H
| # include <sys/stat.h>
| #endif
| #ifdef STDC_HEADERS
| # include <stdlib.h>
| # include <stddef.h>
| #else
| # ifdef HAVE_STDLIB_H
| #  include <stdlib.h>
| # endif
| #endif
| #ifdef HAVE_STRING_H
| # if !defined STDC_HEADERS && defined HAVE_MEMORY_H
| #  include <memory.h>
| # endif
| # include <string.h>
| #endif
| #ifdef HAVE_STRINGS_H
| # include <strings.h>
| #endif
| #ifdef HAVE_INTTYPES_H
| # include <inttypes.h>
| #endif
| #ifdef HAVE_STDINT_H
| # include <stdint.h>
| #endif
| #ifdef HAVE_UNISTD_H
| # include <unistd.h>
| #endif
| #include <direct.h>
configure:20748: result: no
configure:20748: checking direct.h presence
configure:20748: gcc -E  conftest.c
conftest.c:38:10: fatal error: direct.h: No such file or directory
 #include <direct.h>
          ^~~~~~~~~~
compilation terminated.
configure:20748: $? = 1
configure: failed program was:
| /* confdefs.h */
| #define PACKAGE_NAME ""
| #define PACKAGE_TARNAME ""
| #define PACKAGE_VERSION ""
| #define PACKAGE_STRING ""
| #define PACKAGE_BUGREPORT ""
| #define PACKAGE_URL ""
| #define HAVE_GCC_WARNING_ZERO_AS_NULL_POINTER_CONSTANT 1
| #define HAVE_CXX11 1
| #define STDC_HEADERS 1
| #define HAVE_SYS_TYPES_H 1
| #define HAVE_SYS_STAT_H 1
| #define HAVE_STDLIB_H 1
| #define HAVE_STRING_H 1
| #define HAVE_MEMORY_H 1
| #define HAVE_STRINGS_H 1
| #define HAVE_INTTYPES_H 1
| #define HAVE_STDINT_H 1
| #define HAVE_UNISTD_H 1
| #define HAVE_DLFCN_H 1
| #define LT_OBJDIR ".libs/"
| #define HAVE_STD_IS_NAN 1
| #define HAVE_LIBDL 1
| #define HAVE_LIBRT 1
| #define HAVE_LIBM 1
| #define STDC_HEADERS 1
| #define HAVE_ASSERT_H 1
| #define HAVE_FCNTL_H 1
| #define HAVE_UNISTD_H 1
| #define HAVE_DLFCN_H 1
| #define HAVE_STDINT_H 1
| #define HAVE_LIMITS_H 1
| #define HAVE_LOCALE_H 1
| #define HAVE_VALUES_H 1
| #define HAVE_FLOAT_H 1
| #define HAVE_ERRNO_H 1
| /* end confdefs.h.  */
| #include <direct.h>
configure:20748: result: no
configure:20748: checking for direct.h
configure:20748: result: no
configure:20761: checking linux/userfaultfd.h usability
configure:20761: gcc -c -g -O2  conftest.c >&5
configure:20761: $? = 0
configure:20761: result: yes
configure:20761: checking linux/userfaultfd.h presence
configure:20761: gcc -E  conftest.c
configure:20761: $? = 0
configure:20761: result: yes
configure:20761: checking for linux/userfaultfd.h
configure:20761: result: yes
configure:20776: checking whether byte ordering is bigendian
configure:20791: gcc -c -g -O2  conftest.c >&5
conftest.c:40:9: error: unknown type name 'not'
         not a universal capable compiler
         ^~~
conftest.c:40:15: error: expected '=', ',', ';', 'asm' or '__attribute__' before 'universal'
         not a universal capable compiler
               ^~~~~~~~~
conftest.c:40:15: error: unknown type name 'universal'
configure:20791: $? = 1
configure: failed program was:
| /* confdefs.h */
| #define PACKAGE_NAME ""
| #define PACKAGE_TARNAME ""
| #define PACKAGE_VERSION ""
| #define PACKAGE_STRING ""
| #define PACKAGE_BUGREPORT ""
| #define PACKAGE_URL ""
| #define HAVE_GCC_WARNING_ZERO_AS_NULL_POINTER_CONSTANT 1
| #define HAVE_CXX11 1
| #define STDC_HEADERS 1
| #define HAVE_SYS_TYPES_H 1
| #define HAVE_SYS_STAT_H 1
| #define HAVE_STDLIB_H 1
| #define HAVE_STRING_H 1
| #define HAVE_MEMORY_H 1
| #define HAVE_STRINGS_H 1
| #define HAVE_INTTYPES_H 1
| #define HAVE_STDINT_H 1
| #define HAVE_UNISTD_H 1
| #define HAVE_DLFCN_H 1
| #define LT_OBJDIR ".libs/"
| #define HAVE_STD_IS_NAN 1
| #define HAVE_LIBDL 1
| #define HAVE_LIBRT 1
| #define HAVE_LIBM 1
| #define STDC_HEADERS 1
| #define HAVE_ASSERT_H 1
| #define HAVE_FCNTL_H 1
| #define HAVE_UNISTD_H 1
| #define HAVE_DLFCN_H 1
| #define HAVE_STDINT_H 1
| #define HAVE_LIMITS_H 1
| #define HAVE_LOCALE_H 1
| #define HAVE_VALUES_H 1
| #define HAVE_FLOAT_H 1
| #define HAVE_ERRNO_H 1
| #define HAVE_LINUX_USERFAULTFD_H 1
| /* end confdefs.h.  */
| #ifndef __APPLE_CC__
| 	       not a universal capable compiler
| 	     #endif
| 	     typedef int dummy;
| 
configure:20836: gcc -c -g -O2  conftest.c >&5
configure:20836: $? = 0
configure:20854: gcc -c -g -O2  conftest.c >&5
conftest.c: In function 'main':
conftest.c:46:4: error: unknown type name 'not'; did you mean 'ino_t'?
    not big endian
    ^~~
    ino_t
conftest.c:46:12: error: expected '=', ',', ';', 'asm' or '__attribute__' before 'endian'
    not big endian
            ^~~~~~
configure:20854: $? = 1
configure: failed program was:
| /* confdefs.h */
| #define PACKAGE_NAME ""
| #define PACKAGE_TARNAME ""
| #define PACKAGE_VERSION ""
| #define PACKAGE_STRING ""
| #define PACKAGE_BUGREPORT ""
| #define PACKAGE_URL ""
| #define HAVE_GCC_WARNING_ZERO_AS_NULL_POINTER_CONSTANT 1
| #define HAVE_CXX11 1
| #define STDC_HEADERS 1
| #define HAVE_SYS_TYPES_H 1
| #define HAVE_SYS_STAT_H 1
| #define HAVE_STDLIB_H 1
| #define HAVE_STRING_H 1
| #define HAVE_MEMORY_H 1
| #define HAVE_STRINGS_H 1
| #define HAVE_INTTYPES_H 1
| #define HAVE_STDINT_H 1
| #define HAVE_UNISTD_H 1
| #define HAVE_DLFCN_H 1
| #define LT_OBJDIR ".libs/"
| #define HAVE_STD_IS_NAN 1
| #define HAVE_LIBDL 1
| #define HAVE_LIBRT 1
| #define HAVE_LIBM 1
| #define STDC_HEADERS 1
| #define HAVE_ASSERT_H 1
| #define HAVE_FCNTL_H 1
| #define HAVE_UNISTD_H 1
| #define HAVE_DLFCN_H 1
| #define HAVE_STDINT_H 1
| #define HAVE_LIMITS_H 1
| #define HAVE_LOCALE_H 1
| #define HAVE_VALUES_H 1
| #define HAVE_FLOAT_H 1
| #define HAVE_ERRNO_H 1
| #define HAVE_LINUX_USERFAULTFD_H 1
| /* end confdefs.h.  */
| #include <sys/types.h>
| 		#include <sys/param.h>
| 
| int
| main ()
| {
| #if BYTE_ORDER != BIG_ENDIAN
| 		 not big endian
| 		#endif
| 
|   ;
|   return 0;
| }
configure:20982: result: no
configure:21002: checking for 64bit integer type
configure:21010: result: long long
configure:21025: checking for 64bit file io
configure:21121: result: yes
configure:21130: checking for stat64
configure:21130: gcc -o conftest -g -O2   conftest.c -lm -lrt -ldl  >&5
configure:21130: $? = 0
configure:21130: result: yes
configure:21139: checking for fopen64
configure:21139: gcc -o conftest -g -O2   conftest.c -lm -lrt -ldl  >&5
configure:21139: $? = 0
configure:21139: result: yes
configure:21146: checking for ftruncate64
configure:21146: gcc -o conftest -g -O2   conftest.c -lm -lrt -ldl  >&5
configure:21146: $? = 0
configure:21146: result: yes
configure:21203: checking size of int
configure:21208: gcc -o conftest -g -O2   conftest.c -lm -lrt -ldl  >&5
configure:21208: $? = 0
configure:21208: ./conftest
configure:21208: $? = 0
configure:21222: result: 4
configure:21236: checking size of unsigned long
configure:21241: gcc -o conftest -g -O2   conftest.c -lm -lrt -ldl  >&5
configure:21241: $? = 0
configure:21241: ./conftest
configure:21241: $? = 0
configure:21255: result: 8
configure:21269: checking size of void*
configure:21274: gcc -o conftest -g -O2   conftest.c -lm -lrt -ldl  >&5
configure:21274: $? = 0
configure:21274: ./conftest
configure:21274: $? = 0
configure:21288: result: 8
configure:21298: checking for int8
configure:21298: gcc -c -g -O2  conftest.c >&5
conftest.c: In function 'main':
conftest.c:60:13: error: 'int8' undeclared (first use in this function); did you mean 'int'?
 if (sizeof (int8))
             ^~~~
             int
conftest.c:60:13: note: each undeclared identifier is reported only once for each function it appears in
configure:21298: $? = 1
configure: failed program was:
| /* confdefs.h */
| #define PACKAGE_NAME ""
| #define PACKAGE_TARNAME ""
| #define PACKAGE_VERSION ""
| #define PACKAGE_STRING ""
| #define PACKAGE_BUGREPORT ""
| #define PACKAGE_URL ""
| #define HAVE_GCC_WARNING_ZERO_AS_NULL_POINTER_CONSTANT 1
| #define HAVE_CXX11 1
| #define STDC_HEADERS 1
| #define HAVE_SYS_TYPES_H 1
| #define HAVE_SYS_STAT_H 1
| #define HAVE_STDLIB_H 1
| #define HAVE_STRING_H 1
| #define HAVE_MEMORY_H 1
| #define HAVE_STRINGS_H 1
| #define HAVE_INTTYPES_H 1
| #define HAVE_STDINT_H 1
| #define HAVE_UNISTD_H 1
| #define HAVE_DLFCN_H 1
| #define LT_OBJDIR ".libs/"
| #define HAVE_STD_IS_NAN 1
| #define HAVE_LIBDL 1
| #define HAVE_LIBRT 1
| #define HAVE_LIBM 1
| #define STDC_HEADERS 1
| #define HAVE_ASSERT_H 1
| #define HAVE_FCNTL_H 1
| #define HAVE_UNISTD_H 1
| #define HAVE_DLFCN_H 1
| #define HAVE_STDINT_H 1
| #define HAVE_LIMITS_H 1
| #define HAVE_LOCALE_H 1
| #define HAVE_VALUES_H 1
| #define HAVE_FLOAT_H 1
| #define HAVE_ERRNO_H 1
| #define HAVE_LINUX_USERFAULTFD_H 1
| #define HAVE_LONG_LONG 1
| #define UNIX_STDIO_64 1
| #define VSI_LARGE_API_SUPPORTED 1
| #define VSI_FTELL64 ftello64
| #define VSI_FSEEK64 fseeko64
| #define VSI_STAT64 stat64
| #define VSI_STAT64_T stat64
| #define VSI_FOPEN64 fopen64
| #define VSI_FTRUNCATE64 ftruncate64
| #define SIZEOF_INT 4
| #define SIZEOF_UNSIGNED_LONG 8
| #define SIZEOF_VOIDP 8
| /* end confdefs.h.  */
| 
| #if HAVE_INTTYPES_H
| # include <inttypes.h>
| #endif
| 
| 
| int
| main ()
| {
| if (sizeof (int8))
| 	 return 0;
|   ;
|   return 0;
| }
configure:21298: result: no
configure:21312: checking for int16
configure:21312: gcc -c -g -O2  conftest.c >&5
conftest.c: In function 'main':
conftest.c:60:13: error: 'int16' undeclared (first use in this function); did you mean 'int16_t'?
 if (sizeof (int16))
             ^~~~~
             int16_t
conftest.c:60:13: note: each undeclared identifier is reported only once for each function it appears in
configure:21312: $? = 1
configure: failed program was:
| /* confdefs.h */
| #define PACKAGE_NAME ""
| #define PACKAGE_TARNAME ""
| #define PACKAGE_VERSION ""
| #define PACKAGE_STRING ""
| #define PACKAGE_BUGREPORT ""
| #define PACKAGE_URL ""
| #define HAVE_GCC_WARNING_ZERO_AS_NULL_POINTER_CONSTANT 1
| #define HAVE_CXX11 1
| #define STDC_HEADERS 1
| #define HAVE_SYS_TYPES_H 1
| #define HAVE_SYS_STAT_H 1
| #define HAVE_STDLIB_H 1
| #define HAVE_STRING_H 1
| #define HAVE_MEMORY_H 1
| #define HAVE_STRINGS_H 1
| #define HAVE_INTTYPES_H 1
| #define HAVE_STDINT_H 1
| #define HAVE_UNISTD_H 1
| #define HAVE_DLFCN_H 1
| #define LT_OBJDIR ".libs/"
| #define HAVE_STD_IS_NAN 1
| #define HAVE_LIBDL 1
| #define HAVE_LIBRT 1
| #define HAVE_LIBM 1
| #define STDC_HEADERS 1
| #define HAVE_ASSERT_H 1
| #define HAVE_FCNTL_H 1
| #define HAVE_UNISTD_H 1
| #define HAVE_DLFCN_H 1
| #define HAVE_STDINT_H 1
| #define HAVE_LIMITS_H 1
| #define HAVE_LOCALE_H 1
| #define HAVE_VALUES_H 1
| #define HAVE_FLOAT_H 1
| #define HAVE_ERRNO_H 1
| #define HAVE_LINUX_USERFAULTFD_H 1
| #define HAVE_LONG_LONG 1
| #define UNIX_STDIO_64 1
| #define VSI_LARGE_API_SUPPORTED 1
| #define VSI_FTELL64 ftello64
| #define VSI_FSEEK64 fseeko64
| #define VSI_STAT64 stat64
| #define VSI_STAT64_T stat64
| #define VSI_FOPEN64 fopen64
| #define VSI_FTRUNCATE64 ftruncate64
| #define SIZEOF_INT 4
| #define SIZEOF_UNSIGNED_LONG 8
| #define SIZEOF_VOIDP 8
| /* end confdefs.h.  */
| 
| #if HAVE_INTTYPES_H
| # include <inttypes.h>
| #endif
| 
| 
| int
| main ()
| {
| if (sizeof (int16))
| 	 return 0;
|   ;
|   return 0;
| }
configure:21312: result: no
configure:21326: checking for int32
configure:21326: gcc -c -g -O2  conftest.c >&5
conftest.c: In function 'main':
conftest.c:60:13: error: 'int32' undeclared (first use in this function); did you mean 'int32_t'?
 if (sizeof (int32))
             ^~~~~
             int32_t
conftest.c:60:13: note: each undeclared identifier is reported only once for each function it appears in
configure:21326: $? = 1
configure: failed program was:
| /* confdefs.h */
| #define PACKAGE_NAME ""
| #define PACKAGE_TARNAME ""
| #define PACKAGE_VERSION ""
| #define PACKAGE_STRING ""
| #define PACKAGE_BUGREPORT ""
| #define PACKAGE_URL ""
| #define HAVE_GCC_WARNING_ZERO_AS_NULL_POINTER_CONSTANT 1
| #define HAVE_CXX11 1
| #define STDC_HEADERS 1
| #define HAVE_SYS_TYPES_H 1
| #define HAVE_SYS_STAT_H 1
| #define HAVE_STDLIB_H 1
| #define HAVE_STRING_H 1
| #define HAVE_MEMORY_H 1
| #define HAVE_STRINGS_H 1
| #define HAVE_INTTYPES_H 1
| #define HAVE_STDINT_H 1
| #define HAVE_UNISTD_H 1
| #define HAVE_DLFCN_H 1
| #define LT_OBJDIR ".libs/"
| #define HAVE_STD_IS_NAN 1
| #define HAVE_LIBDL 1
| #define HAVE_LIBRT 1
| #define HAVE_LIBM 1
| #define STDC_HEADERS 1
| #define HAVE_ASSERT_H 1
| #define HAVE_FCNTL_H 1
| #define HAVE_UNISTD_H 1
| #define HAVE_DLFCN_H 1
| #define HAVE_STDINT_H 1
| #define HAVE_LIMITS_H 1
| #define HAVE_LOCALE_H 1
| #define HAVE_VALUES_H 1
| #define HAVE_FLOAT_H 1
| #define HAVE_ERRNO_H 1
| #define HAVE_LINUX_USERFAULTFD_H 1
| #define HAVE_LONG_LONG 1
| #define UNIX_STDIO_64 1
| #define VSI_LARGE_API_SUPPORTED 1
| #define VSI_FTELL64 ftello64
| #define VSI_FSEEK64 fseeko64
| #define VSI_STAT64 stat64
| #define VSI_STAT64_T stat64
| #define VSI_FOPEN64 fopen64
| #define VSI_FTRUNCATE64 ftruncate64
| #define SIZEOF_INT 4
| #define SIZEOF_UNSIGNED_LONG 8
| #define SIZEOF_VOIDP 8
| /* end confdefs.h.  */
| 
| #if HAVE_INTTYPES_H
| # include <inttypes.h>
| #endif
| 
| 
| int
| main ()
| {
| if (sizeof (int32))
| 	 return 0;
|   ;
|   return 0;
| }
configure:21326: result: no
configure:21341: checking for uintptr_t
configure:21341: gcc -c -g -O2  conftest.c >&5
configure:21341: $? = 0
configure:21341: gcc -c -g -O2  conftest.c >&5
conftest.c: In function 'main':
conftest.c:87:24: error: expected expression before ')' token
 if (sizeof ((uintptr_t)))
                        ^
configure:21341: $? = 1
configure: failed program was:
| /* confdefs.h */
| #define PACKAGE_NAME ""
| #define PACKAGE_TARNAME ""
| #define PACKAGE_VERSION ""
| #define PACKAGE_STRING ""
| #define PACKAGE_BUGREPORT ""
| #define PACKAGE_URL ""
| #define HAVE_GCC_WARNING_ZERO_AS_NULL_POINTER_CONSTANT 1
| #define HAVE_CXX11 1
| #define STDC_HEADERS 1
| #define HAVE_SYS_TYPES_H 1
| #define HAVE_SYS_STAT_H 1
| #define HAVE_STDLIB_H 1
| #define HAVE_STRING_H 1
| #define HAVE_MEMORY_H 1
| #define HAVE_STRINGS_H 1
| #define HAVE_INTTYPES_H 1
| #define HAVE_STDINT_H 1
| #define HAVE_UNISTD_H 1
| #define HAVE_DLFCN_H 1
| #define LT_OBJDIR ".libs/"
| #define HAVE_STD_IS_NAN 1
| #define HAVE_LIBDL 1
| #define HAVE_LIBRT 1
| #define HAVE_LIBM 1
| #define STDC_HEADERS 1
| #define HAVE_ASSERT_H 1
| #define HAVE_FCNTL_H 1
| #define HAVE_UNISTD_H 1
| #define HAVE_DLFCN_H 1
| #define HAVE_STDINT_H 1
| #define HAVE_LIMITS_H 1
| #define HAVE_LOCALE_H 1
| #define HAVE_VALUES_H 1
| #define HAVE_FLOAT_H 1
| #define HAVE_ERRNO_H 1
| #define HAVE_LINUX_USERFAULTFD_H 1
| #define HAVE_LONG_LONG 1
| #define UNIX_STDIO_64 1
| #define VSI_LARGE_API_SUPPORTED 1
| #define VSI_FTELL64 ftello64
| #define VSI_FSEEK64 fseeko64
| #define VSI_STAT64 stat64
| #define VSI_STAT64_T stat64
| #define VSI_FOPEN64 fopen64
| #define VSI_FTRUNCATE64 ftruncate64
| #define SIZEOF_INT 4
| #define SIZEOF_UNSIGNED_LONG 8
| #define SIZEOF_VOIDP 8
| /* end confdefs.h.  */
| #include <stdio.h>
| #ifdef HAVE_SYS_TYPES_H
| # include <sys/types.h>
| #endif
| #ifdef HAVE_SYS_STAT_H
| # include <sys/stat.h>
| #endif
| #ifdef STDC_HEADERS
| # include <stdlib.h>
| # include <stddef.h>
| #else
| # ifdef HAVE_STDLIB_H
| #  include <stdlib.h>
| # endif
| #endif
| #ifdef HAVE_STRING_H
| # if !defined STDC_HEADERS && defined HAVE_MEMORY_H
| #  include <memory.h>
| # endif
| # include <string.h>
| #endif
| #ifdef HAVE_STRINGS_H
| # include <strings.h>
| #endif
| #ifdef HAVE_INTTYPES_H
| # include <inttypes.h>
| #endif
| #ifdef HAVE_STDINT_H
| # include <stdint.h>
| #endif
| #ifdef HAVE_UNISTD_H
| # include <unistd.h>
| #endif
| int
| main ()
| {
| if (sizeof ((uintptr_t)))
| 	    return 0;
|   ;
|   return 0;
| }
configure:21341: result: yes
configure:21359: checking native cpu bit order
configure:21364: result: lsb2msb
configure:21381: checking for vprintf
configure:21381: gcc -o conftest -g -O2   conftest.c -lm -lrt -ldl  >&5
conftest.c:77:6: warning: conflicting types for built-in function 'vprintf' [-Wbuiltin-declaration-mismatch]
 char vprintf ();
      ^~~~~~~
configure:21381: $? = 0
configure:21381: result: yes
configure:21387: checking for _doprnt
configure:21387: gcc -o conftest -g -O2   conftest.c -lm -lrt -ldl  >&5
/tmp/ccutfaBo.o: In function `main':
/home/tiarnan/webmapping/gdal-3.0.2/conftest.c:89: undefined reference to `_doprnt'
collect2: error: ld returned 1 exit status
configure:21387: $? = 1
configure: failed program was:
| /* confdefs.h */
| #define PACKAGE_NAME ""
| #define PACKAGE_TARNAME ""
| #define PACKAGE_VERSION ""
| #define PACKAGE_STRING ""
| #define PACKAGE_BUGREPORT ""
| #define PACKAGE_URL ""
| #define HAVE_GCC_WARNING_ZERO_AS_NULL_POINTER_CONSTANT 1
| #define HAVE_CXX11 1
| #define STDC_HEADERS 1
| #define HAVE_SYS_TYPES_H 1
| #define HAVE_SYS_STAT_H 1
| #define HAVE_STDLIB_H 1
| #define HAVE_STRING_H 1
| #define HAVE_MEMORY_H 1
| #define HAVE_STRINGS_H 1
| #define HAVE_INTTYPES_H 1
| #define HAVE_STDINT_H 1
| #define HAVE_UNISTD_H 1
| #define HAVE_DLFCN_H 1
| #define LT_OBJDIR ".libs/"
| #define HAVE_STD_IS_NAN 1
| #define HAVE_LIBDL 1
| #define HAVE_LIBRT 1
| #define HAVE_LIBM 1
| #define STDC_HEADERS 1
| #define HAVE_ASSERT_H 1
| #define HAVE_FCNTL_H 1
| #define HAVE_UNISTD_H 1
| #define HAVE_DLFCN_H 1
| #define HAVE_STDINT_H 1
| #define HAVE_LIMITS_H 1
| #define HAVE_LOCALE_H 1
| #define HAVE_VALUES_H 1
| #define HAVE_FLOAT_H 1
| #define HAVE_ERRNO_H 1
| #define HAVE_LINUX_USERFAULTFD_H 1
| #define HAVE_LONG_LONG 1
| #define UNIX_STDIO_64 1
| #define VSI_LARGE_API_SUPPORTED 1
| #define VSI_FTELL64 ftello64
| #define VSI_FSEEK64 fseeko64
| #define VSI_STAT64 stat64
| #define VSI_STAT64_T stat64
| #define VSI_FOPEN64 fopen64
| #define VSI_FTRUNCATE64 ftruncate64
| #define SIZEOF_INT 4
| #define SIZEOF_UNSIGNED_LONG 8
| #define SIZEOF_VOIDP 8
| #define HAVE_UINTPTR_T 1
| #define HAVE_IEEEFP 1
| #define HOST_FILLORDER FILLORDER_LSB2MSB
| #define HAVE_VPRINTF 1
| /* end confdefs.h.  */
| /* Define _doprnt to an innocuous variant, in case <limits.h> declares _doprnt.
|    For example, HP-UX 11i <limits.h> declares gettimeofday.  */
| #define _doprnt innocuous__doprnt
| 
| /* System header to define __stub macros and hopefully few prototypes,
|     which can conflict with char _doprnt (); below.
|     Prefer <limits.h> to <assert.h> if __STDC__ is defined, since
|     <limits.h> exists even on freestanding compilers.  */
| 
| #ifdef __STDC__
| # include <limits.h>
| #else
| # include <assert.h>
| #endif
| 
| #undef _doprnt
| 
| /* Override any GCC internal prototype to avoid an error.
|    Use char because int might match the return type of a GCC
|    builtin and then its argument prototype would still apply.  */
| #ifdef __cplusplus
| extern "C"
| #endif
| char _doprnt ();
| /* The GNU C library defines this for functions which it implements
|     to always fail with ENOSYS.  Some functions are actually named
|     something starting with __ and the normal name is an alias.  */
| #if defined __stub__doprnt || defined __stub____doprnt
| choke me
| #endif
| 
| int
| main ()
| {
| return _doprnt ();
|   ;
|   return 0;
| }
configure:21387: result: no
configure:21401: checking for snprintf
configure:21401: gcc -o conftest -g -O2   conftest.c -lm -lrt -ldl  >&5
conftest.c:78:6: warning: conflicting types for built-in function 'snprintf' [-Wbuiltin-declaration-mismatch]
 char snprintf ();
      ^~~~~~~~
configure:21401: $? = 0
configure:21401: result: yes
configure:21401: checking for vsnprintf
configure:21401: gcc -o conftest -g -O2   conftest.c -lm -lrt -ldl  >&5
conftest.c:79:6: warning: conflicting types for built-in function 'vsnprintf' [-Wbuiltin-declaration-mismatch]
 char vsnprintf ();
      ^~~~~~~~~
configure:21401: $? = 0
configure:21401: result: yes
configure:21412: checking for atoll
configure:21412: gcc -o conftest -g -O2   conftest.c -lm -lrt -ldl  >&5
configure:21412: $? = 0
configure:21412: result: yes
configure:21423: checking for strtoull
configure:21423: gcc -o conftest -g -O2   conftest.c -lm -lrt -ldl  >&5
configure:21423: $? = 0
configure:21423: result: yes
configure:21434: checking for strtof
configure:21434: gcc -o conftest -g -O2   conftest.c -lm -lrt -ldl  >&5
configure:21434: $? = 0
configure:21434: result: yes
configure:21445: checking for getcwd
configure:21445: gcc -o conftest -g -O2   conftest.c -lm -lrt -ldl  >&5
configure:21445: $? = 0
configure:21445: result: yes
configure:21455: checking whether strtof is declared
configure:21455: gcc -c -g -O2  conftest.c >&5
configure:21455: $? = 0
configure:21455: result: yes
configure:21469: checking for readlink
configure:21469: gcc -o conftest -g -O2   conftest.c -lm -lrt -ldl  >&5
configure:21469: $? = 0
configure:21469: result: yes
configure:21480: checking for lstat
configure:21480: gcc -o conftest -g -O2   conftest.c -lm -lrt -ldl  >&5
configure:21480: $? = 0
configure:21480: result: yes
configure:21491: checking for posix_spawnp
configure:21491: gcc -o conftest -g -O2   conftest.c -lm -lrt -ldl  >&5
configure:21491: $? = 0
configure:21491: result: yes
configure:21502: checking for posix_memalign
configure:21502: gcc -o conftest -g -O2   conftest.c -lm -lrt -ldl  >&5
conftest.c:88:6: warning: conflicting types for built-in function 'posix_memalign' [-Wbuiltin-declaration-mismatch]
 char posix_memalign ();
      ^~~~~~~~~~~~~~
configure:21502: $? = 0
configure:21502: result: yes
configure:21513: checking for vfork
configure:21513: gcc -o conftest -g -O2   conftest.c -lm -lrt -ldl  >&5
configure:21513: $? = 0
configure:21513: result: yes
configure:21524: checking for mmap
configure:21524: gcc -o conftest -g -O2   conftest.c -lm -lrt -ldl  >&5
configure:21524: $? = 0
configure:21524: result: yes
configure:21535: checking for sigaction
configure:21535: gcc -o conftest -g -O2   conftest.c -lm -lrt -ldl  >&5
configure:21535: $? = 0
configure:21535: result: yes
configure:21546: checking for statvfs
configure:21546: gcc -o conftest -g -O2   conftest.c -lm -lrt -ldl  >&5
configure:21546: $? = 0
configure:21546: result: yes
configure:21557: checking for statvfs64
configure:21557: gcc -o conftest -g -O2   conftest.c -lm -lrt -ldl  >&5
configure:21557: $? = 0
configure:21557: result: yes
configure:21568: checking for getrlimit
configure:21568: gcc -o conftest -g -O2   conftest.c -lm -lrt -ldl  >&5
configure:21568: $? = 0
configure:21568: result: yes
configure:21578: checking for RLIMIT_AS
configure:21596: gcc -c -g -O2  conftest.c >&5
configure:21596: $? = 0
configure:21598: result: yes
configure:21622: checking for gmtime_r
configure:21645: g++ -o conftest -g -O2   conftest.cpp -lm -lrt -ldl  >&5
configure:21645: $? = 0
configure:21653: result: yes
configure:21658: checking for localtime_r
configure:21681: g++ -o conftest -g -O2   conftest.cpp -lm -lrt -ldl  >&5
configure:21681: $? = 0
configure:21689: result: yes
configure:21701: checking for uselocale
configure:21729: g++ -c -g -O2  conftest.cpp >&5
configure:21729: $? = 0
configure:21731: result: yes
configure:21758: checking to enable debug build
configure:21811: result: no, CFLAGS="-g -O2"
configure:21821: checking whether GCC 4.1 atomic builtins are available
configure:21828: result: yes
configure:21846: checking whether GCC bswap builtins are available
configure:21854: result: yes
configure:21872: checking for __uint128_t
configure:21891: gcc -c -g -O2  conftest.c >&5
configure:21891: $? = 0
configure:21893: result: yes
configure:21917: checking whether SSE is available at compile time
configure:21930: result: yes
configure:21994: checking whether SSSE3 is available at compile time
configure:22013: result: yes
configure:22071: checking whether AVX is available at compile time
configure:22095: result: yes
configure:22146: checking to enable LTO (link time optimization) build
configure:22183: result: no
configure:22267: checking whether we should hide internal symbols
configure:22269: result: no
configure:22354: checking for local include/lib path
configure:22378: result: none
configure:22396: checking for pthread_create in -lpthread
configure:22421: gcc -o conftest -DHAVE_AVX_AT_COMPILE_TIME -DHAVE_SSSE3_AT_COMPILE_TIME -DHAVE_SSE_AT_COMPILE_TIME -g -O2   conftest.c -lpthread  -lm -lrt -ldl  >&5
configure:22421: $? = 0
configure:22430: result: yes
configure:22484: checking for PTHREAD_MUTEX_RECURSIVE
configure:22503: gcc -c -DHAVE_AVX_AT_COMPILE_TIME -DHAVE_SSSE3_AT_COMPILE_TIME -DHAVE_SSE_AT_COMPILE_TIME -g -O2  conftest.c >&5
configure:22503: $? = 0
configure:22505: result: yes
configure:22523: checking for PTHREAD_MUTEX_ADAPTIVE_NP
configure:22542: gcc -c -DHAVE_AVX_AT_COMPILE_TIME -DHAVE_SSSE3_AT_COMPILE_TIME -DHAVE_SSE_AT_COMPILE_TIME -g -O2  conftest.c >&5
configure:22542: $? = 0
configure:22544: result: yes
configure:22560: checking for pthread_spinlock_t
configure:22580: gcc -c -DHAVE_AVX_AT_COMPILE_TIME -DHAVE_SSSE3_AT_COMPILE_TIME -DHAVE_SSE_AT_COMPILE_TIME -g -O2  conftest.c >&5
configure:22580: $? = 0
configure:22582: result: yes
configure:22627: checking for 5 args mremap()
configure:22646: gcc -c -DHAVE_AVX_AT_COMPILE_TIME -DHAVE_SSSE3_AT_COMPILE_TIME -DHAVE_SSE_AT_COMPILE_TIME -g -O2  conftest.c >&5
conftest.c: In function 'main':
conftest.c:90:9: warning: return makes integer from pointer without a cast [-Wint-conversion]
 return (mremap(0,0,0,0,0));
        ~^~~~~~~~~~~~~~~~~~
configure:22646: $? = 0
configure:22648: result: yes
configure:22665: checking for _SC_PHYS_PAGES
configure:22683: gcc -c -DHAVE_AVX_AT_COMPILE_TIME -DHAVE_SSSE3_AT_COMPILE_TIME -DHAVE_SSE_AT_COMPILE_TIME -g -O2  conftest.c >&5
configure:22683: $? = 0
configure:22685: result: yes
configure:22711: checking for deflateInit_ in -lz
configure:22736: gcc -o conftest -DHAVE_AVX_AT_COMPILE_TIME -DHAVE_SSSE3_AT_COMPILE_TIME -DHAVE_SSE_AT_COMPILE_TIME -g -O2   conftest.c -lz  -lpthread -lm -lrt -ldl  >&5
/usr/bin/ld: cannot find -lz
collect2: error: ld returned 1 exit status
configure:22736: $? = 1
configure: failed program was:
| /* confdefs.h */
| #define PACKAGE_NAME ""
| #define PACKAGE_TARNAME ""
| #define PACKAGE_VERSION ""
| #define PACKAGE_STRING ""
| #define PACKAGE_BUGREPORT ""
| #define PACKAGE_URL ""
| #define HAVE_GCC_WARNING_ZERO_AS_NULL_POINTER_CONSTANT 1
| #define HAVE_CXX11 1
| #define STDC_HEADERS 1
| #define HAVE_SYS_TYPES_H 1
| #define HAVE_SYS_STAT_H 1
| #define HAVE_STDLIB_H 1
| #define HAVE_STRING_H 1
| #define HAVE_MEMORY_H 1
| #define HAVE_STRINGS_H 1
| #define HAVE_INTTYPES_H 1
| #define HAVE_STDINT_H 1
| #define HAVE_UNISTD_H 1
| #define HAVE_DLFCN_H 1
| #define LT_OBJDIR ".libs/"
| #define HAVE_STD_IS_NAN 1
| #define HAVE_LIBDL 1
| #define HAVE_LIBRT 1
| #define HAVE_LIBM 1
| #define STDC_HEADERS 1
| #define HAVE_ASSERT_H 1
| #define HAVE_FCNTL_H 1
| #define HAVE_UNISTD_H 1
| #define HAVE_DLFCN_H 1
| #define HAVE_STDINT_H 1
| #define HAVE_LIMITS_H 1
| #define HAVE_LOCALE_H 1
| #define HAVE_VALUES_H 1
| #define HAVE_FLOAT_H 1
| #define HAVE_ERRNO_H 1
| #define HAVE_LINUX_USERFAULTFD_H 1
| #define HAVE_LONG_LONG 1
| #define UNIX_STDIO_64 1
| #define VSI_LARGE_API_SUPPORTED 1
| #define VSI_FTELL64 ftello64
| #define VSI_FSEEK64 fseeko64
| #define VSI_STAT64 stat64
| #define VSI_STAT64_T stat64
| #define VSI_FOPEN64 fopen64
| #define VSI_FTRUNCATE64 ftruncate64
| #define SIZEOF_INT 4
| #define SIZEOF_UNSIGNED_LONG 8
| #define SIZEOF_VOIDP 8
| #define HAVE_UINTPTR_T 1
| #define HAVE_IEEEFP 1
| #define HOST_FILLORDER FILLORDER_LSB2MSB
| #define HAVE_VPRINTF 1
| #define HAVE_SNPRINTF 1
| #define HAVE_VSNPRINTF 1
| #define HAVE_ATOLL 1
| #define HAVE_STRTOULL 1
| #define HAVE_STRTOF 1
| #define HAVE_GETCWD 1
| #define HAVE_DECL_STRTOF 1
| #define HAVE_READLINK 1
| #define HAVE_LSTAT 1
| #define HAVE_POSIX_SPAWNP 1
| #define HAVE_POSIX_MEMALIGN 1
| #define HAVE_VFORK 1
| #define HAVE_MMAP 1
| #define HAVE_SIGACTION 1
| #define HAVE_STATVFS 1
| #define HAVE_STATVFS64 1
| #define HAVE_GETRLIMIT 1
| #define HAVE_RLIMIT_AS 1
| #define HAVE_USELOCALE 1
| #define HAVE_GCC_ATOMIC_BUILTINS 1
| #define HAVE_GCC_BSWAP 1
| #define HAVE_UINT128_T 1
| #define HAVE_GETADDRINFO 1
| #define HAVE_PTHREAD_MUTEX_RECURSIVE 1
| #define HAVE_PTHREAD_MUTEX_ADAPTIVE_NP 1
| #define HAVE_PTHREAD_SPINLOCK 1
| #define CPL_MULTIPROC_PTHREAD 1
| #define HAVE_5ARGS_MREMAP 1
| #define HAVE_SC_PHYS_PAGES 1
| /* end confdefs.h.  */
| 
| /* Override any GCC internal prototype to avoid an error.
|    Use char because int might match the return type of a GCC
|    builtin and then its argument prototype would still apply.  */
| #ifdef __cplusplus
| extern "C"
| #endif
| char deflateInit_ ();
| int
| main ()
| {
| return deflateInit_ ();
|   ;
|   return 0;
| }
configure:22745: result: no
configure:22805: result: using internal libz code as deflateInit_ is missing
configure:22924: result: using internal libz code.
configure:22971: checking for ld used by GCC
configure:23035: result: /usr/bin/ld -m elf_x86_64
configure:23042: checking if the linker (/usr/bin/ld -m elf_x86_64) is GNU ld
configure:23055: result: yes
configure:23062: checking for shared library run path origin
configure:23075: result: done
configure:23583: checking for iconv
configure:23607: gcc -o conftest -DHAVE_AVX_AT_COMPILE_TIME -DHAVE_SSSE3_AT_COMPILE_TIME -DHAVE_SSE_AT_COMPILE_TIME -g -O2   conftest.c -lpthread -lm -lrt -ldl  >&5
configure:23607: $? = 0
configure:23641: result: yes
configure:23644: checking for working iconv
configure:23764: gcc -o conftest -DHAVE_AVX_AT_COMPILE_TIME -DHAVE_SSSE3_AT_COMPILE_TIME -DHAVE_SSE_AT_COMPILE_TIME -g -O2   conftest.c -lpthread -lm -lrt -ldl  >&5
configure:23764: $? = 0
configure:23764: ./conftest
configure:23764: $? = 0
configure:23776: result: yes
configure:23804: checking for iconv declaration
configure:23833: gcc -c -DHAVE_AVX_AT_COMPILE_TIME -DHAVE_SSSE3_AT_COMPILE_TIME -DHAVE_SSE_AT_COMPILE_TIME -g -O2  conftest.c >&5
configure:23833: $? = 0
configure:23844: result:
         extern size_t iconv (iconv_t cd, char * *inbuf, size_t *inbytesleft, char * *outbuf, size_t *outbytesleft);
configure:23865: result: using ICONV_CPP_CONST=""
configure:23879: checking for PROJ >= 6 library
configure:23905: checking for proj_create_from_wkt in -lproj
configure:23930: g++ -o conftest -DHAVE_AVX_AT_COMPILE_TIME -DHAVE_SSSE3_AT_COMPILE_TIME -DHAVE_SSE_AT_COMPILE_TIME -g -O2   conftest.cpp -lproj  -lproj -lpthread -lm -lrt -ldl  >&5
/tmp/ccgPckjN.o: In function `main':
/home/tiarnan/webmapping/gdal-3.0.2/conftest.cpp:98: undefined reference to `proj_create_from_wkt'
collect2: error: ld returned 1 exit status
configure:23930: $? = 1
configure: failed program was:
| /* confdefs.h */
| #define PACKAGE_NAME ""
| #define PACKAGE_TARNAME ""
| #define PACKAGE_VERSION ""
| #define PACKAGE_STRING ""
| #define PACKAGE_BUGREPORT ""
| #define PACKAGE_URL ""
| #define HAVE_GCC_WARNING_ZERO_AS_NULL_POINTER_CONSTANT 1
| #define HAVE_CXX11 1
| #define STDC_HEADERS 1
| #define HAVE_SYS_TYPES_H 1
| #define HAVE_SYS_STAT_H 1
| #define HAVE_STDLIB_H 1
| #define HAVE_STRING_H 1
| #define HAVE_MEMORY_H 1
| #define HAVE_STRINGS_H 1
| #define HAVE_INTTYPES_H 1
| #define HAVE_STDINT_H 1
| #define HAVE_UNISTD_H 1
| #define HAVE_DLFCN_H 1
| #define LT_OBJDIR ".libs/"
| #define HAVE_STD_IS_NAN 1
| #define HAVE_LIBDL 1
| #define HAVE_LIBRT 1
| #define HAVE_LIBM 1
| #define STDC_HEADERS 1
| #define HAVE_ASSERT_H 1
| #define HAVE_FCNTL_H 1
| #define HAVE_UNISTD_H 1
| #define HAVE_DLFCN_H 1
| #define HAVE_STDINT_H 1
| #define HAVE_LIMITS_H 1
| #define HAVE_LOCALE_H 1
| #define HAVE_VALUES_H 1
| #define HAVE_FLOAT_H 1
| #define HAVE_ERRNO_H 1
| #define HAVE_LINUX_USERFAULTFD_H 1
| #define HAVE_LONG_LONG 1
| #define UNIX_STDIO_64 1
| #define VSI_LARGE_API_SUPPORTED 1
| #define VSI_FTELL64 ftello64
| #define VSI_FSEEK64 fseeko64
| #define VSI_STAT64 stat64
| #define VSI_STAT64_T stat64
| #define VSI_FOPEN64 fopen64
| #define VSI_FTRUNCATE64 ftruncate64
| #define SIZEOF_INT 4
| #define SIZEOF_UNSIGNED_LONG 8
| #define SIZEOF_VOIDP 8
| #define HAVE_UINTPTR_T 1
| #define HAVE_IEEEFP 1
| #define HOST_FILLORDER FILLORDER_LSB2MSB
| #define HAVE_VPRINTF 1
| #define HAVE_SNPRINTF 1
| #define HAVE_VSNPRINTF 1
| #define HAVE_ATOLL 1
| #define HAVE_STRTOULL 1
| #define HAVE_STRTOF 1
| #define HAVE_GETCWD 1
| #define HAVE_DECL_STRTOF 1
| #define HAVE_READLINK 1
| #define HAVE_LSTAT 1
| #define HAVE_POSIX_SPAWNP 1
| #define HAVE_POSIX_MEMALIGN 1
| #define HAVE_VFORK 1
| #define HAVE_MMAP 1
| #define HAVE_SIGACTION 1
| #define HAVE_STATVFS 1
| #define HAVE_STATVFS64 1
| #define HAVE_GETRLIMIT 1
| #define HAVE_RLIMIT_AS 1
| #define HAVE_USELOCALE 1
| #define HAVE_GCC_ATOMIC_BUILTINS 1
| #define HAVE_GCC_BSWAP 1
| #define HAVE_UINT128_T 1
| #define HAVE_GETADDRINFO 1
| #define HAVE_PTHREAD_MUTEX_RECURSIVE 1
| #define HAVE_PTHREAD_MUTEX_ADAPTIVE_NP 1
| #define HAVE_PTHREAD_SPINLOCK 1
| #define CPL_MULTIPROC_PTHREAD 1
| #define HAVE_5ARGS_MREMAP 1
| #define HAVE_SC_PHYS_PAGES 1
| #define HAVE_ICONV 1
| #define ICONV_CONST 
| #define ICONV_CPP_CONST 
| /* end confdefs.h.  */
| 
| /* Override any GCC internal prototype to avoid an error.
|    Use char because int might match the return type of a GCC
|    builtin and then its argument prototype would still apply.  */
| #ifdef __cplusplus
| extern "C"
| #endif
| char proj_create_from_wkt ();
| int
| main ()
| {
| return proj_create_from_wkt ();
|   ;
|   return 0;
| }
configure:23939: result: no
configure:23960: checking for internal_proj_create_from_wkt in -lproj
configure:23985: g++ -o conftest -DHAVE_AVX_AT_COMPILE_TIME -DHAVE_SSSE3_AT_COMPILE_TIME -DHAVE_SSE_AT_COMPILE_TIME -g -O2   conftest.cpp -lproj  -lproj -lpthread -lm -lrt -ldl  >&5
/tmp/ccKcBFzR.o: In function `main':
/home/tiarnan/webmapping/gdal-3.0.2/conftest.cpp:98: undefined reference to `internal_proj_create_from_wkt'
collect2: error: ld returned 1 exit status
configure:23985: $? = 1
configure: failed program was:
| /* confdefs.h */
| #define PACKAGE_NAME ""
| #define PACKAGE_TARNAME ""
| #define PACKAGE_VERSION ""
| #define PACKAGE_STRING ""
| #define PACKAGE_BUGREPORT ""
| #define PACKAGE_URL ""
| #define HAVE_GCC_WARNING_ZERO_AS_NULL_POINTER_CONSTANT 1
| #define HAVE_CXX11 1
| #define STDC_HEADERS 1
| #define HAVE_SYS_TYPES_H 1
| #define HAVE_SYS_STAT_H 1
| #define HAVE_STDLIB_H 1
| #define HAVE_STRING_H 1
| #define HAVE_MEMORY_H 1
| #define HAVE_STRINGS_H 1
| #define HAVE_INTTYPES_H 1
| #define HAVE_STDINT_H 1
| #define HAVE_UNISTD_H 1
| #define HAVE_DLFCN_H 1
| #define LT_OBJDIR ".libs/"
| #define HAVE_STD_IS_NAN 1
| #define HAVE_LIBDL 1
| #define HAVE_LIBRT 1
| #define HAVE_LIBM 1
| #define STDC_HEADERS 1
| #define HAVE_ASSERT_H 1
| #define HAVE_FCNTL_H 1
| #define HAVE_UNISTD_H 1
| #define HAVE_DLFCN_H 1
| #define HAVE_STDINT_H 1
| #define HAVE_LIMITS_H 1
| #define HAVE_LOCALE_H 1
| #define HAVE_VALUES_H 1
| #define HAVE_FLOAT_H 1
| #define HAVE_ERRNO_H 1
| #define HAVE_LINUX_USERFAULTFD_H 1
| #define HAVE_LONG_LONG 1
| #define UNIX_STDIO_64 1
| #define VSI_LARGE_API_SUPPORTED 1
| #define VSI_FTELL64 ftello64
| #define VSI_FSEEK64 fseeko64
| #define VSI_STAT64 stat64
| #define VSI_STAT64_T stat64
| #define VSI_FOPEN64 fopen64
| #define VSI_FTRUNCATE64 ftruncate64
| #define SIZEOF_INT 4
| #define SIZEOF_UNSIGNED_LONG 8
| #define SIZEOF_VOIDP 8
| #define HAVE_UINTPTR_T 1
| #define HAVE_IEEEFP 1
| #define HOST_FILLORDER FILLORDER_LSB2MSB
| #define HAVE_VPRINTF 1
| #define HAVE_SNPRINTF 1
| #define HAVE_VSNPRINTF 1
| #define HAVE_ATOLL 1
| #define HAVE_STRTOULL 1
| #define HAVE_STRTOF 1
| #define HAVE_GETCWD 1
| #define HAVE_DECL_STRTOF 1
| #define HAVE_READLINK 1
| #define HAVE_LSTAT 1
| #define HAVE_POSIX_SPAWNP 1
| #define HAVE_POSIX_MEMALIGN 1
| #define HAVE_VFORK 1
| #define HAVE_MMAP 1
| #define HAVE_SIGACTION 1
| #define HAVE_STATVFS 1
| #define HAVE_STATVFS64 1
| #define HAVE_GETRLIMIT 1
| #define HAVE_RLIMIT_AS 1
| #define HAVE_USELOCALE 1
| #define HAVE_GCC_ATOMIC_BUILTINS 1
| #define HAVE_GCC_BSWAP 1
| #define HAVE_UINT128_T 1
| #define HAVE_GETADDRINFO 1
| #define HAVE_PTHREAD_MUTEX_RECURSIVE 1
| #define HAVE_PTHREAD_MUTEX_ADAPTIVE_NP 1
| #define HAVE_PTHREAD_SPINLOCK 1
| #define CPL_MULTIPROC_PTHREAD 1
| #define HAVE_5ARGS_MREMAP 1
| #define HAVE_SC_PHYS_PAGES 1
| #define HAVE_ICONV 1
| #define ICONV_CONST 
| #define ICONV_CPP_CONST 
| /* end confdefs.h.  */
| 
| /* Override any GCC internal prototype to avoid an error.
|    Use char because int might match the return type of a GCC
|    builtin and then its argument prototype would still apply.  */
| #ifdef __cplusplus
| extern "C"
| #endif
| char internal_proj_create_from_wkt ();
| int
| main ()
| {
| return internal_proj_create_from_wkt ();
|   ;
|   return 0;
| }
configure:23994: result: no
configure:24020: checking for internal_proj_create_from_wkt in -linternalproj
configure:24045: g++ -o conftest -DHAVE_AVX_AT_COMPILE_TIME -DHAVE_SSSE3_AT_COMPILE_TIME -DHAVE_SSE_AT_COMPILE_TIME -g -O2   conftest.cpp -linternalproj  -linternalproj -lpthread -lm -lrt -ldl  >&5
/usr/bin/ld: cannot find -linternalproj
/usr/bin/ld: cannot find -linternalproj
collect2: error: ld returned 1 exit status
configure:24045: $? = 1
configure: failed program was:
| /* confdefs.h */
| #define PACKAGE_NAME ""
| #define PACKAGE_TARNAME ""
| #define PACKAGE_VERSION ""
| #define PACKAGE_STRING ""
| #define PACKAGE_BUGREPORT ""
| #define PACKAGE_URL ""
| #define HAVE_GCC_WARNING_ZERO_AS_NULL_POINTER_CONSTANT 1
| #define HAVE_CXX11 1
| #define STDC_HEADERS 1
| #define HAVE_SYS_TYPES_H 1
| #define HAVE_SYS_STAT_H 1
| #define HAVE_STDLIB_H 1
| #define HAVE_STRING_H 1
| #define HAVE_MEMORY_H 1
| #define HAVE_STRINGS_H 1
| #define HAVE_INTTYPES_H 1
| #define HAVE_STDINT_H 1
| #define HAVE_UNISTD_H 1
| #define HAVE_DLFCN_H 1
| #define LT_OBJDIR ".libs/"
| #define HAVE_STD_IS_NAN 1
| #define HAVE_LIBDL 1
| #define HAVE_LIBRT 1
| #define HAVE_LIBM 1
| #define STDC_HEADERS 1
| #define HAVE_ASSERT_H 1
| #define HAVE_FCNTL_H 1
| #define HAVE_UNISTD_H 1
| #define HAVE_DLFCN_H 1
| #define HAVE_STDINT_H 1
| #define HAVE_LIMITS_H 1
| #define HAVE_LOCALE_H 1
| #define HAVE_VALUES_H 1
| #define HAVE_FLOAT_H 1
| #define HAVE_ERRNO_H 1
| #define HAVE_LINUX_USERFAULTFD_H 1
| #define HAVE_LONG_LONG 1
| #define UNIX_STDIO_64 1
| #define VSI_LARGE_API_SUPPORTED 1
| #define VSI_FTELL64 ftello64
| #define VSI_FSEEK64 fseeko64
| #define VSI_STAT64 stat64
| #define VSI_STAT64_T stat64
| #define VSI_FOPEN64 fopen64
| #define VSI_FTRUNCATE64 ftruncate64
| #define SIZEOF_INT 4
| #define SIZEOF_UNSIGNED_LONG 8
| #define SIZEOF_VOIDP 8
| #define HAVE_UINTPTR_T 1
| #define HAVE_IEEEFP 1
| #define HOST_FILLORDER FILLORDER_LSB2MSB
| #define HAVE_VPRINTF 1
| #define HAVE_SNPRINTF 1
| #define HAVE_VSNPRINTF 1
| #define HAVE_ATOLL 1
| #define HAVE_STRTOULL 1
| #define HAVE_STRTOF 1
| #define HAVE_GETCWD 1
| #define HAVE_DECL_STRTOF 1
| #define HAVE_READLINK 1
| #define HAVE_LSTAT 1
| #define HAVE_POSIX_SPAWNP 1
| #define HAVE_POSIX_MEMALIGN 1
| #define HAVE_VFORK 1
| #define HAVE_MMAP 1
| #define HAVE_SIGACTION 1
| #define HAVE_STATVFS 1
| #define HAVE_STATVFS64 1
| #define HAVE_GETRLIMIT 1
| #define HAVE_RLIMIT_AS 1
| #define HAVE_USELOCALE 1
| #define HAVE_GCC_ATOMIC_BUILTINS 1
| #define HAVE_GCC_BSWAP 1
| #define HAVE_UINT128_T 1
| #define HAVE_GETADDRINFO 1
| #define HAVE_PTHREAD_MUTEX_RECURSIVE 1
| #define HAVE_PTHREAD_MUTEX_ADAPTIVE_NP 1
| #define HAVE_PTHREAD_SPINLOCK 1
| #define CPL_MULTIPROC_PTHREAD 1
| #define HAVE_5ARGS_MREMAP 1
| #define HAVE_SC_PHYS_PAGES 1
| #define HAVE_ICONV 1
| #define ICONV_CONST 
| #define ICONV_CPP_CONST 
| /* end confdefs.h.  */
| 
| /* Override any GCC internal prototype to avoid an error.
|    Use char because int might match the return type of a GCC
|    builtin and then its argument prototype would still apply.  */
| #ifdef __cplusplus
| extern "C"
| #endif
| char internal_proj_create_from_wkt ();
| int
| main ()
| {
| return internal_proj_create_from_wkt ();
|   ;
|   return 0;
| }
configure:24054: result: no
configure:24073: error: PROJ 6 symbols not found

## ---------------- ##
## Cache variables. ##
## ---------------- ##

ac_cv_build=x86_64-pc-linux-gnu
ac_cv_c_bigendian=no
ac_cv_c_compiler_gnu=yes
ac_cv_cflags_warn_all='-Wall -Wdeclaration-after-statement'
ac_cv_cxx_compiler_gnu=yes
ac_cv_cxxflags_warn_all=-Wall
ac_cv_env_CCC_set=
ac_cv_env_CCC_value=
ac_cv_env_CC_set=
ac_cv_env_CC_value=
ac_cv_env_CFLAGS_set=
ac_cv_env_CFLAGS_value=
ac_cv_env_CPPFLAGS_set=
ac_cv_env_CPPFLAGS_value=
ac_cv_env_CPP_set=
ac_cv_env_CPP_value=
ac_cv_env_CXXCPP_set=
ac_cv_env_CXXCPP_value=
ac_cv_env_CXXFLAGS_set=
ac_cv_env_CXXFLAGS_value=
ac_cv_env_CXX_set=
ac_cv_env_CXX_value=
ac_cv_env_HDF5_CFLAGS_set=
ac_cv_env_HDF5_CFLAGS_value=
ac_cv_env_HDF5_LIBS_set=
ac_cv_env_HDF5_LIBS_value=
ac_cv_env_LDFLAGS_set=
ac_cv_env_LDFLAGS_value=
ac_cv_env_LIBKML_CFLAGS_set=
ac_cv_env_LIBKML_CFLAGS_value=
ac_cv_env_LIBKML_LIBS_set=
ac_cv_env_LIBKML_LIBS_value=
ac_cv_env_LIBS_set=
ac_cv_env_LIBS_value=
ac_cv_env_LT_SYS_LIBRARY_PATH_set=
ac_cv_env_LT_SYS_LIBRARY_PATH_value=
ac_cv_env_MONGOCXXV3_CFLAGS_set=
ac_cv_env_MONGOCXXV3_CFLAGS_value=
ac_cv_env_MONGOCXXV3_LIBS_set=
ac_cv_env_MONGOCXXV3_LIBS_value=
ac_cv_env_OGDI_CFLAGS_set=
ac_cv_env_OGDI_CFLAGS_value=
ac_cv_env_OGDI_LIBS_set=
ac_cv_env_OGDI_LIBS_value=
ac_cv_env_OPENJPEG_CFLAGS_set=
ac_cv_env_OPENJPEG_CFLAGS_value=
ac_cv_env_OPENJPEG_LIBS_set=
ac_cv_env_OPENJPEG_LIBS_value=
ac_cv_env_PKG_CONFIG_set=
ac_cv_env_PKG_CONFIG_value=
ac_cv_env_POPPLER_CFLAGS_set=
ac_cv_env_POPPLER_CFLAGS_value=
ac_cv_env_POPPLER_LIBS_set=
ac_cv_env_POPPLER_LIBS_value=
ac_cv_env_PQ_CFLAGS_set=
ac_cv_env_PQ_CFLAGS_value=
ac_cv_env_PQ_LIBS_set=
ac_cv_env_PQ_LIBS_value=
ac_cv_env_build_alias_set=
ac_cv_env_build_alias_value=
ac_cv_env_host_alias_set=
ac_cv_env_host_alias_value=
ac_cv_env_target_alias_set=
ac_cv_env_target_alias_value=
ac_cv_func__doprnt=no
ac_cv_func_atoll=yes
ac_cv_func_fopen64=yes
ac_cv_func_ftruncate64=yes
ac_cv_func_getcwd=yes
ac_cv_func_getrlimit=yes
ac_cv_func_gmtime_r=yes
ac_cv_func_localtime_r=yes
ac_cv_func_lstat=yes
ac_cv_func_mmap=yes
ac_cv_func_posix_memalign=yes
ac_cv_func_posix_spawnp=yes
ac_cv_func_readlink=yes
ac_cv_func_sigaction=yes
ac_cv_func_snprintf=yes
ac_cv_func_stat64=yes
ac_cv_func_statvfs64=yes
ac_cv_func_statvfs=yes
ac_cv_func_strtof=yes
ac_cv_func_strtoull=yes
ac_cv_func_vfork=yes
ac_cv_func_vprintf=yes
ac_cv_func_vsnprintf=yes
ac_cv_have_decl_strtof=yes
ac_cv_header_assert_h=yes
ac_cv_header_dbmalloc_h=no
ac_cv_header_direct_h=no
ac_cv_header_dlfcn_h=yes
ac_cv_header_errno_h=yes
ac_cv_header_fcntl_h=yes
ac_cv_header_float_h=yes
ac_cv_header_inttypes_h=yes
ac_cv_header_limits_h=yes
ac_cv_header_linux_userfaultfd_h=yes
ac_cv_header_locale_h=yes
ac_cv_header_memory_h=yes
ac_cv_header_stdc=yes
ac_cv_header_stdint_h=yes
ac_cv_header_stdlib_h=yes
ac_cv_header_string_h=yes
ac_cv_header_strings_h=yes
ac_cv_header_sys_stat_h=yes
ac_cv_header_sys_types_h=yes
ac_cv_header_unistd_h=yes
ac_cv_header_values_h=yes
ac_cv_host=x86_64-pc-linux-gnu
ac_cv_lib_dl_dlopen=yes
ac_cv_lib_internalproj_internal_proj_create_from_wkt=no
ac_cv_lib_m_sin=yes
ac_cv_lib_proj_internal_proj_create_from_wkt=no
ac_cv_lib_proj_proj_create_from_wkt=no
ac_cv_lib_pthread_pthread_create=yes
ac_cv_lib_rt_nanosleep=yes
ac_cv_lib_z_deflateInit_=no
ac_cv_objext=o
ac_cv_path_EGREP='/bin/grep -E'
ac_cv_path_FGREP='/bin/grep -F'
ac_cv_path_GREP=/bin/grep
ac_cv_path_SED=/bin/sed
ac_cv_path_lt_DD=/bin/dd
ac_cv_prog_AWK=gawk
ac_cv_prog_CPP='gcc -E'
ac_cv_prog_CXXCPP='g++ -E'
ac_cv_prog_ac_ct_AR=ar
ac_cv_prog_ac_ct_CC=gcc
ac_cv_prog_ac_ct_CXX=g++
ac_cv_prog_ac_ct_DLLTOOL=dlltool
ac_cv_prog_ac_ct_MANIFEST_TOOL=mt
ac_cv_prog_ac_ct_OBJDUMP=objdump
ac_cv_prog_ac_ct_RANLIB=ranlib
ac_cv_prog_ac_ct_STRIP=strip
ac_cv_prog_cc_c89=
ac_cv_prog_cc_g=yes
ac_cv_prog_cxx_g=yes
ac_cv_sizeof_int=4
ac_cv_sizeof_unsigned_long=8
ac_cv_sizeof_voidp=8
ac_cv_type_int16=no
ac_cv_type_int32=no
ac_cv_type_int8=no
ac_cv_type_uintptr_t=yes
acl_cv_path_LD='/usr/bin/ld -m elf_x86_64'
acl_cv_prog_gnu_ld=yes
acl_cv_rpath=done
am_cv_func_iconv=yes
am_cv_func_iconv_works=yes
am_cv_lib_iconv=no
am_cv_proto_iconv='extern size_t iconv (iconv_t cd, char * *inbuf, size_t *inbytesleft, char * *outbuf, size_t *outbytesleft);'
am_cv_proto_iconv_arg1=
ax_cv_check_cflags__Wcomma=no
ax_cv_check_cflags__Wdate_time=yes
ax_cv_check_cflags__Wdocumentation__Wno_documentation_deprecated_sync=no
ax_cv_check_cflags__Wduplicated_cond=yes
ax_cv_check_cflags__Werror_declaration_after_statement=yes
ax_cv_check_cflags__Werror_vla=yes
ax_cv_check_cflags__Wextra=yes
ax_cv_check_cflags__Wfloat_conversion=yes
ax_cv_check_cflags__Wformat=yes
ax_cv_check_cflags__Wformat__Werror_format_security__Wno_format_nonliteral=yes
ax_cv_check_cflags__Winit_self=yes
ax_cv_check_cflags__Wlogical_op=yes
ax_cv_check_cflags__Wmissing_declarations=yes
ax_cv_check_cflags__Wmissing_prototypes=yes
ax_cv_check_cflags__Wno_sign_compare=yes
ax_cv_check_cflags__Wnull_dereference=yes
ax_cv_check_cflags__Wshadow=yes
ax_cv_check_cflags__Wshorten_64_to_32=no
ax_cv_check_cflags__Wunused_parameter=yes
ax_cv_check_cflags___Werror__we10006=no
ax_cv_check_cflags__diag_disable_188_1684_2259_2304_3280_11074_11076=no
ax_cv_check_cxxflags__Weffcpp=yes
ax_cv_check_cxxflags__Wextra_semi=no
ax_cv_check_cxxflags__Wmissing_declarations=yes
ax_cv_check_cxxflags__Wmissing_prototypes=no
ax_cv_check_cxxflags__Wnon_virtual_dtor=yes
ax_cv_check_cxxflags__Wold_style_cast=yes
ax_cv_check_cxxflags__Woverloaded_virtual=yes
ax_cv_check_cxxflags__Wsuggest_override=yes
ax_cv_check_cxxflags__Wunused_private_field=no
ax_cv_check_cxxflags__Wzero_as_null_pointer_constant=yes
ax_cv_check_cxxflags__fno_operator_names=yes
ax_cv_cxx_compile_cxx11=yes
lt_cv_ar_at_file=@
lt_cv_archive_cmds_need_lc=no
lt_cv_deplibs_check_method=pass_all
lt_cv_file_magic_cmd='$MAGIC_CMD'
lt_cv_file_magic_test_file=
lt_cv_ld_reload_flag=-r
lt_cv_nm_interface='BSD nm'
lt_cv_objdir=.libs
lt_cv_path_LD=/usr/bin/ld
lt_cv_path_LDCXX='/usr/bin/ld -m elf_x86_64'
lt_cv_path_NM='/usr/bin/nm -B'
lt_cv_path_mainfest_tool=no
lt_cv_prog_compiler_c_o=yes
lt_cv_prog_compiler_c_o_CXX=yes
lt_cv_prog_compiler_pic='-fPIC -DPIC'
lt_cv_prog_compiler_pic_CXX='-fPIC -DPIC'
lt_cv_prog_compiler_pic_works=yes
lt_cv_prog_compiler_pic_works_CXX=yes
lt_cv_prog_compiler_rtti_exceptions=no
lt_cv_prog_compiler_static_works=yes
lt_cv_prog_compiler_static_works_CXX=yes
lt_cv_prog_gnu_ld=yes
lt_cv_prog_gnu_ldcxx=yes
lt_cv_sharedlib_from_linklib_cmd='printf %s\n'
lt_cv_shlibpath_overrides_runpath=yes
lt_cv_sys_global_symbol_pipe='sed -n -e '\''s/^.*[	 ]\([ABCDGIRSTW][ABCDGIRSTW]*\)[	 ][	 ]*\([_A-Za-z][_A-Za-z0-9]*\)$/\1 \2 \2/p'\'' | sed '\''/ __gnu_lto/d'\'''
lt_cv_sys_global_symbol_to_c_name_address='sed -n -e '\''s/^: \(.*\) .*$/  {"\1", (void *) 0},/p'\'' -e '\''s/^[ABCDGIRSTW][ABCDGIRSTW]* .* \(.*\)$/  {"\1", (void *) \&\1},/p'\'''
lt_cv_sys_global_symbol_to_c_name_address_lib_prefix='sed -n -e '\''s/^: \(.*\) .*$/  {"\1", (void *) 0},/p'\'' -e '\''s/^[ABCDGIRSTW][ABCDGIRSTW]* .* \(lib.*\)$/  {"\1", (void *) \&\1},/p'\'' -e '\''s/^[ABCDGIRSTW][ABCDGIRSTW]* .* \(.*\)$/  {"lib\1", (void *) \&\1},/p'\'''
lt_cv_sys_global_symbol_to_cdecl='sed -n -e '\''s/^T .* \(.*\)$/extern int \1();/p'\'' -e '\''s/^[ABCDGIRSTW][ABCDGIRSTW]* .* \(.*\)$/extern char \1;/p'\'''
lt_cv_sys_global_symbol_to_import=
lt_cv_sys_max_cmd_len=1572864
lt_cv_to_host_file_cmd=func_convert_file_noop
lt_cv_to_tool_file_cmd=func_convert_file_noop
lt_cv_truncate_bin='/bin/dd bs=4096 count=1'

## ----------------- ##
## Output variables. ##
## ----------------- ##

AR='ar'
AS='as'
AVXFLAGS='-mavx'
AWK='gawk'
BINDINGS=''
BINTRUE=''
CC='gcc'
CFLAGS='-DHAVE_AVX_AT_COMPILE_TIME -DHAVE_SSSE3_AT_COMPILE_TIME -DHAVE_SSE_AT_COMPILE_TIME -g -O2'
CFLAGS_NOFTRAPV='-g -O2'
CHARLS_INC=''
CPP='gcc -E'
CPPFLAGS=''
CRUNCHDIR=''
CURL_INC=''
CURL_LIB=''
CURL_SETTING=''
CXX14_SUPPORT='no'
CXX='g++'
CXXCPP='g++ -E'
CXXFLAGS='-DHAVE_AVX_AT_COMPILE_TIME -DHAVE_SSSE3_AT_COMPILE_TIME -DHAVE_SSE_AT_COMPILE_TIME -g -O2'
CXXFLAGS_NOFTRAPV='-g -O2'
CXXFLAGS_NO_LTO_IF_AVX_NONDEFAULT='-DHAVE_AVX_AT_COMPILE_TIME -DHAVE_SSSE3_AT_COMPILE_TIME -DHAVE_SSE_AT_COMPILE_TIME -g -O2'
CXXFLAGS_NO_LTO_IF_SSSE3_NONDEFAULT='-DHAVE_AVX_AT_COMPILE_TIME -DHAVE_SSSE3_AT_COMPILE_TIME -DHAVE_SSE_AT_COMPILE_TIME -g -O2'
CXX_WFLAGS=' -Wall -Wextra -Winit-self -Wunused-parameter -Wformat -Werror=format-security -Wno-format-nonliteral -Wlogical-op -Wshadow -Werror=vla -Wdate-time -Wnull-dereference -Wduplicated-cond -Wfloat-conversion -Wmissing-declarations -Wnon-virtual-dtor -Woverloaded-virtual -fno-operator-names -Wzero-as-null-pointer-constant -Wsuggest-override -Wimplicit-fallthrough'
C_WFLAGS=' -Wall -Wdeclaration-after-statement -Wextra -Winit-self -Wunused-parameter -Wmissing-prototypes -Wmissing-declarations -Wformat -Werror=format-security -Wno-format-nonliteral -Wlogical-op -Wshadow -Werror=vla -Wdeclaration-after-statement -Wdate-time -Wnull-dereference -Wduplicated-cond -Wfloat-conversion -std=gnu89'
DDS_SETTING=''
DEFS=''
DLLTOOL='dlltool'
DODS_INC=''
DSYMUTIL=''
DUMPBIN=''
ECHO_C=''
ECHO_N='-n'
ECHO_T=''
ECW_FLAGS=''
ECW_INCLUDE=''
ECW_LIBS=''
ECW_SETTING=''
EGREP='/bin/grep -E'
ENABLE_UFFD='yes'
EXEEXT=''
EXE_EXT=''
EXPAT_CFLAGS=''
EXPAT_INCLUDE=''
EXPAT_LDFLAGS=''
EXPAT_VERSION=''
EXTRA_INCLUDES=''
FGDB_ENABLED=''
FGDB_INC=''
FGDB_LIB=''
FGREP='/bin/grep -F'
FITS_SETTING=''
FREEXL_INCLUDE=''
GDALFORMATS_ENABLED=''
GDAL_VER=''
GDAL_VERSION_MAJOR=''
GDAL_VERSION_MINOR=''
GDAL_VERSION_REV=''
GEOS_CFLAGS=''
GEOS_CONFIG=''
GEOS_LIBS=''
GEOS_VERSION=''
GEOTIFF_INCLUDE=''
GEOTIFF_SETTING=''
GIF_SETTING=''
GNM_ENABLED=''
GRASS_GISBASE=''
GRASS_INCLUDE=''
GRASS_SETTING=''
GREP='/bin/grep'
GTA_SETTING=''
HAVE_ARMADILLO=''
HAVE_CHARLS=''
HAVE_CRYPTOPP=''
HAVE_CXX11='1'
HAVE_CXX14=''
HAVE_EXPAT=''
HAVE_FREEXL=''
HAVE_GCC_ATOMIC_BUILTINS='yes'
HAVE_GCC_BSWAP='yes'
HAVE_GEOS=''
HAVE_GRASS=''
HAVE_HDF4=''
HAVE_HDF5=''
HAVE_HIDE_INTERNAL_SYMBOLS='no'
HAVE_IDB=''
HAVE_INGRES=''
HAVE_JASPER=''
HAVE_KEA=''
HAVE_LERC=''
HAVE_LIBKML=''
HAVE_LIBTOOL='yes'
HAVE_LIBXML2=''
HAVE_MYSQL=''
HAVE_OCI=''
HAVE_OGDI=''
HAVE_OPENSSL_CRYPTO=''
HAVE_PCRE=''
HAVE_PDFIUM=''
HAVE_PG=''
HAVE_PODOFO=''
HAVE_POPPLER=''
HAVE_RASTERLITE2=''
HAVE_SFCGAL=''
HAVE_SPATIALITE=''
HAVE_SQLITE=''
HAVE_TEIGHA=''
HAVE_XERCES=''
HDF4_HAS_MAXOPENFILES=''
HDF4_INCLUDE=''
HDF5_CFLAGS=''
HDF5_INCLUDE=''
HDF5_LIBS=''
HDFS_ENABLED=''
HDFS_INC=''
HDFS_LIB=''
IDB_INC=''
IDB_LIB=''
II_SYSTEM=''
INGRES_INC=''
INGRES_LIB=''
JASPER_FLAGS=''
JAVA_HOME=''
JAVA_INC=''
JNI_LIB=''
JP2LURA_INCLUDE=''
JPEG12_ENABLED=''
JPEG_SETTING=''
JSON_INCLUDE=''
JVM_LIB=''
KAKDIR=''
KEA_CONFIG=''
KEA_INC=''
KEA_LIB=''
LD='/usr/bin/ld -m elf_x86_64'
LDFLAGS=''
LD_SHARED=''
LIBCURL_CONFIG=''
LIBICONV=''
LIBJSONC_SETTING=''
LIBKML_CFLAGS=''
LIBKML_INCLUDE=''
LIBKML_LDFLAGS=''
LIBKML_LDLAGS=''
LIBKML_LIBS=''
LIBKML_VERSION=''
LIBLZMA_SETTING=''
LIBOBJS=''
LIBS='-linternalproj -lpthread -lm -lrt -ldl '
LIBTOOL='$(SHELL) $(top_builddir)/libtool'
LIBXML2_CONFIG=''
LIBXML2_INC=''
LIBXML2_LIB=''
LIBZ_SETTING='internal'
LIPO=''
LN_S='ln -s'
LTLIBICONV=''
LTLIBOBJS=''
LT_SYS_LIBRARY_PATH=''
MACOSX_FRAMEWORK=''
MANIFEST_TOOL=':'
MDB_ENABLED=''
MONGOCXXV3_CFLAGS=''
MONGOCXXV3_ENABLED=''
MONGOCXXV3_LIBS=''
MONGODB_ENABLED=''
MONGODB_INC=''
MONGODB_LIB=''
MRSID_FLAGS=''
MRSID_INCLUDE=''
MRSID_LIBS=''
MRSID_LIDAR_INCLUDE=''
MRSID_LIDAR_LIBS=''
MYSQL_CONFIG=''
MYSQL_INC=''
MYSQL_LIB=''
NETCDF_HAS_HDF4=''
NETCDF_HAS_NC4=''
NETCDF_MEM=''
NETCDF_NCCONFIG=''
NETCDF_ROOT=''
NETCDF_SETTING=''
NM='/usr/bin/nm -B'
NMEDIT=''
NO_LOGICAL_OP_FLAG='-Wno-logical-op'
NO_NON_VIRTUAL_DTOR_FLAG='-Wno-non-virtual-dtor'
NO_SIGN_COMPARE='-Wno-sign-compare'
NO_UNUSED_PARAMETER_FLAG='-Wno-unused-parameter'
OBJDUMP='objdump'
OBJEXT='o'
OCI_INCLUDE=''
ODBC_SETTING=''
OGDI_CFLAGS=''
OGDI_INCLUDE=''
OGDI_LIBS=''
OGRFORMATS_ENABLED=''
OGRFORMATS_ENABLED_CFLAGS=''
OPENCL_FLAGS=''
OPENCL_LIB=''
OPENJPEG_CFLAGS=''
OPENJPEG_LIBS=''
OPT_GDAL_FORMATS='zlib '
ORACLE_OCI_CFLAGS=''
ORACLE_OCI_LDFLAGS=''
ORACLE_OCI_VERSION=''
OTOOL64=''
OTOOL=''
PACKAGE_BUGREPORT=''
PACKAGE_NAME=''
PACKAGE_STRING=''
PACKAGE_TARNAME=''
PACKAGE_URL=''
PACKAGE_VERSION=''
PAM_SETTING=''
PATH_SEPARATOR=':'
PCIDSK_INCLUDE=''
PCIDSK_LIB=''
PCIDSK_SETTING=''
PCRASTER_SETTING=''
PDFIUM_INC=''
PDFIUM_PLUGIN_LIB=''
PDF_PLUGIN=''
PG_INC=''
PG_LIB=''
PKG_CONFIG=''
PNG_SETTING=''
PODOFO_INC=''
PODOFO_PLUGIN_LIB=''
POPPLER_CFLAGS=''
POPPLER_LIBS=''
POPPLER_MAJOR_VERSION=''
POPPLER_MINOR_VERSION=''
POPPLER_PLUGIN_LIB=''
PQ_CFLAGS=''
PQ_LIBS=''
PROJ_INCLUDE=''
PYTHON=''
PY_HAVE_SETUPTOOLS=''
QHULL_INCLUDE_SUBDIR_IS_LIBQHULL=''
QHULL_SETTING=''
RANLIB='ranlib'
RASDAMAN_ENABLED=''
RASDAMAN_INC=''
RASDAMAN_LIB=''
RASTERLITE2_CFLAGS=''
RENAME_INTERNAL_LIBGEOTIFF_SYMBOLS='no'
RENAME_INTERNAL_LIBTIFF_SYMBOLS='no'
RENAME_INTERNAL_SHAPELIB_SYMBOLS='no'
SDE_ENABLED=''
SDE_INC=''
SDE_LIB=''
SED='/bin/sed'
SFCGAL_CFLAGS=''
SFCGAL_CONFIG=''
SFCGAL_LIBS=''
SFCGAL_VERSION=''
SHELL='/bin/bash'
SOSI_ENABLED=''
SOSI_INC=''
SOSI_LIB=''
SO_EXT=''
SPATIALITE_412_OR_LATER=''
SPATIALITE_AMALGAMATION=''
SPATIALITE_INC=''
SPATIALITE_SONAME=''
SQLITE3_CFLAGS=''
SQLITE3_LDFLAGS=''
SQLITE3_VERSION=''
SQLITE_HAS_COLUMN_METADATA=''
SQLITE_INC=''
SSEFLAGS=''
SSSE3FLAGS='-mssse3'
STRIP='strip'
TEIGHA_CPPFLAGS=''
TEIGHA_DIR=''
TIFF_JPEG12_ENABLED=''
TIFF_OPTS=''
TIFF_SETTING=''
TILEDB_SETTING=''
USE_ONLY_CRYPTODLL_ALG=''
WARN_EFFCPLUSPLUS='-Weffc++'
WARN_OLD_STYLE_CAST='-Wold-style-cast'
WEBP_SETTING=''
XERCES_CFLAGS=''
XERCES_INCLUDE=''
XERCES_LDFLAGS=''
XERCES_VERSION=''
X_FME_HOME=''
ZSTD_SETTING=''
ac_ct_AR='ar'
ac_ct_CC='gcc'
ac_ct_CXX='g++'
ac_ct_DUMPBIN=''
bindir='${exec_prefix}/bin'
build='x86_64-pc-linux-gnu'
build_alias=''
build_cpu='x86_64'
build_os='linux-gnu'
build_vendor='pc'
datadir='${datarootdir}'
datarootdir='${prefix}/share'
docdir='${datarootdir}/doc/${PACKAGE}'
dvidir='${docdir}'
exec_prefix='NONE'
host='x86_64-pc-linux-gnu'
host_alias=''
host_cpu='x86_64'
host_os='linux-gnu'
host_vendor='pc'
htmldir='${docdir}'
includedir='${prefix}/include'
infodir='${datarootdir}/info'
libdir='${exec_prefix}/lib'
libexecdir='${exec_prefix}/libexec'
localedir='${datarootdir}/locale'
localstatedir='${prefix}/var'
mandir='${datarootdir}/man'
oldincludedir='/usr/include'
pdfdir='${docdir}'
prefix='NONE'
program_transform_name='s,x,x,'
psdir='${docdir}'
runstatedir='${localstatedir}/run'
sbindir='${exec_prefix}/sbin'
sharedstatedir='${prefix}/com'
sysconfdir='${prefix}/etc'
target_alias=''

## ----------- ##
## confdefs.h. ##
## ----------- ##

/* confdefs.h */
#define PACKAGE_NAME ""
#define PACKAGE_TARNAME ""
#define PACKAGE_VERSION ""
#define PACKAGE_STRING ""
#define PACKAGE_BUGREPORT ""
#define PACKAGE_URL ""
#define HAVE_GCC_WARNING_ZERO_AS_NULL_POINTER_CONSTANT 1
#define HAVE_CXX11 1
#define STDC_HEADERS 1
#define HAVE_SYS_TYPES_H 1
#define HAVE_SYS_STAT_H 1
#define HAVE_STDLIB_H 1
#define HAVE_STRING_H 1
#define HAVE_MEMORY_H 1
#define HAVE_STRINGS_H 1
#define HAVE_INTTYPES_H 1
#define HAVE_STDINT_H 1
#define HAVE_UNISTD_H 1
#define HAVE_DLFCN_H 1
#define LT_OBJDIR ".libs/"
#define HAVE_STD_IS_NAN 1
#define HAVE_LIBDL 1
#define HAVE_LIBRT 1
#define HAVE_LIBM 1
#define STDC_HEADERS 1
#define HAVE_ASSERT_H 1
#define HAVE_FCNTL_H 1
#define HAVE_UNISTD_H 1
#define HAVE_DLFCN_H 1
#define HAVE_STDINT_H 1
#define HAVE_LIMITS_H 1
#define HAVE_LOCALE_H 1
#define HAVE_VALUES_H 1
#define HAVE_FLOAT_H 1
#define HAVE_ERRNO_H 1
#define HAVE_LINUX_USERFAULTFD_H 1
#define HAVE_LONG_LONG 1
#define UNIX_STDIO_64 1
#define VSI_LARGE_API_SUPPORTED 1
#define VSI_FTELL64 ftello64
#define VSI_FSEEK64 fseeko64
#define VSI_STAT64 stat64
#define VSI_STAT64_T stat64
#define VSI_FOPEN64 fopen64
#define VSI_FTRUNCATE64 ftruncate64
#define SIZEOF_INT 4
#define SIZEOF_UNSIGNED_LONG 8
#define SIZEOF_VOIDP 8
#define HAVE_UINTPTR_T 1
#define HAVE_IEEEFP 1
#define HOST_FILLORDER FILLORDER_LSB2MSB
#define HAVE_VPRINTF 1
#define HAVE_SNPRINTF 1
#define HAVE_VSNPRINTF 1
#define HAVE_ATOLL 1
#define HAVE_STRTOULL 1
#define HAVE_STRTOF 1
#define HAVE_GETCWD 1
#define HAVE_DECL_STRTOF 1
#define HAVE_READLINK 1
#define HAVE_LSTAT 1
#define HAVE_POSIX_SPAWNP 1
#define HAVE_POSIX_MEMALIGN 1
#define HAVE_VFORK 1
#define HAVE_MMAP 1
#define HAVE_SIGACTION 1
#define HAVE_STATVFS 1
#define HAVE_STATVFS64 1
#define HAVE_GETRLIMIT 1
#define HAVE_RLIMIT_AS 1
#define HAVE_USELOCALE 1
#define HAVE_GCC_ATOMIC_BUILTINS 1
#define HAVE_GCC_BSWAP 1
#define HAVE_UINT128_T 1
#define HAVE_GETADDRINFO 1
#define HAVE_PTHREAD_MUTEX_RECURSIVE 1
#define HAVE_PTHREAD_MUTEX_ADAPTIVE_NP 1
#define HAVE_PTHREAD_SPINLOCK 1
#define CPL_MULTIPROC_PTHREAD 1
#define HAVE_5ARGS_MREMAP 1
#define HAVE_SC_PHYS_PAGES 1
#define HAVE_ICONV 1
#define ICONV_CONST 
#define ICONV_CPP_CONST 

configure: exit 1
