This file contains any messages produced by compilers while
running configure, to aid debugging if configure makes a mistake.

It was created by PROJ configure 6.2.1, which was
generated by GNU Autoconf 2.69.  Invocation command line was

  $ ./configure 

## --------- ##
## Platform. ##
## --------- ##

hostname = ubuntu-s-1vcpu-1gb-lon1-01
uname -m = x86_64
uname -r = 4.15.0-72-generic
uname -s = Linux
uname -v = #81-Ubuntu SMP Tue Nov 26 12:20:02 UTC 2019

/usr/bin/uname -p = unknown
/bin/uname -X     = unknown

/bin/arch              = unknown
/usr/bin/arch -k       = unknown
/usr/convex/getsysinfo = unknown
/usr/bin/hostinfo      = unknown
/bin/machine           = unknown
/usr/bin/oslevel       = unknown
/bin/universe          = unknown

PATH: /usr/local/sbin
PATH: /usr/local/bin
PATH: /usr/sbin
PATH: /usr/bin
PATH: /sbin
PATH: /bin
PATH: /snap/bin


## ----------- ##
## Core tests. ##
## ----------- ##

configure:2486: checking for a BSD-compatible install
configure:2554: result: /usr/bin/install -c
configure:2565: checking whether build environment is sane
configure:2620: result: yes
configure:2771: checking for a thread-safe mkdir -p
configure:2810: result: /bin/mkdir -p
configure:2817: checking for gawk
configure:2833: found /usr/bin/gawk
configure:2844: result: gawk
configure:2855: checking whether make sets $(MAKE)
configure:2877: result: yes
configure:2906: checking whether make supports nested variables
configure:2923: result: yes
configure:3100: checking for gcc
configure:3116: found /usr/bin/gcc
configure:3127: result: gcc
configure:3356: checking for C compiler version
configure:3365: gcc --version >&5
gcc (Ubuntu 7.4.0-1ubuntu1~18.04.1) 7.4.0
Copyright (C) 2017 Free Software Foundation, Inc.
This is free software; see the source for copying conditions.  There is NO
warranty; not even for MERCHANTABILITY or FITNESS FOR A PARTICULAR PURPOSE.

configure:3376: $? = 0
configure:3365: gcc -v >&5
Using built-in specs.
COLLECT_GCC=gcc
COLLECT_LTO_WRAPPER=/usr/lib/gcc/x86_64-linux-gnu/7/lto-wrapper
OFFLOAD_TARGET_NAMES=nvptx-none
OFFLOAD_TARGET_DEFAULT=1
Target: x86_64-linux-gnu
Configured with: ../src/configure -v --with-pkgversion='Ubuntu 7.4.0-1ubuntu1~18.04.1' --with-bugurl=file:///usr/share/doc/gcc-7/README.Bugs --enable-languages=c,ada,c++,go,brig,d,fortran,objc,obj-c++ --prefix=/usr --with-gcc-major-version-only --program-suffix=-7 --program-prefix=x86_64-linux-gnu- --enable-shared --enable-linker-build-id --libexecdir=/usr/lib --without-included-gettext --enable-threads=posix --libdir=/usr/lib --enable-nls --with-sysroot=/ --enable-clocale=gnu --enable-libstdcxx-debug --enable-libstdcxx-time=yes --with-default-libstdcxx-abi=new --enable-gnu-unique-object --disable-vtable-verify --enable-libmpx --enable-plugin --enable-default-pie --with-system-zlib --with-target-system-zlib --enable-objc-gc=auto --enable-multiarch --disable-werror --with-arch-32=i686 --with-abi=m64 --with-multilib-list=m32,m64,mx32 --enable-multilib --with-tune=generic --enable-offload-targets=nvptx-none --without-cuda-driver --enable-checking=release --build=x86_64-linux-gnu --host=x86_64-linux-gnu --target=x86_64-linux-gnu
Thread model: posix
gcc version 7.4.0 (Ubuntu 7.4.0-1ubuntu1~18.04.1) 
configure:3376: $? = 0
configure:3365: gcc -V >&5
gcc: error: unrecognized command line option '-V'
gcc: fatal error: no input files
compilation terminated.
configure:3376: $? = 1
configure:3365: gcc -qversion >&5
gcc: error: unrecognized command line option '-qversion'; did you mean '--version'?
gcc: fatal error: no input files
compilation terminated.
configure:3376: $? = 1
configure:3396: checking whether the C compiler works
configure:3418: gcc    conftest.c  >&5
configure:3422: $? = 0
configure:3470: result: yes
configure:3473: checking for C compiler default output file name
configure:3475: result: a.out
configure:3481: checking for suffix of executables
configure:3488: gcc -o conftest    conftest.c  >&5
configure:3492: $? = 0
configure:3514: result: 
configure:3536: checking whether we are cross compiling
configure:3544: gcc -o conftest    conftest.c  >&5
configure:3548: $? = 0
configure:3555: ./conftest
configure:3559: $? = 0
configure:3574: result: no
configure:3579: checking for suffix of object files
configure:3601: gcc -c   conftest.c >&5
configure:3605: $? = 0
configure:3626: result: o
configure:3630: checking whether we are using the GNU C compiler
configure:3649: gcc -c   conftest.c >&5
configure:3649: $? = 0
configure:3658: result: yes
configure:3667: checking whether gcc accepts -g
configure:3687: gcc -c -g  conftest.c >&5
configure:3687: $? = 0
configure:3728: result: yes
configure:3745: checking for gcc option to accept ISO C89
configure:3808: gcc  -c -g -O2  conftest.c >&5
configure:3808: $? = 0
configure:3821: result: none needed
configure:3846: checking whether gcc understands -c and -o together
configure:3868: gcc -c conftest.c -o conftest2.o
configure:3871: $? = 0
configure:3868: gcc -c conftest.c -o conftest2.o
configure:3871: $? = 0
configure:3883: result: yes
configure:3903: checking whether make supports the include directive
configure:3918: make -f confmf.GNU && cat confinc.out
this is the am__doit target
configure:3921: $? = 0
configure:3940: result: yes (GNU style)
configure:3965: checking dependency style of gcc
configure:4076: result: gcc3
configure:4149: checking for g++
configure:4165: found /usr/bin/g++
configure:4176: result: g++
configure:4203: checking for C++ compiler version
configure:4212: g++ --version >&5
g++ (Ubuntu 7.4.0-1ubuntu1~18.04.1) 7.4.0
Copyright (C) 2017 Free Software Foundation, Inc.
This is free software; see the source for copying conditions.  There is NO
warranty; not even for MERCHANTABILITY or FITNESS FOR A PARTICULAR PURPOSE.

configure:4223: $? = 0
configure:4212: g++ -v >&5
Using built-in specs.
COLLECT_GCC=g++
COLLECT_LTO_WRAPPER=/usr/lib/gcc/x86_64-linux-gnu/7/lto-wrapper
OFFLOAD_TARGET_NAMES=nvptx-none
OFFLOAD_TARGET_DEFAULT=1
Target: x86_64-linux-gnu
Configured with: ../src/configure -v --with-pkgversion='Ubuntu 7.4.0-1ubuntu1~18.04.1' --with-bugurl=file:///usr/share/doc/gcc-7/README.Bugs --enable-languages=c,ada,c++,go,brig,d,fortran,objc,obj-c++ --prefix=/usr --with-gcc-major-version-only --program-suffix=-7 --program-prefix=x86_64-linux-gnu- --enable-shared --enable-linker-build-id --libexecdir=/usr/lib --without-included-gettext --enable-threads=posix --libdir=/usr/lib --enable-nls --with-sysroot=/ --enable-clocale=gnu --enable-libstdcxx-debug --enable-libstdcxx-time=yes --with-default-libstdcxx-abi=new --enable-gnu-unique-object --disable-vtable-verify --enable-libmpx --enable-plugin --enable-default-pie --with-system-zlib --with-target-system-zlib --enable-objc-gc=auto --enable-multiarch --disable-werror --with-arch-32=i686 --with-abi=m64 --with-multilib-list=m32,m64,mx32 --enable-multilib --with-tune=generic --enable-offload-targets=nvptx-none --without-cuda-driver --enable-checking=release --build=x86_64-linux-gnu --host=x86_64-linux-gnu --target=x86_64-linux-gnu
Thread model: posix
gcc version 7.4.0 (Ubuntu 7.4.0-1ubuntu1~18.04.1) 
configure:4223: $? = 0
configure:4212: g++ -V >&5
g++: error: unrecognized command line option '-V'
g++: fatal error: no input files
compilation terminated.
configure:4223: $? = 1
configure:4212: g++ -qversion >&5
g++: error: unrecognized command line option '-qversion'; did you mean '--version'?
g++: fatal error: no input files
compilation terminated.
configure:4223: $? = 1
configure:4227: checking whether we are using the GNU C++ compiler
configure:4246: g++ -c   conftest.cpp >&5
configure:4246: $? = 0
configure:4255: result: yes
configure:4264: checking whether g++ accepts -g
configure:4284: g++ -c -g  conftest.cpp >&5
configure:4284: $? = 0
configure:4325: result: yes
configure:4350: checking dependency style of g++
configure:4461: result: gcc3
configure:4484: checking whether g++ supports C++11 features by default
configure:4778: g++ -c -g -O2  conftest.cpp >&5
configure:4778: $? = 0
configure:4785: result: yes
configure:5137: checking whether ln -s works
configure:5141: result: yes
configure:5148: checking whether make sets $(MAKE)
configure:5170: result: yes
configure:5208: checking build system type
configure:5222: result: x86_64-pc-linux-gnu
configure:5242: checking host system type
configure:5255: result: x86_64-pc-linux-gnu
configure:5296: checking how to print strings
configure:5323: result: printf
configure:5344: checking for a sed that does not truncate output
configure:5408: result: /bin/sed
configure:5426: checking for grep that handles long lines and -e
configure:5484: result: /bin/grep
configure:5489: checking for egrep
configure:5551: result: /bin/grep -E
configure:5556: checking for fgrep
configure:5618: result: /bin/grep -F
configure:5653: checking for ld used by gcc
configure:5720: result: /usr/bin/ld
configure:5727: checking if the linker (/usr/bin/ld) is GNU ld
configure:5742: result: yes
configure:5754: checking for BSD- or MS-compatible name lister (nm)
configure:5808: result: /usr/bin/nm -B
configure:5938: checking the name lister (/usr/bin/nm -B) interface
configure:5945: gcc -c -g -O2  conftest.c >&5
configure:5948: /usr/bin/nm -B "conftest.o"
configure:5951: output
0000000000000000 B some_variable
configure:5958: result: BSD nm
configure:5962: checking the maximum length of command line arguments
configure:6093: result: 1572864
configure:6141: checking how to convert x86_64-pc-linux-gnu file names to x86_64-pc-linux-gnu format
configure:6181: result: func_convert_file_noop
configure:6188: checking how to convert x86_64-pc-linux-gnu file names to toolchain format
configure:6208: result: func_convert_file_noop
configure:6215: checking for /usr/bin/ld option to reload object files
configure:6222: result: -r
configure:6296: checking for objdump
configure:6312: found /usr/bin/objdump
configure:6323: result: objdump
configure:6355: checking how to recognize dependent libraries
configure:6555: result: pass_all
configure:6640: checking for dlltool
configure:6670: result: no
configure:6700: checking how to associate runtime and link libraries
configure:6727: result: printf %s\n
configure:6788: checking for ar
configure:6804: found /usr/bin/ar
configure:6815: result: ar
configure:6852: checking for archiver @FILE support
configure:6869: gcc -c -g -O2  conftest.c >&5
configure:6869: $? = 0
configure:6872: ar cru libconftest.a @conftest.lst >&5
ar: `u' modifier ignored since `D' is the default (see `U')
configure:6875: $? = 0
configure:6880: ar cru libconftest.a @conftest.lst >&5
ar: `u' modifier ignored since `D' is the default (see `U')
ar: conftest.o: No such file or directory
configure:6883: $? = 1
configure:6895: result: @
configure:6953: checking for strip
configure:6969: found /usr/bin/strip
configure:6980: result: strip
configure:7052: checking for ranlib
configure:7068: found /usr/bin/ranlib
configure:7079: result: ranlib
configure:7181: checking command to parse /usr/bin/nm -B output from gcc object
configure:7334: gcc -c -g -O2  conftest.c >&5
configure:7337: $? = 0
configure:7341: /usr/bin/nm -B conftest.o \| sed -n -e 's/^.*[ ]\([ABCDGIRSTW][ABCDGIRSTW]*\)[ ][ ]*\([_A-Za-z][_A-Za-z0-9]*\)$/\1 \2 \2/p' | sed '/ __gnu_lto/d' \> conftest.nm
configure:7344: $? = 0
configure:7410: gcc -o conftest -g -O2   conftest.c conftstm.o >&5
configure:7413: $? = 0
configure:7451: result: ok
configure:7498: checking for sysroot
configure:7528: result: no
configure:7535: checking for a working dd
configure:7573: result: /bin/dd
configure:7577: checking how to truncate binary pipes
configure:7592: result: /bin/dd bs=4096 count=1
configure:7728: gcc -c -g -O2  conftest.c >&5
configure:7731: $? = 0
configure:7921: checking for mt
configure:7937: found /bin/mt
configure:7948: result: mt
configure:7971: checking if mt is a manifest tool
configure:7977: mt '-?'
configure:7985: result: no
configure:8662: checking how to run the C preprocessor
configure:8693: gcc -E  conftest.c
configure:8693: $? = 0
configure:8707: gcc -E  conftest.c
conftest.c:12:10: fatal error: ac_nonexistent.h: No such file or directory
 #include <ac_nonexistent.h>
          ^~~~~~~~~~~~~~~~~~
compilation terminated.
configure:8707: $? = 1
configure: failed program was:
| /* confdefs.h */
| #define PACKAGE_NAME "PROJ"
| #define PACKAGE_TARNAME "proj"
| #define PACKAGE_VERSION "6.2.1"
| #define PACKAGE_STRING "PROJ 6.2.1"
| #define PACKAGE_BUGREPORT "https://github.com/OSGeo/PROJ/issues"
| #define PACKAGE_URL "https://proj.org"
| #define PACKAGE "proj"
| #define VERSION "6.2.1"
| #define HAVE_CXX11 1
| /* end confdefs.h.  */
| #include <ac_nonexistent.h>
configure:8732: result: gcc -E
configure:8752: gcc -E  conftest.c
configure:8752: $? = 0
configure:8766: gcc -E  conftest.c
conftest.c:12:10: fatal error: ac_nonexistent.h: No such file or directory
 #include <ac_nonexistent.h>
          ^~~~~~~~~~~~~~~~~~
compilation terminated.
configure:8766: $? = 1
configure: failed program was:
| /* confdefs.h */
| #define PACKAGE_NAME "PROJ"
| #define PACKAGE_TARNAME "proj"
| #define PACKAGE_VERSION "6.2.1"
| #define PACKAGE_STRING "PROJ 6.2.1"
| #define PACKAGE_BUGREPORT "https://github.com/OSGeo/PROJ/issues"
| #define PACKAGE_URL "https://proj.org"
| #define PACKAGE "proj"
| #define VERSION "6.2.1"
| #define HAVE_CXX11 1
| /* end confdefs.h.  */
| #include <ac_nonexistent.h>
configure:8795: checking for ANSI C header files
configure:8815: gcc -c -g -O2  conftest.c >&5
configure:8815: $? = 0
configure:8888: gcc -o conftest -g -O2   conftest.c  >&5
configure:8888: $? = 0
configure:8888: ./conftest
configure:8888: $? = 0
configure:8899: result: yes
configure:8912: checking for sys/types.h
configure:8912: gcc -c -g -O2  conftest.c >&5
configure:8912: $? = 0
configure:8912: result: yes
configure:8912: checking for sys/stat.h
configure:8912: gcc -c -g -O2  conftest.c >&5
configure:8912: $? = 0
configure:8912: result: yes
configure:8912: checking for stdlib.h
configure:8912: gcc -c -g -O2  conftest.c >&5
configure:8912: $? = 0
configure:8912: result: yes
configure:8912: checking for string.h
configure:8912: gcc -c -g -O2  conftest.c >&5
configure:8912: $? = 0
configure:8912: result: yes
configure:8912: checking for memory.h
configure:8912: gcc -c -g -O2  conftest.c >&5
configure:8912: $? = 0
configure:8912: result: yes
configure:8912: checking for strings.h
configure:8912: gcc -c -g -O2  conftest.c >&5
configure:8912: $? = 0
configure:8912: result: yes
configure:8912: checking for inttypes.h
configure:8912: gcc -c -g -O2  conftest.c >&5
configure:8912: $? = 0
configure:8912: result: yes
configure:8912: checking for stdint.h
configure:8912: gcc -c -g -O2  conftest.c >&5
configure:8912: $? = 0
configure:8912: result: yes
configure:8912: checking for unistd.h
configure:8912: gcc -c -g -O2  conftest.c >&5
configure:8912: $? = 0
configure:8912: result: yes
configure:8926: checking for dlfcn.h
configure:8926: gcc -c -g -O2  conftest.c >&5
configure:8926: $? = 0
configure:8926: result: yes
configure:9192: checking for objdir
configure:9207: result: .libs
configure:9471: checking if gcc supports -fno-rtti -fno-exceptions
configure:9489: gcc -c -g -O2  -fno-rtti -fno-exceptions conftest.c >&5
cc1: warning: command line option '-fno-rtti' is valid for C++/ObjC++ but not for C
configure:9493: $? = 0
configure:9506: result: no
configure:9864: checking for gcc option to produce PIC
configure:9871: result: -fPIC -DPIC
configure:9879: checking if gcc PIC flag -fPIC -DPIC works
configure:9897: gcc -c -g -O2  -fPIC -DPIC -DPIC conftest.c >&5
configure:9901: $? = 0
configure:9914: result: yes
configure:9943: checking if gcc static flag -static works
configure:9971: result: yes
configure:9986: checking if gcc supports -c -o file.o
configure:10007: gcc -c -g -O2  -o out/conftest2.o conftest.c >&5
configure:10011: $? = 0
configure:10033: result: yes
configure:10041: checking if gcc supports -c -o file.o
configure:10088: result: yes
configure:10121: checking whether the gcc linker (/usr/bin/ld -m elf_x86_64) supports shared libraries
configure:11380: result: yes
configure:11417: checking whether -lc should be explicitly linked in
configure:11425: gcc -c -g -O2  conftest.c >&5
configure:11428: $? = 0
configure:11443: gcc -shared  -fPIC -DPIC conftest.o  -v -Wl,-soname -Wl,conftest -o conftest 2\>\&1 \| /bin/grep  -lc  \>/dev/null 2\>\&1
configure:11446: $? = 0
configure:11460: result: no
configure:11620: checking dynamic linker characteristics
configure:12201: gcc -o conftest -g -O2   -Wl,-rpath -Wl,/foo conftest.c  >&5
configure:12201: $? = 0
configure:12438: result: GNU/Linux ld.so
configure:12560: checking how to hardcode library paths into programs
configure:12585: result: immediate
configure:13133: checking whether stripping libraries is possible
configure:13138: result: yes
configure:13173: checking if libtool supports shared libraries
configure:13175: result: yes
configure:13178: checking whether to build shared libraries
configure:13203: result: yes
configure:13206: checking whether to build static libraries
configure:13210: result: yes
configure:13233: checking how to run the C++ preprocessor
configure:13260: g++ -E  conftest.cpp
configure:13260: $? = 0
configure:13274: g++ -E  conftest.cpp
conftest.cpp:24:10: fatal error: ac_nonexistent.h: No such file or directory
 #include <ac_nonexistent.h>
          ^~~~~~~~~~~~~~~~~~
compilation terminated.
configure:13274: $? = 1
configure: failed program was:
| /* confdefs.h */
| #define PACKAGE_NAME "PROJ"
| #define PACKAGE_TARNAME "proj"
| #define PACKAGE_VERSION "6.2.1"
| #define PACKAGE_STRING "PROJ 6.2.1"
| #define PACKAGE_BUGREPORT "https://github.com/OSGeo/PROJ/issues"
| #define PACKAGE_URL "https://proj.org"
| #define PACKAGE "proj"
| #define VERSION "6.2.1"
| #define HAVE_CXX11 1
| #define STDC_HEADERS 1
| #define HAVE_SYS_TYPES_H 1
| #define HAVE_SYS_STAT_H 1
| #define HAVE_STDLIB_H 1
| #define HAVE_STRING_H 1
| #define HAVE_MEMORY_H 1
| #define HAVE_STRINGS_H 1
| #define HAVE_INTTYPES_H 1
| #define HAVE_STDINT_H 1
| #define HAVE_UNISTD_H 1
| #define HAVE_DLFCN_H 1
| #define LT_OBJDIR ".libs/"
| /* end confdefs.h.  */
| #include <ac_nonexistent.h>
configure:13299: result: g++ -E
configure:13319: g++ -E  conftest.cpp
configure:13319: $? = 0
configure:13333: g++ -E  conftest.cpp
conftest.cpp:24:10: fatal error: ac_nonexistent.h: No such file or directory
 #include <ac_nonexistent.h>
          ^~~~~~~~~~~~~~~~~~
compilation terminated.
configure:13333: $? = 1
configure: failed program was:
| /* confdefs.h */
| #define PACKAGE_NAME "PROJ"
| #define PACKAGE_TARNAME "proj"
| #define PACKAGE_VERSION "6.2.1"
| #define PACKAGE_STRING "PROJ 6.2.1"
| #define PACKAGE_BUGREPORT "https://github.com/OSGeo/PROJ/issues"
| #define PACKAGE_URL "https://proj.org"
| #define PACKAGE "proj"
| #define VERSION "6.2.1"
| #define HAVE_CXX11 1
| #define STDC_HEADERS 1
| #define HAVE_SYS_TYPES_H 1
| #define HAVE_SYS_STAT_H 1
| #define HAVE_STDLIB_H 1
| #define HAVE_STRING_H 1
| #define HAVE_MEMORY_H 1
| #define HAVE_STRINGS_H 1
| #define HAVE_INTTYPES_H 1
| #define HAVE_STDINT_H 1
| #define HAVE_UNISTD_H 1
| #define HAVE_DLFCN_H 1
| #define LT_OBJDIR ".libs/"
| /* end confdefs.h.  */
| #include <ac_nonexistent.h>
configure:13495: checking for ld used by g++
configure:13562: result: /usr/bin/ld -m elf_x86_64
configure:13569: checking if the linker (/usr/bin/ld -m elf_x86_64) is GNU ld
configure:13584: result: yes
configure:13639: checking whether the g++ linker (/usr/bin/ld -m elf_x86_64) supports shared libraries
configure:14712: result: yes
configure:14748: g++ -c -g -O2  conftest.cpp >&5
configure:14751: $? = 0
configure:15232: checking for g++ option to produce PIC
configure:15239: result: -fPIC -DPIC
configure:15247: checking if g++ PIC flag -fPIC -DPIC works
configure:15265: g++ -c -g -O2  -fPIC -DPIC -DPIC conftest.cpp >&5
configure:15269: $? = 0
configure:15282: result: yes
configure:15305: checking if g++ static flag -static works
configure:15333: result: yes
configure:15345: checking if g++ supports -c -o file.o
configure:15366: g++ -c -g -O2  -o out/conftest2.o conftest.cpp >&5
configure:15370: $? = 0
configure:15392: result: yes
configure:15397: checking if g++ supports -c -o file.o
configure:15444: result: yes
configure:15474: checking whether the g++ linker (/usr/bin/ld -m elf_x86_64) supports shared libraries
configure:15514: result: yes
configure:15655: checking dynamic linker characteristics
configure:16400: result: GNU/Linux ld.so
configure:16465: checking how to hardcode library paths into programs
configure:16490: result: immediate
configure:16552: checking C_WFLAGS for maximum warnings
configure:16579: gcc -c -g -O2 -pedantic -Wdeclaration-after-statement  -Wall -Wdeclaration-after-statement  conftest.c >&5
configure:16579: $? = 0
configure:16593: result: -Wall -Wdeclaration-after-statement
configure:16606: : C_WFLAGS="$C_WFLAGS $ac_cv_cflags_warn_all"
configure:16609: $? = 0
configure:16616: checking CXX_WFLAGS for maximum warnings
configure:16643: g++ -c -g -O2 -pedantic  -Wall  conftest.cpp >&5
configure:16643: $? = 0
configure:16657: result: -Wall
configure:16670: : CXX_WFLAGS="$CXX_WFLAGS $ac_cv_cxxflags_warn_all"
configure:16673: $? = 0
configure:16681: checking whether C compiler accepts -Werror -we10006
configure:16700: gcc -c -g -O2  -Werror -we10006  conftest.c >&5
gcc: error: unrecognized command line option '-we10006'
configure:16700: $? = 1
configure: failed program was:
| /* confdefs.h */
| #define PACKAGE_NAME "PROJ"
| #define PACKAGE_TARNAME "proj"
| #define PACKAGE_VERSION "6.2.1"
| #define PACKAGE_STRING "PROJ 6.2.1"
| #define PACKAGE_BUGREPORT "https://github.com/OSGeo/PROJ/issues"
| #define PACKAGE_URL "https://proj.org"
| #define PACKAGE "proj"
| #define VERSION "6.2.1"
| #define HAVE_CXX11 1
| #define STDC_HEADERS 1
| #define HAVE_SYS_TYPES_H 1
| #define HAVE_SYS_STAT_H 1
| #define HAVE_STDLIB_H 1
| #define HAVE_STRING_H 1
| #define HAVE_MEMORY_H 1
| #define HAVE_STRINGS_H 1
| #define HAVE_INTTYPES_H 1
| #define HAVE_STDINT_H 1
| #define HAVE_UNISTD_H 1
| #define HAVE_DLFCN_H 1
| #define LT_OBJDIR ".libs/"
| /* end confdefs.h.  */
| 
| int
| main ()
| {
| 
|   ;
|   return 0;
| }
configure:16708: result: no
configure:16718: checking whether C compiler accepts -diag-disable 188,1684,2259,2304,3280,11074,11076
configure:16737: gcc -c -g -O2 -Werror -diag-disable 188,1684,2259,2304,3280,11074,11076  conftest.c >&5
gcc: error: 188,1684,2259,2304,3280,11074,11076: No such file or directory
configure:16737: $? = 1
configure: failed program was:
| /* confdefs.h */
| #define PACKAGE_NAME "PROJ"
| #define PACKAGE_TARNAME "proj"
| #define PACKAGE_VERSION "6.2.1"
| #define PACKAGE_STRING "PROJ 6.2.1"
| #define PACKAGE_BUGREPORT "https://github.com/OSGeo/PROJ/issues"
| #define PACKAGE_URL "https://proj.org"
| #define PACKAGE "proj"
| #define VERSION "6.2.1"
| #define HAVE_CXX11 1
| #define STDC_HEADERS 1
| #define HAVE_SYS_TYPES_H 1
| #define HAVE_SYS_STAT_H 1
| #define HAVE_STDLIB_H 1
| #define HAVE_STRING_H 1
| #define HAVE_MEMORY_H 1
| #define HAVE_STRINGS_H 1
| #define HAVE_INTTYPES_H 1
| #define HAVE_STDINT_H 1
| #define HAVE_UNISTD_H 1
| #define HAVE_DLFCN_H 1
| #define LT_OBJDIR ".libs/"
| /* end confdefs.h.  */
| 
| int
| main ()
| {
| 
|   ;
|   return 0;
| }
configure:16746: result: no
configure:16756: checking whether C compiler accepts -Wextra
configure:16775: gcc -c -g -O2 -Werror -Wextra  conftest.c >&5
configure:16775: $? = 0
configure:16784: result: yes
configure:16793: checking whether C compiler accepts -Winit-self
configure:16812: gcc -c -g -O2 -Werror -Winit-self  conftest.c >&5
configure:16812: $? = 0
configure:16821: result: yes
configure:16830: checking whether C compiler accepts -Wunused-parameter
configure:16849: gcc -c -g -O2 -Werror -Wunused-parameter  conftest.c >&5
configure:16849: $? = 0
configure:16858: result: yes
configure:16867: checking whether C compiler accepts -Wmissing-prototypes
configure:16886: gcc -c -g -O2 -Werror -Wmissing-prototypes  conftest.c >&5
configure:16886: $? = 0
configure:16895: result: yes
configure:16904: checking whether C compiler accepts -Wmissing-declarations
configure:16923: gcc -c -g -O2 -Werror -Wmissing-declarations  conftest.c >&5
configure:16923: $? = 0
configure:16932: result: yes
configure:16941: checking whether C compiler accepts -Wformat
configure:16960: gcc -c -g -O2 -Werror -Wformat  conftest.c >&5
configure:16960: $? = 0
configure:16969: result: yes
configure:16978: checking whether C compiler accepts -Wformat -Werror=format-security -Wno-format-nonliteral
configure:16997: gcc -c -g -O2 -Werror -Wformat -Werror=format-security -Wno-format-nonliteral  conftest.c >&5
configure:16997: $? = 0
configure:17006: result: yes
configure:17015: checking whether C compiler accepts -Wshorten-64-to-32
configure:17034: gcc -c -g -O2 -Werror -Wshorten-64-to-32  conftest.c >&5
gcc: error: unrecognized command line option '-Wshorten-64-to-32'
configure:17034: $? = 1
configure: failed program was:
| /* confdefs.h */
| #define PACKAGE_NAME "PROJ"
| #define PACKAGE_TARNAME "proj"
| #define PACKAGE_VERSION "6.2.1"
| #define PACKAGE_STRING "PROJ 6.2.1"
| #define PACKAGE_BUGREPORT "https://github.com/OSGeo/PROJ/issues"
| #define PACKAGE_URL "https://proj.org"
| #define PACKAGE "proj"
| #define VERSION "6.2.1"
| #define HAVE_CXX11 1
| #define STDC_HEADERS 1
| #define HAVE_SYS_TYPES_H 1
| #define HAVE_SYS_STAT_H 1
| #define HAVE_STDLIB_H 1
| #define HAVE_STRING_H 1
| #define HAVE_MEMORY_H 1
| #define HAVE_STRINGS_H 1
| #define HAVE_INTTYPES_H 1
| #define HAVE_STDINT_H 1
| #define HAVE_UNISTD_H 1
| #define HAVE_DLFCN_H 1
| #define LT_OBJDIR ".libs/"
| /* end confdefs.h.  */
| 
| int
| main ()
| {
| 
|   ;
|   return 0;
| }
configure:17043: result: no
configure:17052: checking whether C compiler accepts -Wlogical-op
configure:17071: gcc -c -g -O2 -Werror -Wlogical-op  conftest.c >&5
configure:17071: $? = 0
configure:17080: result: yes
configure:17089: checking whether C compiler accepts -Wshadow
configure:17108: gcc -c -g -O2 -Werror -Wshadow  conftest.c >&5
configure:17108: $? = 0
configure:17117: result: yes
configure:17127: checking whether C compiler accepts -Werror=vla
configure:17146: gcc -c -g -O2 -Werror -Werror=vla  conftest.c >&5
configure:17146: $? = 0
configure:17155: result: yes
configure:17164: checking whether C compiler accepts -Werror=declaration-after-statement
configure:17183: gcc -c -g -O2 -Werror -Werror=declaration-after-statement  conftest.c >&5
configure:17183: $? = 0
configure:17192: result: yes
configure:17203: checking whether C compiler accepts -Wdate-time
configure:17222: gcc -c -g -O2 -Werror -Wdate-time  conftest.c >&5
configure:17222: $? = 0
configure:17231: result: yes
configure:17241: checking whether C compiler accepts -Wnull-dereference
configure:17260: gcc -c -g -O2 -Werror -Wnull-dereference  conftest.c >&5
configure:17260: $? = 0
configure:17269: result: yes
configure:17278: checking whether C compiler accepts -Wduplicated-cond
configure:17297: gcc -c -g -O2 -Werror -Wduplicated-cond  conftest.c >&5
configure:17297: $? = 0
configure:17306: result: yes
configure:17323: checking whether C++ compiler accepts -Wextra-semi
configure:17342: g++ -c -g -O2 -Werror -Wextra-semi  conftest.cpp >&5
g++: error: unrecognized command line option '-Wextra-semi'; did you mean '-Wextra'?
configure:17342: $? = 1
configure: failed program was:
| /* confdefs.h */
| #define PACKAGE_NAME "PROJ"
| #define PACKAGE_TARNAME "proj"
| #define PACKAGE_VERSION "6.2.1"
| #define PACKAGE_STRING "PROJ 6.2.1"
| #define PACKAGE_BUGREPORT "https://github.com/OSGeo/PROJ/issues"
| #define PACKAGE_URL "https://proj.org"
| #define PACKAGE "proj"
| #define VERSION "6.2.1"
| #define HAVE_CXX11 1
| #define STDC_HEADERS 1
| #define HAVE_SYS_TYPES_H 1
| #define HAVE_SYS_STAT_H 1
| #define HAVE_STDLIB_H 1
| #define HAVE_STRING_H 1
| #define HAVE_MEMORY_H 1
| #define HAVE_STRINGS_H 1
| #define HAVE_INTTYPES_H 1
| #define HAVE_STDINT_H 1
| #define HAVE_UNISTD_H 1
| #define HAVE_DLFCN_H 1
| #define LT_OBJDIR ".libs/"
| /* end confdefs.h.  */
| 
| int
| main ()
| {
| 
|   ;
|   return 0;
| }
configure:17351: result: no
configure:17367: checking whether C compiler accepts -Wno-sign-compare
configure:17386: gcc -c -g -O2 -Werror -Wno-sign-compare  conftest.c >&5
configure:17386: $? = 0
configure:17395: result: yes
configure:17405: checking whether C compiler accepts -Wcomma
configure:17424: gcc -c -g -O2 -Werror -Wcomma  conftest.c >&5
gcc: error: unrecognized command line option '-Wcomma'; did you mean '-Wcomment'?
configure:17424: $? = 1
configure: failed program was:
| /* confdefs.h */
| #define PACKAGE_NAME "PROJ"
| #define PACKAGE_TARNAME "proj"
| #define PACKAGE_VERSION "6.2.1"
| #define PACKAGE_STRING "PROJ 6.2.1"
| #define PACKAGE_BUGREPORT "https://github.com/OSGeo/PROJ/issues"
| #define PACKAGE_URL "https://proj.org"
| #define PACKAGE "proj"
| #define VERSION "6.2.1"
| #define HAVE_CXX11 1
| #define STDC_HEADERS 1
| #define HAVE_SYS_TYPES_H 1
| #define HAVE_SYS_STAT_H 1
| #define HAVE_STDLIB_H 1
| #define HAVE_STRING_H 1
| #define HAVE_MEMORY_H 1
| #define HAVE_STRINGS_H 1
| #define HAVE_INTTYPES_H 1
| #define HAVE_STDINT_H 1
| #define HAVE_UNISTD_H 1
| #define HAVE_DLFCN_H 1
| #define LT_OBJDIR ".libs/"
| /* end confdefs.h.  */
| 
| int
| main ()
| {
| 
|   ;
|   return 0;
| }
configure:17433: result: no
configure:17443: checking whether C compiler accepts -Wfloat-conversion
configure:17462: gcc -c -g -O2 -Werror -Wfloat-conversion  conftest.c >&5
configure:17462: $? = 0
configure:17471: result: yes
configure:17481: checking whether C compiler accepts -Wdocumentation -Wno-documentation-deprecated-sync
configure:17500: gcc -c -g -O2 -Werror -Wdocumentation -Wno-documentation-deprecated-sync  conftest.c >&5
gcc: error: unrecognized command line option '-Wdocumentation'
configure:17500: $? = 1
configure: failed program was:
| /* confdefs.h */
| #define PACKAGE_NAME "PROJ"
| #define PACKAGE_TARNAME "proj"
| #define PACKAGE_VERSION "6.2.1"
| #define PACKAGE_STRING "PROJ 6.2.1"
| #define PACKAGE_BUGREPORT "https://github.com/OSGeo/PROJ/issues"
| #define PACKAGE_URL "https://proj.org"
| #define PACKAGE "proj"
| #define VERSION "6.2.1"
| #define HAVE_CXX11 1
| #define STDC_HEADERS 1
| #define HAVE_SYS_TYPES_H 1
| #define HAVE_SYS_STAT_H 1
| #define HAVE_STDLIB_H 1
| #define HAVE_STRING_H 1
| #define HAVE_MEMORY_H 1
| #define HAVE_STRINGS_H 1
| #define HAVE_INTTYPES_H 1
| #define HAVE_STDINT_H 1
| #define HAVE_UNISTD_H 1
| #define HAVE_DLFCN_H 1
| #define LT_OBJDIR ".libs/"
| /* end confdefs.h.  */
| 
| int
| main ()
| {
| 
|   ;
|   return 0;
| }
configure:17509: result: no
configure:17520: checking if -std=gnu89 can be enabled
configure:17535: gcc -c -g -O2 -Werror -std=gnu89  conftest.c >&5
configure:17535: $? = 0
configure:17537: result: yes
configure:17554: checking whether C++ compiler accepts -Wunused-private-field
configure:17573: g++ -c -g -O2 -Werror -Wunused-private-field  conftest.cpp >&5
g++: error: unrecognized command line option '-Wunused-private-field'; did you mean '-Wunused-parameter'?
configure:17573: $? = 1
configure: failed program was:
| /* confdefs.h */
| #define PACKAGE_NAME "PROJ"
| #define PACKAGE_TARNAME "proj"
| #define PACKAGE_VERSION "6.2.1"
| #define PACKAGE_STRING "PROJ 6.2.1"
| #define PACKAGE_BUGREPORT "https://github.com/OSGeo/PROJ/issues"
| #define PACKAGE_URL "https://proj.org"
| #define PACKAGE "proj"
| #define VERSION "6.2.1"
| #define HAVE_CXX11 1
| #define STDC_HEADERS 1
| #define HAVE_SYS_TYPES_H 1
| #define HAVE_SYS_STAT_H 1
| #define HAVE_STDLIB_H 1
| #define HAVE_STRING_H 1
| #define HAVE_MEMORY_H 1
| #define HAVE_STRINGS_H 1
| #define HAVE_INTTYPES_H 1
| #define HAVE_STDINT_H 1
| #define HAVE_UNISTD_H 1
| #define HAVE_DLFCN_H 1
| #define LT_OBJDIR ".libs/"
| /* end confdefs.h.  */
| 
| int
| main ()
| {
| 
|   ;
|   return 0;
| }
configure:17582: result: no
configure:17591: checking whether C++ compiler accepts -Wmissing-prototypes
configure:17610: g++ -c -g -O2 -Werror -Wmissing-prototypes  conftest.cpp >&5
cc1plus: error: command line option '-Wmissing-prototypes' is valid for C/ObjC but not for C++ [-Werror]
cc1plus: all warnings being treated as errors
configure:17610: $? = 1
configure: failed program was:
| /* confdefs.h */
| #define PACKAGE_NAME "PROJ"
| #define PACKAGE_TARNAME "proj"
| #define PACKAGE_VERSION "6.2.1"
| #define PACKAGE_STRING "PROJ 6.2.1"
| #define PACKAGE_BUGREPORT "https://github.com/OSGeo/PROJ/issues"
| #define PACKAGE_URL "https://proj.org"
| #define PACKAGE "proj"
| #define VERSION "6.2.1"
| #define HAVE_CXX11 1
| #define STDC_HEADERS 1
| #define HAVE_SYS_TYPES_H 1
| #define HAVE_SYS_STAT_H 1
| #define HAVE_STDLIB_H 1
| #define HAVE_STRING_H 1
| #define HAVE_MEMORY_H 1
| #define HAVE_STRINGS_H 1
| #define HAVE_INTTYPES_H 1
| #define HAVE_STDINT_H 1
| #define HAVE_UNISTD_H 1
| #define HAVE_DLFCN_H 1
| #define LT_OBJDIR ".libs/"
| /* end confdefs.h.  */
| 
| int
| main ()
| {
| 
|   ;
|   return 0;
| }
configure:17619: result: no
configure:17628: checking whether C++ compiler accepts -Wmissing-declarations
configure:17647: g++ -c -g -O2 -Werror -Wmissing-declarations  conftest.cpp >&5
configure:17647: $? = 0
configure:17656: result: yes
configure:17665: checking whether C++ compiler accepts -Wnon-virtual-dtor
configure:17684: g++ -c -g -O2 -Werror -Wnon-virtual-dtor  conftest.cpp >&5
configure:17684: $? = 0
configure:17693: result: yes
configure:17702: checking whether C++ compiler accepts -Wold-style-cast
configure:17721: g++ -c -g -O2 -Werror -Wold-style-cast  conftest.cpp >&5
configure:17721: $? = 0
configure:17730: result: yes
configure:17739: checking whether C++ compiler accepts -Weffc++
configure:17758: g++ -c -g -O2 -Werror -Weffc++  conftest.cpp >&5
configure:17758: $? = 0
configure:17767: result: yes
configure:17779: checking if -Weffc++ should be enabled
configure:17795: g++ -c -g -O2 -Weffc++ -Werror  conftest.cpp >&5
configure:17795: $? = 0
configure:17796: result: yes
configure:17809: checking whether C++ compiler accepts -Woverloaded-virtual
configure:17828: g++ -c -g -O2 -Werror -Woverloaded-virtual  conftest.cpp >&5
configure:17828: $? = 0
configure:17837: result: yes
configure:17847: checking whether C++ compiler accepts -Wweak-vtables
configure:17866: g++ -c -g -O2 -Werror -Wweak-vtables  conftest.cpp >&5
g++: error: unrecognized command line option '-Wweak-vtables'; did you mean '-fjump-tables'?
configure:17866: $? = 1
configure: failed program was:
| /* confdefs.h */
| #define PACKAGE_NAME "PROJ"
| #define PACKAGE_TARNAME "proj"
| #define PACKAGE_VERSION "6.2.1"
| #define PACKAGE_STRING "PROJ 6.2.1"
| #define PACKAGE_BUGREPORT "https://github.com/OSGeo/PROJ/issues"
| #define PACKAGE_URL "https://proj.org"
| #define PACKAGE "proj"
| #define VERSION "6.2.1"
| #define HAVE_CXX11 1
| #define STDC_HEADERS 1
| #define HAVE_SYS_TYPES_H 1
| #define HAVE_SYS_STAT_H 1
| #define HAVE_STDLIB_H 1
| #define HAVE_STRING_H 1
| #define HAVE_MEMORY_H 1
| #define HAVE_STRINGS_H 1
| #define HAVE_INTTYPES_H 1
| #define HAVE_STDINT_H 1
| #define HAVE_UNISTD_H 1
| #define HAVE_DLFCN_H 1
| #define LT_OBJDIR ".libs/"
| /* end confdefs.h.  */
| 
| int
| main ()
| {
| 
|   ;
|   return 0;
| }
configure:17875: result: no
configure:17884: checking whether C++ compiler accepts -Wdeprecated
configure:17903: g++ -c -g -O2 -Werror -Wdeprecated  conftest.cpp >&5
configure:17903: $? = 0
configure:17912: result: yes
configure:17921: checking whether C++ compiler accepts -Wabstract-vbase-init
configure:17940: g++ -c -g -O2 -Werror -Wabstract-vbase-init  conftest.cpp >&5
g++: error: unrecognized command line option '-Wabstract-vbase-init'; did you mean '-Wstrict-aliasing'?
configure:17940: $? = 1
configure: failed program was:
| /* confdefs.h */
| #define PACKAGE_NAME "PROJ"
| #define PACKAGE_TARNAME "proj"
| #define PACKAGE_VERSION "6.2.1"
| #define PACKAGE_STRING "PROJ 6.2.1"
| #define PACKAGE_BUGREPORT "https://github.com/OSGeo/PROJ/issues"
| #define PACKAGE_URL "https://proj.org"
| #define PACKAGE "proj"
| #define VERSION "6.2.1"
| #define HAVE_CXX11 1
| #define STDC_HEADERS 1
| #define HAVE_SYS_TYPES_H 1
| #define HAVE_SYS_STAT_H 1
| #define HAVE_STDLIB_H 1
| #define HAVE_STRING_H 1
| #define HAVE_MEMORY_H 1
| #define HAVE_STRINGS_H 1
| #define HAVE_INTTYPES_H 1
| #define HAVE_STDINT_H 1
| #define HAVE_UNISTD_H 1
| #define HAVE_DLFCN_H 1
| #define LT_OBJDIR ".libs/"
| /* end confdefs.h.  */
| 
| int
| main ()
| {
| 
|   ;
|   return 0;
| }
configure:17949: result: no
configure:17958: checking whether C++ compiler accepts -Winconsistent-missing-destructor-override
configure:17977: g++ -c -g -O2 -Werror -Winconsistent-missing-destructor-override  conftest.cpp >&5
g++: error: unrecognized command line option '-Winconsistent-missing-destructor-override'
configure:17977: $? = 1
configure: failed program was:
| /* confdefs.h */
| #define PACKAGE_NAME "PROJ"
| #define PACKAGE_TARNAME "proj"
| #define PACKAGE_VERSION "6.2.1"
| #define PACKAGE_STRING "PROJ 6.2.1"
| #define PACKAGE_BUGREPORT "https://github.com/OSGeo/PROJ/issues"
| #define PACKAGE_URL "https://proj.org"
| #define PACKAGE "proj"
| #define VERSION "6.2.1"
| #define HAVE_CXX11 1
| #define STDC_HEADERS 1
| #define HAVE_SYS_TYPES_H 1
| #define HAVE_SYS_STAT_H 1
| #define HAVE_STDLIB_H 1
| #define HAVE_STRING_H 1
| #define HAVE_MEMORY_H 1
| #define HAVE_STRINGS_H 1
| #define HAVE_INTTYPES_H 1
| #define HAVE_STDINT_H 1
| #define HAVE_UNISTD_H 1
| #define HAVE_DLFCN_H 1
| #define LT_OBJDIR ".libs/"
| /* end confdefs.h.  */
| 
| int
| main ()
| {
| 
|   ;
|   return 0;
| }
configure:17986: result: no
configure:17997: checking whether C++ compiler accepts -Wzero-as-null-pointer-constant
configure:18016: g++ -c -g -O2 -Werror -Wzero-as-null-pointer-constant  conftest.cpp >&5
configure:18016: $? = 0
configure:18025: result: yes
configure:18049: checking to enable LTO (link time optimization) build
configure:18175: result: no
configure:18194: checking for exp in -lm
configure:18219: gcc -o conftest -g -O2 -fvisibility=hidden   conftest.c -lm   >&5
conftest.c:32:6: warning: conflicting types for built-in function 'exp' [-Wbuiltin-declaration-mismatch]
 char exp ();
      ^~~
configure:18219: $? = 0
configure:18228: result: yes
configure:18241: checking for ANSI C header files
configure:18345: result: yes
configure:18354: checking whether C compiler accepts -fp-model precise
configure:18373: gcc -c -g -O2 -fvisibility=hidden -Werror -fp-model precise  conftest.c >&5
gcc: error: precise: No such file or directory
gcc: error: unrecognized command line option '-fp-model'
configure:18373: $? = 1
configure: failed program was:
| /* confdefs.h */
| #define PACKAGE_NAME "PROJ"
| #define PACKAGE_TARNAME "proj"
| #define PACKAGE_VERSION "6.2.1"
| #define PACKAGE_STRING "PROJ 6.2.1"
| #define PACKAGE_BUGREPORT "https://github.com/OSGeo/PROJ/issues"
| #define PACKAGE_URL "https://proj.org"
| #define PACKAGE "proj"
| #define VERSION "6.2.1"
| #define HAVE_CXX11 1
| #define STDC_HEADERS 1
| #define HAVE_SYS_TYPES_H 1
| #define HAVE_SYS_STAT_H 1
| #define HAVE_STDLIB_H 1
| #define HAVE_STRING_H 1
| #define HAVE_MEMORY_H 1
| #define HAVE_STRINGS_H 1
| #define HAVE_INTTYPES_H 1
| #define HAVE_STDINT_H 1
| #define HAVE_UNISTD_H 1
| #define HAVE_DLFCN_H 1
| #define LT_OBJDIR ".libs/"
| #define HAVE_GCC_WARNING_ZERO_AS_NULL_POINTER_CONSTANT 1
| #define HAVE_LIBM 1
| #define STDC_HEADERS 1
| /* end confdefs.h.  */
| 
| int
| main ()
| {
| 
|   ;
|   return 0;
| }
configure:18381: result: no
configure:18391: checking for C99 math functions
configure:18409: gcc -o conftest -g -O2 -fvisibility=hidden -Wall -Werror   conftest.c -lm  >&5
configure:18409: $? = 0
configure:18410: result: yes
configure:18420: checking for library containing sqrt
configure:18451: gcc -o conftest -g -O2 -fvisibility=hidden -DHAVE_C99_MATH=1   conftest.c -lm  >&5
conftest.c:34:6: warning: conflicting types for built-in function 'sqrt' [-Wbuiltin-declaration-mismatch]
 char sqrt ();
      ^~~~
configure:18451: $? = 0
configure:18468: result: none required
configure:18477: checking for localeconv
configure:18477: gcc -o conftest -g -O2 -fvisibility=hidden -DHAVE_C99_MATH=1   conftest.c -lm  >&5
configure:18477: $? = 0
configure:18477: result: yes
configure:18486: checking for strerror
configure:18486: gcc -o conftest -g -O2 -fvisibility=hidden -DHAVE_C99_MATH=1   conftest.c -lm  >&5
configure:18486: $? = 0
configure:18486: result: yes
configure:18540: checking jni.h usability
configure:18540: gcc -c -g -O2 -fvisibility=hidden -DHAVE_C99_MATH=1  conftest.c >&5
conftest.c:62:10: fatal error: jni.h: No such file or directory
 #include <jni.h>
          ^~~~~~~
compilation terminated.
configure:18540: $? = 1
configure: failed program was:
| /* confdefs.h */
| #define PACKAGE_NAME "PROJ"
| #define PACKAGE_TARNAME "proj"
| #define PACKAGE_VERSION "6.2.1"
| #define PACKAGE_STRING "PROJ 6.2.1"
| #define PACKAGE_BUGREPORT "https://github.com/OSGeo/PROJ/issues"
| #define PACKAGE_URL "https://proj.org"
| #define PACKAGE "proj"
| #define VERSION "6.2.1"
| #define HAVE_CXX11 1
| #define STDC_HEADERS 1
| #define HAVE_SYS_TYPES_H 1
| #define HAVE_SYS_STAT_H 1
| #define HAVE_STDLIB_H 1
| #define HAVE_STRING_H 1
| #define HAVE_MEMORY_H 1
| #define HAVE_STRINGS_H 1
| #define HAVE_INTTYPES_H 1
| #define HAVE_STDINT_H 1
| #define HAVE_UNISTD_H 1
| #define HAVE_DLFCN_H 1
| #define LT_OBJDIR ".libs/"
| #define HAVE_GCC_WARNING_ZERO_AS_NULL_POINTER_CONSTANT 1
| #define HAVE_LIBM 1
| #define STDC_HEADERS 1
| #define HAVE_LOCALECONV 1
| #define HAVE_STRERROR 1
| /* end confdefs.h.  */
| #include <stdio.h>
| #ifdef HAVE_SYS_TYPES_H
| # include <sys/types.h>
| #endif
| #ifdef HAVE_SYS_STAT_H
| # include <sys/stat.h>
| #endif
| #ifdef STDC_HEADERS
| # include <stdlib.h>
| # include <stddef.h>
| #else
| # ifdef HAVE_STDLIB_H
| #  include <stdlib.h>
| # endif
| #endif
| #ifdef HAVE_STRING_H
| # if !defined STDC_HEADERS && defined HAVE_MEMORY_H
| #  include <memory.h>
| # endif
| # include <string.h>
| #endif
| #ifdef HAVE_STRINGS_H
| # include <strings.h>
| #endif
| #ifdef HAVE_INTTYPES_H
| # include <inttypes.h>
| #endif
| #ifdef HAVE_STDINT_H
| # include <stdint.h>
| #endif
| #ifdef HAVE_UNISTD_H
| # include <unistd.h>
| #endif
| #include <jni.h>
configure:18540: result: no
configure:18540: checking jni.h presence
configure:18540: gcc -E  conftest.c
conftest.c:29:10: fatal error: jni.h: No such file or directory
 #include <jni.h>
          ^~~~~~~
compilation terminated.
configure:18540: $? = 1
configure: failed program was:
| /* confdefs.h */
| #define PACKAGE_NAME "PROJ"
| #define PACKAGE_TARNAME "proj"
| #define PACKAGE_VERSION "6.2.1"
| #define PACKAGE_STRING "PROJ 6.2.1"
| #define PACKAGE_BUGREPORT "https://github.com/OSGeo/PROJ/issues"
| #define PACKAGE_URL "https://proj.org"
| #define PACKAGE "proj"
| #define VERSION "6.2.1"
| #define HAVE_CXX11 1
| #define STDC_HEADERS 1
| #define HAVE_SYS_TYPES_H 1
| #define HAVE_SYS_STAT_H 1
| #define HAVE_STDLIB_H 1
| #define HAVE_STRING_H 1
| #define HAVE_MEMORY_H 1
| #define HAVE_STRINGS_H 1
| #define HAVE_INTTYPES_H 1
| #define HAVE_STDINT_H 1
| #define HAVE_UNISTD_H 1
| #define HAVE_DLFCN_H 1
| #define LT_OBJDIR ".libs/"
| #define HAVE_GCC_WARNING_ZERO_AS_NULL_POINTER_CONSTANT 1
| #define HAVE_LIBM 1
| #define STDC_HEADERS 1
| #define HAVE_LOCALECONV 1
| #define HAVE_STRERROR 1
| /* end confdefs.h.  */
| #include <jni.h>
configure:18540: result: no
configure:18540: checking for jni.h
configure:18540: result: no
configure:18551: checking whether to enable Java/JNI support
configure:18555: result: disabled
configure:18584: checking for mutexes
configure:18589: checking for pthread_create in -lpthread
configure:18614: gcc -o conftest -g -O2 -fvisibility=hidden -DHAVE_C99_MATH=1   conftest.c -lpthread  -lm  >&5
configure:18614: $? = 0
configure:18623: result: yes
configure:18632: checking for pthread_mutexattr_settype in -lpthread
configure:18657: gcc -o conftest -g -O2 -fvisibility=hidden -DHAVE_C99_MATH=1   conftest.c -lpthread  -lm  >&5
configure:18657: $? = 0
configure:18666: result: yes
configure:18677: checking whether PTHREAD_MUTEX_RECURSIVE is declared
configure:18677: gcc -c -g -O2 -fvisibility=hidden -DHAVE_C99_MATH=1  conftest.c >&5
configure:18677: $? = 0
configure:18677: result: yes
configure:18685: result: enabled, pthread
configure:18749: checking for pkg-config
configure:18767: found /usr/bin/pkg-config
configure:18779: result: /usr/bin/pkg-config
configure:18804: checking pkg-config is at least version 0.9.0
configure:18807: result: yes
configure:18818: checking for SQLITE3
configure:18826: $PKG_CONFIG --exists --print-errors "sqlite3 >= 3.7"
configure:18829: $? = 0
configure:18844: $PKG_CONFIG --exists --print-errors "sqlite3 >= 3.7"
configure:18847: $? = 0
configure:18902: result: yes
configure:18914: checking for sqlite3
configure:18930: found /usr/bin/sqlite3
configure:18941: result: yes
configure:19055: result: using internal GTest.
configure:19192: checking that generated files are newer than configure
configure:19198: result: done
configure:19229: creating ./config.status

## ---------------------- ##
## Running config.status. ##
## ---------------------- ##

This file was extended by PROJ config.status 6.2.1, which was
generated by GNU Autoconf 2.69.  Invocation command line was

  CONFIG_FILES    = 
  CONFIG_HEADERS  = 
  CONFIG_LINKS    = 
  CONFIG_COMMANDS = 
  $ ./config.status 

on ubuntu-s-1vcpu-1gb-lon1-01

config.status:1201: creating Makefile
config.status:1201: creating cmake/Makefile
config.status:1201: creating src/Makefile
config.status:1201: creating include/Makefile
config.status:1201: creating include/proj/Makefile
config.status:1201: creating include/proj/internal/Makefile
config.status:1201: creating include/proj/internal/nlohmann/Makefile
config.status:1201: creating test/Makefile
config.status:1201: creating test/cli/Makefile
config.status:1201: creating test/gie/Makefile
config.status:1201: creating test/gigs/Makefile
config.status:1201: creating test/unit/Makefile
config.status:1201: creating man/Makefile
config.status:1201: creating man/man1/Makefile
config.status:1201: creating man/man3/Makefile
config.status:1201: creating data/Makefile
config.status:1201: creating jniwrap/Makefile
config.status:1201: creating jniwrap/org.osgeo.proj/Makefile
config.status:1201: creating jniwrap/org.osgeo.proj/org/Makefile
config.status:1201: creating jniwrap/org.osgeo.proj/org/proj4/Makefile
config.status:1201: creating test/googletest/Makefile
config.status:1201: creating test/googletest/include/Makefile
config.status:1201: creating test/googletest/include/gtest/Makefile
config.status:1201: creating test/googletest/include/gtest/internal/Makefile
config.status:1201: creating test/googletest/include/gtest/internal/custom/Makefile
config.status:1201: creating test/googletest/src/Makefile
config.status:1201: creating proj.pc
config.status:1309: WARNING:  'proj.pc.in' seems to ignore the --datarootdir setting
config.status:1201: creating src/proj_config.h
config.status:1382: src/proj_config.h is unchanged
config.status:1430: executing depfiles commands
config.status:1507: cd src       && sed -e '/# am--include-marker/d' Makefile         | make -f - am--depfiles
make: Nothing to be done for 'am--depfiles'.
config.status:1512: $? = 0
config.status:1507: cd test/unit       && sed -e '/# am--include-marker/d' Makefile         | make -f - am--depfiles
make: Nothing to be done for 'am--depfiles'.
config.status:1512: $? = 0
config.status:1507: cd test/googletest       && sed -e '/# am--include-marker/d' Makefile         | make -f - am--depfiles
make: Nothing to be done for 'am--depfiles'.
config.status:1512: $? = 0
config.status:1430: executing libtool commands

## ---------------- ##
## Cache variables. ##
## ---------------- ##

ac_cv_build=x86_64-pc-linux-gnu
ac_cv_c_compiler_gnu=yes
ac_cv_cflags_warn_all='-Wall -Wdeclaration-after-statement'
ac_cv_cxx_compiler_gnu=yes
ac_cv_cxxflags_warn_all=-Wall
ac_cv_env_CCC_set=
ac_cv_env_CCC_value=
ac_cv_env_CC_set=
ac_cv_env_CC_value=
ac_cv_env_CFLAGS_set=
ac_cv_env_CFLAGS_value=
ac_cv_env_CPPFLAGS_set=
ac_cv_env_CPPFLAGS_value=
ac_cv_env_CPP_set=
ac_cv_env_CPP_value=
ac_cv_env_CXXCPP_set=
ac_cv_env_CXXCPP_value=
ac_cv_env_CXXFLAGS_set=
ac_cv_env_CXXFLAGS_value=
ac_cv_env_CXX_set=
ac_cv_env_CXX_value=
ac_cv_env_GTEST_CFLAGS_set=
ac_cv_env_GTEST_CFLAGS_value=
ac_cv_env_GTEST_LIBS_set=
ac_cv_env_GTEST_LIBS_value=
ac_cv_env_LDFLAGS_set=
ac_cv_env_LDFLAGS_value=
ac_cv_env_LIBS_set=
ac_cv_env_LIBS_value=
ac_cv_env_LT_SYS_LIBRARY_PATH_set=
ac_cv_env_LT_SYS_LIBRARY_PATH_value=
ac_cv_env_PKG_CONFIG_set=
ac_cv_env_PKG_CONFIG_value=
ac_cv_env_SQLITE3_CFLAGS_set=
ac_cv_env_SQLITE3_CFLAGS_value=
ac_cv_env_SQLITE3_LIBS_set=
ac_cv_env_SQLITE3_LIBS_value=
ac_cv_env_build_alias_set=
ac_cv_env_build_alias_value=
ac_cv_env_host_alias_set=
ac_cv_env_host_alias_value=
ac_cv_env_target_alias_set=
ac_cv_env_target_alias_value=
ac_cv_func_localeconv=yes
ac_cv_func_strerror=yes
ac_cv_have_decl_PTHREAD_MUTEX_RECURSIVE=yes
ac_cv_header_dlfcn_h=yes
ac_cv_header_inttypes_h=yes
ac_cv_header_jni_h=no
ac_cv_header_memory_h=yes
ac_cv_header_stdc=yes
ac_cv_header_stdint_h=yes
ac_cv_header_stdlib_h=yes
ac_cv_header_string_h=yes
ac_cv_header_strings_h=yes
ac_cv_header_sys_stat_h=yes
ac_cv_header_sys_types_h=yes
ac_cv_header_unistd_h=yes
ac_cv_host=x86_64-pc-linux-gnu
ac_cv_lib_m_exp=yes
ac_cv_lib_pthread_pthread_create=yes
ac_cv_lib_pthread_pthread_mutexattr_settype=yes
ac_cv_objext=o
ac_cv_path_EGREP='/bin/grep -E'
ac_cv_path_FGREP='/bin/grep -F'
ac_cv_path_GREP=/bin/grep
ac_cv_path_SED=/bin/sed
ac_cv_path_ac_pt_PKG_CONFIG=/usr/bin/pkg-config
ac_cv_path_install='/usr/bin/install -c'
ac_cv_path_lt_DD=/bin/dd
ac_cv_path_mkdir=/bin/mkdir
ac_cv_prog_AWK=gawk
ac_cv_prog_CPP='gcc -E'
ac_cv_prog_CXXCPP='g++ -E'
ac_cv_prog_SQLITE3_CHECK=yes
ac_cv_prog_ac_ct_AR=ar
ac_cv_prog_ac_ct_CC=gcc
ac_cv_prog_ac_ct_CXX=g++
ac_cv_prog_ac_ct_MANIFEST_TOOL=mt
ac_cv_prog_ac_ct_OBJDUMP=objdump
ac_cv_prog_ac_ct_RANLIB=ranlib
ac_cv_prog_ac_ct_STRIP=strip
ac_cv_prog_cc_c89=
ac_cv_prog_cc_g=yes
ac_cv_prog_cxx_g=yes
ac_cv_prog_make_make_set=yes
ac_cv_search_sqrt='none required'
am_cv_CC_dependencies_compiler_type=gcc3
am_cv_CXX_dependencies_compiler_type=gcc3
am_cv_make_support_nested_variables=yes
am_cv_prog_cc_c_o=yes
ax_cv_check_cflags__Wcomma=no
ax_cv_check_cflags__Wdate_time=yes
ax_cv_check_cflags__Wdocumentation__Wno_documentation_deprecated_sync=no
ax_cv_check_cflags__Wduplicated_cond=yes
ax_cv_check_cflags__Werror__fp_model_precise=no
ax_cv_check_cflags__Werror_declaration_after_statement=yes
ax_cv_check_cflags__Werror_vla=yes
ax_cv_check_cflags__Wextra=yes
ax_cv_check_cflags__Wfloat_conversion=yes
ax_cv_check_cflags__Wformat=yes
ax_cv_check_cflags__Wformat__Werror_format_security__Wno_format_nonliteral=yes
ax_cv_check_cflags__Winit_self=yes
ax_cv_check_cflags__Wlogical_op=yes
ax_cv_check_cflags__Wmissing_declarations=yes
ax_cv_check_cflags__Wmissing_prototypes=yes
ax_cv_check_cflags__Wno_sign_compare=yes
ax_cv_check_cflags__Wnull_dereference=yes
ax_cv_check_cflags__Wshadow=yes
ax_cv_check_cflags__Wshorten_64_to_32=no
ax_cv_check_cflags__Wunused_parameter=yes
ax_cv_check_cflags___Werror__we10006=no
ax_cv_check_cflags__diag_disable_188_1684_2259_2304_3280_11074_11076=no
ax_cv_check_cxxflags__Wabstract_vbase_init=no
ax_cv_check_cxxflags__Wdeprecated=yes
ax_cv_check_cxxflags__Weffcpp=yes
ax_cv_check_cxxflags__Wextra_semi=no
ax_cv_check_cxxflags__Winconsistent_missing_destructor_override=no
ax_cv_check_cxxflags__Wmissing_declarations=yes
ax_cv_check_cxxflags__Wmissing_prototypes=no
ax_cv_check_cxxflags__Wnon_virtual_dtor=yes
ax_cv_check_cxxflags__Wold_style_cast=yes
ax_cv_check_cxxflags__Woverloaded_virtual=yes
ax_cv_check_cxxflags__Wunused_private_field=no
ax_cv_check_cxxflags__Wweak_vtables=no
ax_cv_check_cxxflags__Wzero_as_null_pointer_constant=yes
ax_cv_cxx_compile_cxx11=yes
lt_cv_ar_at_file=@
lt_cv_archive_cmds_need_lc=no
lt_cv_deplibs_check_method=pass_all
lt_cv_file_magic_cmd='$MAGIC_CMD'
lt_cv_file_magic_test_file=
lt_cv_ld_reload_flag=-r
lt_cv_nm_interface='BSD nm'
lt_cv_objdir=.libs
lt_cv_path_LD=/usr/bin/ld
lt_cv_path_LDCXX='/usr/bin/ld -m elf_x86_64'
lt_cv_path_NM='/usr/bin/nm -B'
lt_cv_path_mainfest_tool=no
lt_cv_prog_compiler_c_o=yes
lt_cv_prog_compiler_c_o_CXX=yes
lt_cv_prog_compiler_pic='-fPIC -DPIC'
lt_cv_prog_compiler_pic_CXX='-fPIC -DPIC'
lt_cv_prog_compiler_pic_works=yes
lt_cv_prog_compiler_pic_works_CXX=yes
lt_cv_prog_compiler_rtti_exceptions=no
lt_cv_prog_compiler_static_works=yes
lt_cv_prog_compiler_static_works_CXX=yes
lt_cv_prog_gnu_ld=yes
lt_cv_prog_gnu_ldcxx=yes
lt_cv_sharedlib_from_linklib_cmd='printf %s\n'
lt_cv_shlibpath_overrides_runpath=yes
lt_cv_sys_global_symbol_pipe='sed -n -e '\''s/^.*[	 ]\([ABCDGIRSTW][ABCDGIRSTW]*\)[	 ][	 ]*\([_A-Za-z][_A-Za-z0-9]*\)$/\1 \2 \2/p'\'' | sed '\''/ __gnu_lto/d'\'''
lt_cv_sys_global_symbol_to_c_name_address='sed -n -e '\''s/^: \(.*\) .*$/  {"\1", (void *) 0},/p'\'' -e '\''s/^[ABCDGIRSTW][ABCDGIRSTW]* .* \(.*\)$/  {"\1", (void *) \&\1},/p'\'''
lt_cv_sys_global_symbol_to_c_name_address_lib_prefix='sed -n -e '\''s/^: \(.*\) .*$/  {"\1", (void *) 0},/p'\'' -e '\''s/^[ABCDGIRSTW][ABCDGIRSTW]* .* \(lib.*\)$/  {"\1", (void *) \&\1},/p'\'' -e '\''s/^[ABCDGIRSTW][ABCDGIRSTW]* .* \(.*\)$/  {"lib\1", (void *) \&\1},/p'\'''
lt_cv_sys_global_symbol_to_cdecl='sed -n -e '\''s/^T .* \(.*\)$/extern int \1();/p'\'' -e '\''s/^[ABCDGIRSTW][ABCDGIRSTW]* .* \(.*\)$/extern char \1;/p'\'''
lt_cv_sys_global_symbol_to_import=
lt_cv_sys_max_cmd_len=1572864
lt_cv_to_host_file_cmd=func_convert_file_noop
lt_cv_to_tool_file_cmd=func_convert_file_noop
lt_cv_truncate_bin='/bin/dd bs=4096 count=1'
pkg_cv_SQLITE3_CFLAGS=
pkg_cv_SQLITE3_LIBS=-lsqlite3

## ----------------- ##
## Output variables. ##
## ----------------- ##

ACLOCAL='${SHELL} /home/tiarnan/webmapping/geodjango/proj-6.2.1/missing aclocal-1.16'
AMDEPBACKSLASH='\'
AMDEP_FALSE='#'
AMDEP_TRUE=''
AMTAR='$${TAR-tar}'
AM_BACKSLASH='\'
AM_DEFAULT_V='$(AM_DEFAULT_VERBOSITY)'
AM_DEFAULT_VERBOSITY='1'
AM_V='$(V)'
AR='ar'
AUTOCONF='${SHELL} /home/tiarnan/webmapping/geodjango/proj-6.2.1/missing autoconf'
AUTOHEADER='${SHELL} /home/tiarnan/webmapping/geodjango/proj-6.2.1/missing autoheader'
AUTOMAKE='${SHELL} /home/tiarnan/webmapping/geodjango/proj-6.2.1/missing automake-1.16'
AWK='gawk'
CC='gcc'
CCDEPMODE='depmode=gcc3'
CFLAGS='-g -O2 -fvisibility=hidden -DHAVE_C99_MATH=1'
CPP='gcc -E'
CPPFLAGS=''
CXX='g++'
CXXCPP='g++ -E'
CXXDEPMODE='depmode=gcc3'
CXXFLAGS='-g -O2 -fvisibility=hidden'
CXX_WFLAGS=' -Wall -Wextra -Winit-self -Wunused-parameter -Wformat -Werror=format-security -Wno-format-nonliteral -Wlogical-op -Wshadow -Werror=vla -Wdate-time -Wnull-dereference -Wduplicated-cond -Wfloat-conversion -Wmissing-declarations -Wnon-virtual-dtor -Weffc++ -Woverloaded-virtual -Wdeprecated -Wzero-as-null-pointer-constant'
CYGPATH_W='echo'
C_WFLAGS=' -Wall -Wdeclaration-after-statement -Wextra -Winit-self -Wunused-parameter -Wmissing-prototypes -Wmissing-declarations -Wformat -Werror=format-security -Wno-format-nonliteral -Wlogical-op -Wshadow -Werror=vla -Wdeclaration-after-statement -Wdate-time -Wnull-dereference -Wduplicated-cond -Wfloat-conversion -std=gnu89'
DEFS='-DHAVE_CONFIG_H'
DEPDIR='.deps'
DLLTOOL='false'
DSYMUTIL=''
DUMPBIN=''
ECHO_C=''
ECHO_N='-n'
ECHO_T=''
EGREP='/bin/grep -E'
EXEEXT=''
FGREP='/bin/grep -F'
FLTO_FLAG=''
GREP='/bin/grep'
GTEST_CFLAGS='-I$(top_srcdir)/test/googletest/include'
GTEST_LIBS='$(top_builddir)/test/googletest/libgtest.la'
HAVE_CXX11='1'
INSTALL_DATA='${INSTALL} -m 644'
INSTALL_PROGRAM='${INSTALL}'
INSTALL_SCRIPT='${INSTALL}'
INSTALL_STRIP_PROGRAM='$(install_sh) -c -s'
JNI_INCLUDE=''
LD='/usr/bin/ld -m elf_x86_64'
LDFLAGS=''
LIBOBJS=''
LIBS='-lpthread -lm '
LIBTOOL='$(SHELL) $(top_builddir)/libtool'
LIPO=''
LN_S='ln -s'
LTLIBOBJS=''
LT_SYS_LIBRARY_PATH=''
MAKEINFO='${SHELL} /home/tiarnan/webmapping/geodjango/proj-6.2.1/missing makeinfo'
MANIFEST_TOOL=':'
MKDIR_P='/bin/mkdir -p'
MUTEX_SETTING='pthread'
NM='/usr/bin/nm -B'
NMEDIT=''
NO_ZERO_AS_NULL_POINTER_CONSTANT_FLAG='-Wno-zero-as-null-pointer-constant'
OBJDUMP='objdump'
OBJEXT='o'
OTOOL64=''
OTOOL=''
PACKAGE='proj'
PACKAGE_BUGREPORT='https://github.com/OSGeo/PROJ/issues'
PACKAGE_NAME='PROJ'
PACKAGE_STRING='PROJ 6.2.1'
PACKAGE_TARNAME='proj'
PACKAGE_URL='https://proj.org'
PACKAGE_VERSION='6.2.1'
PATH_SEPARATOR=':'
PKG_CONFIG='/usr/bin/pkg-config'
RANLIB='ranlib'
SED='/bin/sed'
SET_MAKE=''
SHELL='/bin/bash'
SQLITE3_CFLAGS=''
SQLITE3_CHECK='yes'
SQLITE3_LIBS='-lsqlite3'
STRIP='strip'
THREAD_LIB='-lpthread'
USE_EXTERNAL_GTEST_FALSE=''
USE_EXTERNAL_GTEST_TRUE='#'
VERSION='6.2.1'
ac_ct_AR='ar'
ac_ct_CC='gcc'
ac_ct_CXX='g++'
ac_ct_DUMPBIN=''
am__EXEEXT_FALSE=''
am__EXEEXT_TRUE='#'
am__fastdepCC_FALSE='#'
am__fastdepCC_TRUE=''
am__fastdepCXX_FALSE='#'
am__fastdepCXX_TRUE=''
am__include='include'
am__isrc=''
am__leading_dot='.'
am__nodep='_no'
am__quote=''
am__tar='$${TAR-tar} chof - "$$tardir"'
am__untar='$${TAR-tar} xf -'
bindir='${exec_prefix}/bin'
build='x86_64-pc-linux-gnu'
build_alias=''
build_cpu='x86_64'
build_os='linux-gnu'
build_vendor='pc'
datadir='${datarootdir}'
datarootdir='${prefix}/share'
docdir='${datarootdir}/doc/${PACKAGE_TARNAME}'
dvidir='${docdir}'
exec_prefix='${prefix}'
host='x86_64-pc-linux-gnu'
host_alias=''
host_cpu='x86_64'
host_os='linux-gnu'
host_vendor='pc'
htmldir='${docdir}'
includedir='${prefix}/include'
infodir='${datarootdir}/info'
install_sh='${SHELL} /home/tiarnan/webmapping/geodjango/proj-6.2.1/install-sh'
libdir='${exec_prefix}/lib'
libexecdir='${exec_prefix}/libexec'
localedir='${datarootdir}/locale'
localstatedir='${prefix}/var'
mandir='${datarootdir}/man'
mkdir_p='$(MKDIR_P)'
oldincludedir='/usr/include'
pdfdir='${docdir}'
prefix='/usr/local'
program_transform_name='s,x,x,'
psdir='${docdir}'
sbindir='${exec_prefix}/sbin'
sharedstatedir='${prefix}/com'
sysconfdir='${prefix}/etc'
target_alias=''

## ----------- ##
## confdefs.h. ##
## ----------- ##

/* confdefs.h */
#define PACKAGE_NAME "PROJ"
#define PACKAGE_TARNAME "proj"
#define PACKAGE_VERSION "6.2.1"
#define PACKAGE_STRING "PROJ 6.2.1"
#define PACKAGE_BUGREPORT "https://github.com/OSGeo/PROJ/issues"
#define PACKAGE_URL "https://proj.org"
#define PACKAGE "proj"
#define VERSION "6.2.1"
#define HAVE_CXX11 1
#define STDC_HEADERS 1
#define HAVE_SYS_TYPES_H 1
#define HAVE_SYS_STAT_H 1
#define HAVE_STDLIB_H 1
#define HAVE_STRING_H 1
#define HAVE_MEMORY_H 1
#define HAVE_STRINGS_H 1
#define HAVE_INTTYPES_H 1
#define HAVE_STDINT_H 1
#define HAVE_UNISTD_H 1
#define HAVE_DLFCN_H 1
#define LT_OBJDIR ".libs/"
#define HAVE_GCC_WARNING_ZERO_AS_NULL_POINTER_CONSTANT 1
#define HAVE_LIBM 1
#define STDC_HEADERS 1
#define HAVE_LOCALECONV 1
#define HAVE_STRERROR 1
#define HAVE_LIBPTHREAD 1
#define HAVE_PTHREAD_MUTEX_RECURSIVE /**/

configure: exit 0
